{"message":"\u001b[31munhandledRejection, reason: Error: User with the specified email does not exists [object Promise]\u001b[39m","level":"\u001b[31merror\u001b[39m","timestamp":"06-06 12:56:45"}
{"error":{"diagnosticText":"\u001b[96msrc/resources/users/user.router.ts\u001b[0m:\u001b[93m27\u001b[0m:\u001b[93m5\u001b[0m - \u001b[91merror\u001b[0m\u001b[90m TS2304: \u001b[0mCannot find name 'next'.\r\n\r\n\u001b[7m27\u001b[0m     next()\r\n\u001b[7m  \u001b[0m \u001b[91m    ~~~~\u001b[0m\r\n","diagnosticCodes":[2304]},"level":"\u001b[31merror\u001b[39m","message":"\u001b[31muncaughtException: ⨯ Unable to compile TypeScript:\u001b[39m\n\u001b[31m\u001b[96msrc/resources/users/user.router.ts\u001b[0m:\u001b[93m27\u001b[0m:\u001b[93m5\u001b[0m - \u001b[91merror\u001b[0m\u001b[90m TS2304: \u001b[0mCannot find name 'next'.\u001b[39m\r\n\r\n\u001b[31m\u001b[7m27\u001b[0m     next()\u001b[39m\r\n\u001b[31m\u001b[7m  \u001b[0m \u001b[91m    ~~~~\u001b[0m\u001b[39m\r\n\n\u001b[31mTSError: ⨯ Unable to compile TypeScript:\u001b[39m\n\u001b[31m\u001b[96msrc/resources/users/user.router.ts\u001b[0m:\u001b[93m27\u001b[0m:\u001b[93m5\u001b[0m - \u001b[91merror\u001b[0m\u001b[90m TS2304: \u001b[0mCannot find name 'next'.\u001b[39m\r\n\r\n\u001b[31m\u001b[7m27\u001b[0m     next()\u001b[39m\r\n\u001b[31m\u001b[7m  \u001b[0m \u001b[91m    ~~~~\u001b[0m\u001b[39m\r\n\n\u001b[31m    at createTSError (C:\\PROJECTS\\ROLLING_SCOPES_NODE\\node_rest\\node_modules\\ts-node\\src\\index.ts:587:12)\u001b[39m\n\u001b[31m    at reportTSError (C:\\PROJECTS\\ROLLING_SCOPES_NODE\\node_rest\\node_modules\\ts-node\\src\\index.ts:591:19)\u001b[39m\n\u001b[31m    at getOutput (C:\\PROJECTS\\ROLLING_SCOPES_NODE\\node_rest\\node_modules\\ts-node\\src\\index.ts:921:36)\u001b[39m\n\u001b[31m    at Object.compile (C:\\PROJECTS\\ROLLING_SCOPES_NODE\\node_rest\\node_modules\\ts-node\\src\\index.ts:1189:32)\u001b[39m\n\u001b[31m    at Module.m._compile (C:\\PROJECTS\\ROLLING_SCOPES_NODE\\node_rest\\node_modules\\ts-node\\src\\index.ts:1295:42)\u001b[39m\n\u001b[31m    at Module._extensions..js (internal/modules/cjs/loader.js:1092:10)\u001b[39m\n\u001b[31m    at Object.require.extensions.<computed> [as .ts] (C:\\PROJECTS\\ROLLING_SCOPES_NODE\\node_rest\\node_modules\\ts-node\\src\\index.ts:1298:12)\u001b[39m\n\u001b[31m    at Module.load (internal/modules/cjs/loader.js:928:32)\u001b[39m\n\u001b[31m    at Function.Module._load (internal/modules/cjs/loader.js:769:14)\u001b[39m\n\u001b[31m    at Module.require (internal/modules/cjs/loader.js:952:19)\u001b[39m","stack":"TSError: ⨯ Unable to compile TypeScript:\n\u001b[96msrc/resources/users/user.router.ts\u001b[0m:\u001b[93m27\u001b[0m:\u001b[93m5\u001b[0m - \u001b[91merror\u001b[0m\u001b[90m TS2304: \u001b[0mCannot find name 'next'.\r\n\r\n\u001b[7m27\u001b[0m     next()\r\n\u001b[7m  \u001b[0m \u001b[91m    ~~~~\u001b[0m\r\n\n    at createTSError (C:\\PROJECTS\\ROLLING_SCOPES_NODE\\node_rest\\node_modules\\ts-node\\src\\index.ts:587:12)\n    at reportTSError (C:\\PROJECTS\\ROLLING_SCOPES_NODE\\node_rest\\node_modules\\ts-node\\src\\index.ts:591:19)\n    at getOutput (C:\\PROJECTS\\ROLLING_SCOPES_NODE\\node_rest\\node_modules\\ts-node\\src\\index.ts:921:36)\n    at Object.compile (C:\\PROJECTS\\ROLLING_SCOPES_NODE\\node_rest\\node_modules\\ts-node\\src\\index.ts:1189:32)\n    at Module.m._compile (C:\\PROJECTS\\ROLLING_SCOPES_NODE\\node_rest\\node_modules\\ts-node\\src\\index.ts:1295:42)\n    at Module._extensions..js (internal/modules/cjs/loader.js:1092:10)\n    at Object.require.extensions.<computed> [as .ts] (C:\\PROJECTS\\ROLLING_SCOPES_NODE\\node_rest\\node_modules\\ts-node\\src\\index.ts:1298:12)\n    at Module.load (internal/modules/cjs/loader.js:928:32)\n    at Function.Module._load (internal/modules/cjs/loader.js:769:14)\n    at Module.require (internal/modules/cjs/loader.js:952:19)","exception":true,"date":"Sun Jun 06 2021 13:06:45 GMT+0300 (Moscow Standard Time)","process":{"pid":6200,"uid":null,"gid":null,"cwd":"C:\\PROJECTS\\ROLLING_SCOPES_NODE\\node_rest","execPath":"C:\\Program Files\\nodejs\\node.exe","version":"v14.16.1","argv":["C:\\PROJECTS\\ROLLING_SCOPES_NODE\\node_rest\\node_modules\\ts-node\\dist\\bin.js","C:\\PROJECTS\\ROLLING_SCOPES_NODE\\node_rest\\src\\server.ts"],"memoryUsage":{"rss":184770560,"heapTotal":153595904,"heapUsed":132350512,"external":2430541,"arrayBuffers":478330}},"os":{"loadavg":[0,0,0],"uptime":3588},"trace":[{"column":12,"file":"C:\\PROJECTS\\ROLLING_SCOPES_NODE\\node_rest\\node_modules\\ts-node\\src\\index.ts","function":"createTSError","line":587,"method":null,"native":false},{"column":19,"file":"C:\\PROJECTS\\ROLLING_SCOPES_NODE\\node_rest\\node_modules\\ts-node\\src\\index.ts","function":"reportTSError","line":591,"method":null,"native":false},{"column":36,"file":"C:\\PROJECTS\\ROLLING_SCOPES_NODE\\node_rest\\node_modules\\ts-node\\src\\index.ts","function":"getOutput","line":921,"method":null,"native":false},{"column":32,"file":"C:\\PROJECTS\\ROLLING_SCOPES_NODE\\node_rest\\node_modules\\ts-node\\src\\index.ts","function":"Object.compile","line":1189,"method":"compile","native":false},{"column":42,"file":"C:\\PROJECTS\\ROLLING_SCOPES_NODE\\node_rest\\node_modules\\ts-node\\src\\index.ts","function":"Module.m._compile","line":1295,"method":"_compile","native":false},{"column":10,"file":"internal/modules/cjs/loader.js","function":"Module._extensions..js","line":1092,"method":".js","native":false},{"column":12,"file":"C:\\PROJECTS\\ROLLING_SCOPES_NODE\\node_rest\\node_modules\\ts-node\\src\\index.ts","function":"Object.require.extensions.<computed> [as .ts]","line":1298,"method":"ts]","native":false},{"column":32,"file":"internal/modules/cjs/loader.js","function":"Module.load","line":928,"method":"load","native":false},{"column":14,"file":"internal/modules/cjs/loader.js","function":"Module._load","line":769,"method":"_load","native":false},{"column":19,"file":"internal/modules/cjs/loader.js","function":"Module.require","line":952,"method":"require","native":false}],"timestamp":"06-06 13:06:45"}
{"error":{"diagnosticText":"\u001b[96msrc/resources/users/user.router.ts\u001b[0m:\u001b[93m27\u001b[0m:\u001b[93m5\u001b[0m - \u001b[91merror\u001b[0m\u001b[90m TS2304: \u001b[0mCannot find name 'next'.\r\n\r\n\u001b[7m27\u001b[0m     next();\r\n\u001b[7m  \u001b[0m \u001b[91m    ~~~~\u001b[0m\r\n","diagnosticCodes":[2304]},"level":"\u001b[31merror\u001b[39m","message":"\u001b[31muncaughtException: ⨯ Unable to compile TypeScript:\u001b[39m\n\u001b[31m\u001b[96msrc/resources/users/user.router.ts\u001b[0m:\u001b[93m27\u001b[0m:\u001b[93m5\u001b[0m - \u001b[91merror\u001b[0m\u001b[90m TS2304: \u001b[0mCannot find name 'next'.\u001b[39m\r\n\r\n\u001b[31m\u001b[7m27\u001b[0m     next();\u001b[39m\r\n\u001b[31m\u001b[7m  \u001b[0m \u001b[91m    ~~~~\u001b[0m\u001b[39m\r\n\n\u001b[31mTSError: ⨯ Unable to compile TypeScript:\u001b[39m\n\u001b[31m\u001b[96msrc/resources/users/user.router.ts\u001b[0m:\u001b[93m27\u001b[0m:\u001b[93m5\u001b[0m - \u001b[91merror\u001b[0m\u001b[90m TS2304: \u001b[0mCannot find name 'next'.\u001b[39m\r\n\r\n\u001b[31m\u001b[7m27\u001b[0m     next();\u001b[39m\r\n\u001b[31m\u001b[7m  \u001b[0m \u001b[91m    ~~~~\u001b[0m\u001b[39m\r\n\n\u001b[31m    at createTSError (C:\\PROJECTS\\ROLLING_SCOPES_NODE\\node_rest\\node_modules\\ts-node\\src\\index.ts:587:12)\u001b[39m\n\u001b[31m    at reportTSError (C:\\PROJECTS\\ROLLING_SCOPES_NODE\\node_rest\\node_modules\\ts-node\\src\\index.ts:591:19)\u001b[39m\n\u001b[31m    at getOutput (C:\\PROJECTS\\ROLLING_SCOPES_NODE\\node_rest\\node_modules\\ts-node\\src\\index.ts:921:36)\u001b[39m\n\u001b[31m    at Object.compile (C:\\PROJECTS\\ROLLING_SCOPES_NODE\\node_rest\\node_modules\\ts-node\\src\\index.ts:1189:32)\u001b[39m\n\u001b[31m    at Module.m._compile (C:\\PROJECTS\\ROLLING_SCOPES_NODE\\node_rest\\node_modules\\ts-node\\src\\index.ts:1295:42)\u001b[39m\n\u001b[31m    at Module._extensions..js (internal/modules/cjs/loader.js:1092:10)\u001b[39m\n\u001b[31m    at Object.require.extensions.<computed> [as .ts] (C:\\PROJECTS\\ROLLING_SCOPES_NODE\\node_rest\\node_modules\\ts-node\\src\\index.ts:1298:12)\u001b[39m\n\u001b[31m    at Module.load (internal/modules/cjs/loader.js:928:32)\u001b[39m\n\u001b[31m    at Function.Module._load (internal/modules/cjs/loader.js:769:14)\u001b[39m\n\u001b[31m    at Module.require (internal/modules/cjs/loader.js:952:19)\u001b[39m","stack":"TSError: ⨯ Unable to compile TypeScript:\n\u001b[96msrc/resources/users/user.router.ts\u001b[0m:\u001b[93m27\u001b[0m:\u001b[93m5\u001b[0m - \u001b[91merror\u001b[0m\u001b[90m TS2304: \u001b[0mCannot find name 'next'.\r\n\r\n\u001b[7m27\u001b[0m     next();\r\n\u001b[7m  \u001b[0m \u001b[91m    ~~~~\u001b[0m\r\n\n    at createTSError (C:\\PROJECTS\\ROLLING_SCOPES_NODE\\node_rest\\node_modules\\ts-node\\src\\index.ts:587:12)\n    at reportTSError (C:\\PROJECTS\\ROLLING_SCOPES_NODE\\node_rest\\node_modules\\ts-node\\src\\index.ts:591:19)\n    at getOutput (C:\\PROJECTS\\ROLLING_SCOPES_NODE\\node_rest\\node_modules\\ts-node\\src\\index.ts:921:36)\n    at Object.compile (C:\\PROJECTS\\ROLLING_SCOPES_NODE\\node_rest\\node_modules\\ts-node\\src\\index.ts:1189:32)\n    at Module.m._compile (C:\\PROJECTS\\ROLLING_SCOPES_NODE\\node_rest\\node_modules\\ts-node\\src\\index.ts:1295:42)\n    at Module._extensions..js (internal/modules/cjs/loader.js:1092:10)\n    at Object.require.extensions.<computed> [as .ts] (C:\\PROJECTS\\ROLLING_SCOPES_NODE\\node_rest\\node_modules\\ts-node\\src\\index.ts:1298:12)\n    at Module.load (internal/modules/cjs/loader.js:928:32)\n    at Function.Module._load (internal/modules/cjs/loader.js:769:14)\n    at Module.require (internal/modules/cjs/loader.js:952:19)","exception":true,"date":"Sun Jun 06 2021 13:06:47 GMT+0300 (Moscow Standard Time)","process":{"pid":15456,"uid":null,"gid":null,"cwd":"C:\\PROJECTS\\ROLLING_SCOPES_NODE\\node_rest","execPath":"C:\\Program Files\\nodejs\\node.exe","version":"v14.16.1","argv":["C:\\PROJECTS\\ROLLING_SCOPES_NODE\\node_rest\\node_modules\\ts-node\\dist\\bin.js","C:\\PROJECTS\\ROLLING_SCOPES_NODE\\node_rest\\src\\server.ts"],"memoryUsage":{"rss":189374464,"heapTotal":153595904,"heapUsed":132013872,"external":2409726,"arrayBuffers":457515}},"os":{"loadavg":[0,0,0],"uptime":3591},"trace":[{"column":12,"file":"C:\\PROJECTS\\ROLLING_SCOPES_NODE\\node_rest\\node_modules\\ts-node\\src\\index.ts","function":"createTSError","line":587,"method":null,"native":false},{"column":19,"file":"C:\\PROJECTS\\ROLLING_SCOPES_NODE\\node_rest\\node_modules\\ts-node\\src\\index.ts","function":"reportTSError","line":591,"method":null,"native":false},{"column":36,"file":"C:\\PROJECTS\\ROLLING_SCOPES_NODE\\node_rest\\node_modules\\ts-node\\src\\index.ts","function":"getOutput","line":921,"method":null,"native":false},{"column":32,"file":"C:\\PROJECTS\\ROLLING_SCOPES_NODE\\node_rest\\node_modules\\ts-node\\src\\index.ts","function":"Object.compile","line":1189,"method":"compile","native":false},{"column":42,"file":"C:\\PROJECTS\\ROLLING_SCOPES_NODE\\node_rest\\node_modules\\ts-node\\src\\index.ts","function":"Module.m._compile","line":1295,"method":"_compile","native":false},{"column":10,"file":"internal/modules/cjs/loader.js","function":"Module._extensions..js","line":1092,"method":".js","native":false},{"column":12,"file":"C:\\PROJECTS\\ROLLING_SCOPES_NODE\\node_rest\\node_modules\\ts-node\\src\\index.ts","function":"Object.require.extensions.<computed> [as .ts]","line":1298,"method":"ts]","native":false},{"column":32,"file":"internal/modules/cjs/loader.js","function":"Module.load","line":928,"method":"load","native":false},{"column":14,"file":"internal/modules/cjs/loader.js","function":"Module._load","line":769,"method":"_load","native":false},{"column":19,"file":"internal/modules/cjs/loader.js","function":"Module.require","line":952,"method":"require","native":false}],"timestamp":"06-06 13:06:47"}
{"error":{"diagnosticText":"\u001b[96msrc/resources/tasks/tasks.router.ts\u001b[0m:\u001b[93m3\u001b[0m:\u001b[93m1\u001b[0m - \u001b[91merror\u001b[0m\u001b[90m TS6133: \u001b[0m'CustomError' is declared but its value is never read.\r\n\r\n\u001b[7m3\u001b[0m import { CustomError } from '../../utils';\r\n\u001b[7m \u001b[0m \u001b[91m~~~~~~~~~~~~~~~~~~~~~~~~~~~~~~~~~~~~~~~~~~\u001b[0m\r\n","diagnosticCodes":[6133]},"level":"\u001b[31merror\u001b[39m","message":"\u001b[31muncaughtException: ⨯ Unable to compile TypeScript:\u001b[39m\n\u001b[31m\u001b[96msrc/resources/tasks/tasks.router.ts\u001b[0m:\u001b[93m3\u001b[0m:\u001b[93m1\u001b[0m - \u001b[91merror\u001b[0m\u001b[90m TS6133: \u001b[0m'CustomError' is declared but its value is never read.\u001b[39m\r\n\r\n\u001b[31m\u001b[7m3\u001b[0m import { CustomError } from '../../utils';\u001b[39m\r\n\u001b[31m\u001b[7m \u001b[0m \u001b[91m~~~~~~~~~~~~~~~~~~~~~~~~~~~~~~~~~~~~~~~~~~\u001b[0m\u001b[39m\r\n\n\u001b[31mTSError: ⨯ Unable to compile TypeScript:\u001b[39m\n\u001b[31m\u001b[96msrc/resources/tasks/tasks.router.ts\u001b[0m:\u001b[93m3\u001b[0m:\u001b[93m1\u001b[0m - \u001b[91merror\u001b[0m\u001b[90m TS6133: \u001b[0m'CustomError' is declared but its value is never read.\u001b[39m\r\n\r\n\u001b[31m\u001b[7m3\u001b[0m import { CustomError } from '../../utils';\u001b[39m\r\n\u001b[31m\u001b[7m \u001b[0m \u001b[91m~~~~~~~~~~~~~~~~~~~~~~~~~~~~~~~~~~~~~~~~~~\u001b[0m\u001b[39m\r\n\n\u001b[31m    at createTSError (C:\\PROJECTS\\ROLLING_SCOPES_NODE\\node_rest\\node_modules\\ts-node\\src\\index.ts:587:12)\u001b[39m\n\u001b[31m    at reportTSError (C:\\PROJECTS\\ROLLING_SCOPES_NODE\\node_rest\\node_modules\\ts-node\\src\\index.ts:591:19)\u001b[39m\n\u001b[31m    at getOutput (C:\\PROJECTS\\ROLLING_SCOPES_NODE\\node_rest\\node_modules\\ts-node\\src\\index.ts:921:36)\u001b[39m\n\u001b[31m    at Object.compile (C:\\PROJECTS\\ROLLING_SCOPES_NODE\\node_rest\\node_modules\\ts-node\\src\\index.ts:1189:32)\u001b[39m\n\u001b[31m    at Module.m._compile (C:\\PROJECTS\\ROLLING_SCOPES_NODE\\node_rest\\node_modules\\ts-node\\src\\index.ts:1295:42)\u001b[39m\n\u001b[31m    at Module._extensions..js (internal/modules/cjs/loader.js:1092:10)\u001b[39m\n\u001b[31m    at Object.require.extensions.<computed> [as .ts] (C:\\PROJECTS\\ROLLING_SCOPES_NODE\\node_rest\\node_modules\\ts-node\\src\\index.ts:1298:12)\u001b[39m\n\u001b[31m    at Module.load (internal/modules/cjs/loader.js:928:32)\u001b[39m\n\u001b[31m    at Function.Module._load (internal/modules/cjs/loader.js:769:14)\u001b[39m\n\u001b[31m    at Module.require (internal/modules/cjs/loader.js:952:19)\u001b[39m","stack":"TSError: ⨯ Unable to compile TypeScript:\n\u001b[96msrc/resources/tasks/tasks.router.ts\u001b[0m:\u001b[93m3\u001b[0m:\u001b[93m1\u001b[0m - \u001b[91merror\u001b[0m\u001b[90m TS6133: \u001b[0m'CustomError' is declared but its value is never read.\r\n\r\n\u001b[7m3\u001b[0m import { CustomError } from '../../utils';\r\n\u001b[7m \u001b[0m \u001b[91m~~~~~~~~~~~~~~~~~~~~~~~~~~~~~~~~~~~~~~~~~~\u001b[0m\r\n\n    at createTSError (C:\\PROJECTS\\ROLLING_SCOPES_NODE\\node_rest\\node_modules\\ts-node\\src\\index.ts:587:12)\n    at reportTSError (C:\\PROJECTS\\ROLLING_SCOPES_NODE\\node_rest\\node_modules\\ts-node\\src\\index.ts:591:19)\n    at getOutput (C:\\PROJECTS\\ROLLING_SCOPES_NODE\\node_rest\\node_modules\\ts-node\\src\\index.ts:921:36)\n    at Object.compile (C:\\PROJECTS\\ROLLING_SCOPES_NODE\\node_rest\\node_modules\\ts-node\\src\\index.ts:1189:32)\n    at Module.m._compile (C:\\PROJECTS\\ROLLING_SCOPES_NODE\\node_rest\\node_modules\\ts-node\\src\\index.ts:1295:42)\n    at Module._extensions..js (internal/modules/cjs/loader.js:1092:10)\n    at Object.require.extensions.<computed> [as .ts] (C:\\PROJECTS\\ROLLING_SCOPES_NODE\\node_rest\\node_modules\\ts-node\\src\\index.ts:1298:12)\n    at Module.load (internal/modules/cjs/loader.js:928:32)\n    at Function.Module._load (internal/modules/cjs/loader.js:769:14)\n    at Module.require (internal/modules/cjs/loader.js:952:19)","exception":true,"date":"Sun Jun 06 2021 13:10:09 GMT+0300 (Moscow Standard Time)","process":{"pid":8908,"uid":null,"gid":null,"cwd":"C:\\PROJECTS\\ROLLING_SCOPES_NODE\\node_rest","execPath":"C:\\Program Files\\nodejs\\node.exe","version":"v14.16.1","argv":["C:\\PROJECTS\\ROLLING_SCOPES_NODE\\node_rest\\node_modules\\ts-node\\dist\\bin.js","C:\\PROJECTS\\ROLLING_SCOPES_NODE\\node_rest\\src\\server.ts"],"memoryUsage":{"rss":192528384,"heapTotal":158580736,"heapUsed":129950432,"external":2125116,"arrayBuffers":172905}},"os":{"loadavg":[0,0,0],"uptime":3792},"trace":[{"column":12,"file":"C:\\PROJECTS\\ROLLING_SCOPES_NODE\\node_rest\\node_modules\\ts-node\\src\\index.ts","function":"createTSError","line":587,"method":null,"native":false},{"column":19,"file":"C:\\PROJECTS\\ROLLING_SCOPES_NODE\\node_rest\\node_modules\\ts-node\\src\\index.ts","function":"reportTSError","line":591,"method":null,"native":false},{"column":36,"file":"C:\\PROJECTS\\ROLLING_SCOPES_NODE\\node_rest\\node_modules\\ts-node\\src\\index.ts","function":"getOutput","line":921,"method":null,"native":false},{"column":32,"file":"C:\\PROJECTS\\ROLLING_SCOPES_NODE\\node_rest\\node_modules\\ts-node\\src\\index.ts","function":"Object.compile","line":1189,"method":"compile","native":false},{"column":42,"file":"C:\\PROJECTS\\ROLLING_SCOPES_NODE\\node_rest\\node_modules\\ts-node\\src\\index.ts","function":"Module.m._compile","line":1295,"method":"_compile","native":false},{"column":10,"file":"internal/modules/cjs/loader.js","function":"Module._extensions..js","line":1092,"method":".js","native":false},{"column":12,"file":"C:\\PROJECTS\\ROLLING_SCOPES_NODE\\node_rest\\node_modules\\ts-node\\src\\index.ts","function":"Object.require.extensions.<computed> [as .ts]","line":1298,"method":"ts]","native":false},{"column":32,"file":"internal/modules/cjs/loader.js","function":"Module.load","line":928,"method":"load","native":false},{"column":14,"file":"internal/modules/cjs/loader.js","function":"Module._load","line":769,"method":"_load","native":false},{"column":19,"file":"internal/modules/cjs/loader.js","function":"Module.require","line":952,"method":"require","native":false}],"timestamp":"06-06 13:10:09"}
{"error":{"diagnosticText":"\u001b[96msrc/resources/tasks/tasks.router.ts\u001b[0m:\u001b[93m3\u001b[0m:\u001b[93m1\u001b[0m - \u001b[91merror\u001b[0m\u001b[90m TS6133: \u001b[0m'CustomError' is declared but its value is never read.\r\n\r\n\u001b[7m3\u001b[0m import { CustomError } from '../../utils';\r\n\u001b[7m \u001b[0m \u001b[91m~~~~~~~~~~~~~~~~~~~~~~~~~~~~~~~~~~~~~~~~~~\u001b[0m\r\n","diagnosticCodes":[6133]},"level":"\u001b[31merror\u001b[39m","message":"\u001b[31muncaughtException: ⨯ Unable to compile TypeScript:\u001b[39m\n\u001b[31m\u001b[96msrc/resources/tasks/tasks.router.ts\u001b[0m:\u001b[93m3\u001b[0m:\u001b[93m1\u001b[0m - \u001b[91merror\u001b[0m\u001b[90m TS6133: \u001b[0m'CustomError' is declared but its value is never read.\u001b[39m\r\n\r\n\u001b[31m\u001b[7m3\u001b[0m import { CustomError } from '../../utils';\u001b[39m\r\n\u001b[31m\u001b[7m \u001b[0m \u001b[91m~~~~~~~~~~~~~~~~~~~~~~~~~~~~~~~~~~~~~~~~~~\u001b[0m\u001b[39m\r\n\n\u001b[31mTSError: ⨯ Unable to compile TypeScript:\u001b[39m\n\u001b[31m\u001b[96msrc/resources/tasks/tasks.router.ts\u001b[0m:\u001b[93m3\u001b[0m:\u001b[93m1\u001b[0m - \u001b[91merror\u001b[0m\u001b[90m TS6133: \u001b[0m'CustomError' is declared but its value is never read.\u001b[39m\r\n\r\n\u001b[31m\u001b[7m3\u001b[0m import { CustomError } from '../../utils';\u001b[39m\r\n\u001b[31m\u001b[7m \u001b[0m \u001b[91m~~~~~~~~~~~~~~~~~~~~~~~~~~~~~~~~~~~~~~~~~~\u001b[0m\u001b[39m\r\n\n\u001b[31m    at createTSError (C:\\PROJECTS\\ROLLING_SCOPES_NODE\\node_rest\\node_modules\\ts-node\\src\\index.ts:587:12)\u001b[39m\n\u001b[31m    at reportTSError (C:\\PROJECTS\\ROLLING_SCOPES_NODE\\node_rest\\node_modules\\ts-node\\src\\index.ts:591:19)\u001b[39m\n\u001b[31m    at getOutput (C:\\PROJECTS\\ROLLING_SCOPES_NODE\\node_rest\\node_modules\\ts-node\\src\\index.ts:921:36)\u001b[39m\n\u001b[31m    at Object.compile (C:\\PROJECTS\\ROLLING_SCOPES_NODE\\node_rest\\node_modules\\ts-node\\src\\index.ts:1189:32)\u001b[39m\n\u001b[31m    at Module.m._compile (C:\\PROJECTS\\ROLLING_SCOPES_NODE\\node_rest\\node_modules\\ts-node\\src\\index.ts:1295:42)\u001b[39m\n\u001b[31m    at Module._extensions..js (internal/modules/cjs/loader.js:1092:10)\u001b[39m\n\u001b[31m    at Object.require.extensions.<computed> [as .ts] (C:\\PROJECTS\\ROLLING_SCOPES_NODE\\node_rest\\node_modules\\ts-node\\src\\index.ts:1298:12)\u001b[39m\n\u001b[31m    at Module.load (internal/modules/cjs/loader.js:928:32)\u001b[39m\n\u001b[31m    at Function.Module._load (internal/modules/cjs/loader.js:769:14)\u001b[39m\n\u001b[31m    at Module.require (internal/modules/cjs/loader.js:952:19)\u001b[39m","stack":"TSError: ⨯ Unable to compile TypeScript:\n\u001b[96msrc/resources/tasks/tasks.router.ts\u001b[0m:\u001b[93m3\u001b[0m:\u001b[93m1\u001b[0m - \u001b[91merror\u001b[0m\u001b[90m TS6133: \u001b[0m'CustomError' is declared but its value is never read.\r\n\r\n\u001b[7m3\u001b[0m import { CustomError } from '../../utils';\r\n\u001b[7m \u001b[0m \u001b[91m~~~~~~~~~~~~~~~~~~~~~~~~~~~~~~~~~~~~~~~~~~\u001b[0m\r\n\n    at createTSError (C:\\PROJECTS\\ROLLING_SCOPES_NODE\\node_rest\\node_modules\\ts-node\\src\\index.ts:587:12)\n    at reportTSError (C:\\PROJECTS\\ROLLING_SCOPES_NODE\\node_rest\\node_modules\\ts-node\\src\\index.ts:591:19)\n    at getOutput (C:\\PROJECTS\\ROLLING_SCOPES_NODE\\node_rest\\node_modules\\ts-node\\src\\index.ts:921:36)\n    at Object.compile (C:\\PROJECTS\\ROLLING_SCOPES_NODE\\node_rest\\node_modules\\ts-node\\src\\index.ts:1189:32)\n    at Module.m._compile (C:\\PROJECTS\\ROLLING_SCOPES_NODE\\node_rest\\node_modules\\ts-node\\src\\index.ts:1295:42)\n    at Module._extensions..js (internal/modules/cjs/loader.js:1092:10)\n    at Object.require.extensions.<computed> [as .ts] (C:\\PROJECTS\\ROLLING_SCOPES_NODE\\node_rest\\node_modules\\ts-node\\src\\index.ts:1298:12)\n    at Module.load (internal/modules/cjs/loader.js:928:32)\n    at Function.Module._load (internal/modules/cjs/loader.js:769:14)\n    at Module.require (internal/modules/cjs/loader.js:952:19)","exception":true,"date":"Sun Jun 06 2021 13:10:18 GMT+0300 (Moscow Standard Time)","process":{"pid":3252,"uid":null,"gid":null,"cwd":"C:\\PROJECTS\\ROLLING_SCOPES_NODE\\node_rest","execPath":"C:\\Program Files\\nodejs\\node.exe","version":"v14.16.1","argv":["C:\\PROJECTS\\ROLLING_SCOPES_NODE\\node_rest\\node_modules\\ts-node\\dist\\bin.js","C:\\PROJECTS\\ROLLING_SCOPES_NODE\\node_rest\\src\\server.ts"],"memoryUsage":{"rss":187740160,"heapTotal":158056448,"heapUsed":130554640,"external":2125116,"arrayBuffers":172905}},"os":{"loadavg":[0,0,0],"uptime":3801},"trace":[{"column":12,"file":"C:\\PROJECTS\\ROLLING_SCOPES_NODE\\node_rest\\node_modules\\ts-node\\src\\index.ts","function":"createTSError","line":587,"method":null,"native":false},{"column":19,"file":"C:\\PROJECTS\\ROLLING_SCOPES_NODE\\node_rest\\node_modules\\ts-node\\src\\index.ts","function":"reportTSError","line":591,"method":null,"native":false},{"column":36,"file":"C:\\PROJECTS\\ROLLING_SCOPES_NODE\\node_rest\\node_modules\\ts-node\\src\\index.ts","function":"getOutput","line":921,"method":null,"native":false},{"column":32,"file":"C:\\PROJECTS\\ROLLING_SCOPES_NODE\\node_rest\\node_modules\\ts-node\\src\\index.ts","function":"Object.compile","line":1189,"method":"compile","native":false},{"column":42,"file":"C:\\PROJECTS\\ROLLING_SCOPES_NODE\\node_rest\\node_modules\\ts-node\\src\\index.ts","function":"Module.m._compile","line":1295,"method":"_compile","native":false},{"column":10,"file":"internal/modules/cjs/loader.js","function":"Module._extensions..js","line":1092,"method":".js","native":false},{"column":12,"file":"C:\\PROJECTS\\ROLLING_SCOPES_NODE\\node_rest\\node_modules\\ts-node\\src\\index.ts","function":"Object.require.extensions.<computed> [as .ts]","line":1298,"method":"ts]","native":false},{"column":32,"file":"internal/modules/cjs/loader.js","function":"Module.load","line":928,"method":"load","native":false},{"column":14,"file":"internal/modules/cjs/loader.js","function":"Module._load","line":769,"method":"_load","native":false},{"column":19,"file":"internal/modules/cjs/loader.js","function":"Module.require","line":952,"method":"require","native":false}],"timestamp":"06-06 13:10:18"}
{"error":{"diagnosticText":"\u001b[96msrc/resources/tasks/tasks.router.ts\u001b[0m:\u001b[93m3\u001b[0m:\u001b[93m1\u001b[0m - \u001b[91merror\u001b[0m\u001b[90m TS6133: \u001b[0m'CustomError' is declared but its value is never read.\r\n\r\n\u001b[7m3\u001b[0m import { CustomError } from '../../utils';\r\n\u001b[7m \u001b[0m \u001b[91m~~~~~~~~~~~~~~~~~~~~~~~~~~~~~~~~~~~~~~~~~~\u001b[0m\r\n","diagnosticCodes":[6133]},"level":"\u001b[31merror\u001b[39m","message":"\u001b[31muncaughtException: ⨯ Unable to compile TypeScript:\u001b[39m\n\u001b[31m\u001b[96msrc/resources/tasks/tasks.router.ts\u001b[0m:\u001b[93m3\u001b[0m:\u001b[93m1\u001b[0m - \u001b[91merror\u001b[0m\u001b[90m TS6133: \u001b[0m'CustomError' is declared but its value is never read.\u001b[39m\r\n\r\n\u001b[31m\u001b[7m3\u001b[0m import { CustomError } from '../../utils';\u001b[39m\r\n\u001b[31m\u001b[7m \u001b[0m \u001b[91m~~~~~~~~~~~~~~~~~~~~~~~~~~~~~~~~~~~~~~~~~~\u001b[0m\u001b[39m\r\n\n\u001b[31mTSError: ⨯ Unable to compile TypeScript:\u001b[39m\n\u001b[31m\u001b[96msrc/resources/tasks/tasks.router.ts\u001b[0m:\u001b[93m3\u001b[0m:\u001b[93m1\u001b[0m - \u001b[91merror\u001b[0m\u001b[90m TS6133: \u001b[0m'CustomError' is declared but its value is never read.\u001b[39m\r\n\r\n\u001b[31m\u001b[7m3\u001b[0m import { CustomError } from '../../utils';\u001b[39m\r\n\u001b[31m\u001b[7m \u001b[0m \u001b[91m~~~~~~~~~~~~~~~~~~~~~~~~~~~~~~~~~~~~~~~~~~\u001b[0m\u001b[39m\r\n\n\u001b[31m    at createTSError (C:\\PROJECTS\\ROLLING_SCOPES_NODE\\node_rest\\node_modules\\ts-node\\src\\index.ts:587:12)\u001b[39m\n\u001b[31m    at reportTSError (C:\\PROJECTS\\ROLLING_SCOPES_NODE\\node_rest\\node_modules\\ts-node\\src\\index.ts:591:19)\u001b[39m\n\u001b[31m    at getOutput (C:\\PROJECTS\\ROLLING_SCOPES_NODE\\node_rest\\node_modules\\ts-node\\src\\index.ts:921:36)\u001b[39m\n\u001b[31m    at Object.compile (C:\\PROJECTS\\ROLLING_SCOPES_NODE\\node_rest\\node_modules\\ts-node\\src\\index.ts:1189:32)\u001b[39m\n\u001b[31m    at Module.m._compile (C:\\PROJECTS\\ROLLING_SCOPES_NODE\\node_rest\\node_modules\\ts-node\\src\\index.ts:1295:42)\u001b[39m\n\u001b[31m    at Module._extensions..js (internal/modules/cjs/loader.js:1092:10)\u001b[39m\n\u001b[31m    at Object.require.extensions.<computed> [as .ts] (C:\\PROJECTS\\ROLLING_SCOPES_NODE\\node_rest\\node_modules\\ts-node\\src\\index.ts:1298:12)\u001b[39m\n\u001b[31m    at Module.load (internal/modules/cjs/loader.js:928:32)\u001b[39m\n\u001b[31m    at Function.Module._load (internal/modules/cjs/loader.js:769:14)\u001b[39m\n\u001b[31m    at Module.require (internal/modules/cjs/loader.js:952:19)\u001b[39m","stack":"TSError: ⨯ Unable to compile TypeScript:\n\u001b[96msrc/resources/tasks/tasks.router.ts\u001b[0m:\u001b[93m3\u001b[0m:\u001b[93m1\u001b[0m - \u001b[91merror\u001b[0m\u001b[90m TS6133: \u001b[0m'CustomError' is declared but its value is never read.\r\n\r\n\u001b[7m3\u001b[0m import { CustomError } from '../../utils';\r\n\u001b[7m \u001b[0m \u001b[91m~~~~~~~~~~~~~~~~~~~~~~~~~~~~~~~~~~~~~~~~~~\u001b[0m\r\n\n    at createTSError (C:\\PROJECTS\\ROLLING_SCOPES_NODE\\node_rest\\node_modules\\ts-node\\src\\index.ts:587:12)\n    at reportTSError (C:\\PROJECTS\\ROLLING_SCOPES_NODE\\node_rest\\node_modules\\ts-node\\src\\index.ts:591:19)\n    at getOutput (C:\\PROJECTS\\ROLLING_SCOPES_NODE\\node_rest\\node_modules\\ts-node\\src\\index.ts:921:36)\n    at Object.compile (C:\\PROJECTS\\ROLLING_SCOPES_NODE\\node_rest\\node_modules\\ts-node\\src\\index.ts:1189:32)\n    at Module.m._compile (C:\\PROJECTS\\ROLLING_SCOPES_NODE\\node_rest\\node_modules\\ts-node\\src\\index.ts:1295:42)\n    at Module._extensions..js (internal/modules/cjs/loader.js:1092:10)\n    at Object.require.extensions.<computed> [as .ts] (C:\\PROJECTS\\ROLLING_SCOPES_NODE\\node_rest\\node_modules\\ts-node\\src\\index.ts:1298:12)\n    at Module.load (internal/modules/cjs/loader.js:928:32)\n    at Function.Module._load (internal/modules/cjs/loader.js:769:14)\n    at Module.require (internal/modules/cjs/loader.js:952:19)","exception":true,"date":"Sun Jun 06 2021 13:10:21 GMT+0300 (Moscow Standard Time)","process":{"pid":17052,"uid":null,"gid":null,"cwd":"C:\\PROJECTS\\ROLLING_SCOPES_NODE\\node_rest","execPath":"C:\\Program Files\\nodejs\\node.exe","version":"v14.16.1","argv":["C:\\PROJECTS\\ROLLING_SCOPES_NODE\\node_rest\\node_modules\\ts-node\\dist\\bin.js","C:\\PROJECTS\\ROLLING_SCOPES_NODE\\node_rest\\src\\server.ts"],"memoryUsage":{"rss":189120512,"heapTotal":158318592,"heapUsed":129864256,"external":2125116,"arrayBuffers":172905}},"os":{"loadavg":[0,0,0],"uptime":3805},"trace":[{"column":12,"file":"C:\\PROJECTS\\ROLLING_SCOPES_NODE\\node_rest\\node_modules\\ts-node\\src\\index.ts","function":"createTSError","line":587,"method":null,"native":false},{"column":19,"file":"C:\\PROJECTS\\ROLLING_SCOPES_NODE\\node_rest\\node_modules\\ts-node\\src\\index.ts","function":"reportTSError","line":591,"method":null,"native":false},{"column":36,"file":"C:\\PROJECTS\\ROLLING_SCOPES_NODE\\node_rest\\node_modules\\ts-node\\src\\index.ts","function":"getOutput","line":921,"method":null,"native":false},{"column":32,"file":"C:\\PROJECTS\\ROLLING_SCOPES_NODE\\node_rest\\node_modules\\ts-node\\src\\index.ts","function":"Object.compile","line":1189,"method":"compile","native":false},{"column":42,"file":"C:\\PROJECTS\\ROLLING_SCOPES_NODE\\node_rest\\node_modules\\ts-node\\src\\index.ts","function":"Module.m._compile","line":1295,"method":"_compile","native":false},{"column":10,"file":"internal/modules/cjs/loader.js","function":"Module._extensions..js","line":1092,"method":".js","native":false},{"column":12,"file":"C:\\PROJECTS\\ROLLING_SCOPES_NODE\\node_rest\\node_modules\\ts-node\\src\\index.ts","function":"Object.require.extensions.<computed> [as .ts]","line":1298,"method":"ts]","native":false},{"column":32,"file":"internal/modules/cjs/loader.js","function":"Module.load","line":928,"method":"load","native":false},{"column":14,"file":"internal/modules/cjs/loader.js","function":"Module._load","line":769,"method":"_load","native":false},{"column":19,"file":"internal/modules/cjs/loader.js","function":"Module.require","line":952,"method":"require","native":false}],"timestamp":"06-06 13:10:21"}
{"error":{"diagnosticText":"\u001b[96msrc/resources/tasks/tasks.router.ts\u001b[0m:\u001b[93m3\u001b[0m:\u001b[93m1\u001b[0m - \u001b[91merror\u001b[0m\u001b[90m TS6133: \u001b[0m'CustomError' is declared but its value is never read.\r\n\r\n\u001b[7m3\u001b[0m import { CustomError } from '../../utils';\r\n\u001b[7m \u001b[0m \u001b[91m~~~~~~~~~~~~~~~~~~~~~~~~~~~~~~~~~~~~~~~~~~\u001b[0m\r\n","diagnosticCodes":[6133]},"level":"\u001b[31merror\u001b[39m","message":"\u001b[31muncaughtException: ⨯ Unable to compile TypeScript:\u001b[39m\n\u001b[31m\u001b[96msrc/resources/tasks/tasks.router.ts\u001b[0m:\u001b[93m3\u001b[0m:\u001b[93m1\u001b[0m - \u001b[91merror\u001b[0m\u001b[90m TS6133: \u001b[0m'CustomError' is declared but its value is never read.\u001b[39m\r\n\r\n\u001b[31m\u001b[7m3\u001b[0m import { CustomError } from '../../utils';\u001b[39m\r\n\u001b[31m\u001b[7m \u001b[0m \u001b[91m~~~~~~~~~~~~~~~~~~~~~~~~~~~~~~~~~~~~~~~~~~\u001b[0m\u001b[39m\r\n\n\u001b[31mTSError: ⨯ Unable to compile TypeScript:\u001b[39m\n\u001b[31m\u001b[96msrc/resources/tasks/tasks.router.ts\u001b[0m:\u001b[93m3\u001b[0m:\u001b[93m1\u001b[0m - \u001b[91merror\u001b[0m\u001b[90m TS6133: \u001b[0m'CustomError' is declared but its value is never read.\u001b[39m\r\n\r\n\u001b[31m\u001b[7m3\u001b[0m import { CustomError } from '../../utils';\u001b[39m\r\n\u001b[31m\u001b[7m \u001b[0m \u001b[91m~~~~~~~~~~~~~~~~~~~~~~~~~~~~~~~~~~~~~~~~~~\u001b[0m\u001b[39m\r\n\n\u001b[31m    at createTSError (C:\\PROJECTS\\ROLLING_SCOPES_NODE\\node_rest\\node_modules\\ts-node\\src\\index.ts:587:12)\u001b[39m\n\u001b[31m    at reportTSError (C:\\PROJECTS\\ROLLING_SCOPES_NODE\\node_rest\\node_modules\\ts-node\\src\\index.ts:591:19)\u001b[39m\n\u001b[31m    at getOutput (C:\\PROJECTS\\ROLLING_SCOPES_NODE\\node_rest\\node_modules\\ts-node\\src\\index.ts:921:36)\u001b[39m\n\u001b[31m    at Object.compile (C:\\PROJECTS\\ROLLING_SCOPES_NODE\\node_rest\\node_modules\\ts-node\\src\\index.ts:1189:32)\u001b[39m\n\u001b[31m    at Module.m._compile (C:\\PROJECTS\\ROLLING_SCOPES_NODE\\node_rest\\node_modules\\ts-node\\src\\index.ts:1295:42)\u001b[39m\n\u001b[31m    at Module._extensions..js (internal/modules/cjs/loader.js:1092:10)\u001b[39m\n\u001b[31m    at Object.require.extensions.<computed> [as .ts] (C:\\PROJECTS\\ROLLING_SCOPES_NODE\\node_rest\\node_modules\\ts-node\\src\\index.ts:1298:12)\u001b[39m\n\u001b[31m    at Module.load (internal/modules/cjs/loader.js:928:32)\u001b[39m\n\u001b[31m    at Function.Module._load (internal/modules/cjs/loader.js:769:14)\u001b[39m\n\u001b[31m    at Module.require (internal/modules/cjs/loader.js:952:19)\u001b[39m","stack":"TSError: ⨯ Unable to compile TypeScript:\n\u001b[96msrc/resources/tasks/tasks.router.ts\u001b[0m:\u001b[93m3\u001b[0m:\u001b[93m1\u001b[0m - \u001b[91merror\u001b[0m\u001b[90m TS6133: \u001b[0m'CustomError' is declared but its value is never read.\r\n\r\n\u001b[7m3\u001b[0m import { CustomError } from '../../utils';\r\n\u001b[7m \u001b[0m \u001b[91m~~~~~~~~~~~~~~~~~~~~~~~~~~~~~~~~~~~~~~~~~~\u001b[0m\r\n\n    at createTSError (C:\\PROJECTS\\ROLLING_SCOPES_NODE\\node_rest\\node_modules\\ts-node\\src\\index.ts:587:12)\n    at reportTSError (C:\\PROJECTS\\ROLLING_SCOPES_NODE\\node_rest\\node_modules\\ts-node\\src\\index.ts:591:19)\n    at getOutput (C:\\PROJECTS\\ROLLING_SCOPES_NODE\\node_rest\\node_modules\\ts-node\\src\\index.ts:921:36)\n    at Object.compile (C:\\PROJECTS\\ROLLING_SCOPES_NODE\\node_rest\\node_modules\\ts-node\\src\\index.ts:1189:32)\n    at Module.m._compile (C:\\PROJECTS\\ROLLING_SCOPES_NODE\\node_rest\\node_modules\\ts-node\\src\\index.ts:1295:42)\n    at Module._extensions..js (internal/modules/cjs/loader.js:1092:10)\n    at Object.require.extensions.<computed> [as .ts] (C:\\PROJECTS\\ROLLING_SCOPES_NODE\\node_rest\\node_modules\\ts-node\\src\\index.ts:1298:12)\n    at Module.load (internal/modules/cjs/loader.js:928:32)\n    at Function.Module._load (internal/modules/cjs/loader.js:769:14)\n    at Module.require (internal/modules/cjs/loader.js:952:19)","exception":true,"date":"Sun Jun 06 2021 13:10:29 GMT+0300 (Moscow Standard Time)","process":{"pid":12392,"uid":null,"gid":null,"cwd":"C:\\PROJECTS\\ROLLING_SCOPES_NODE\\node_rest","execPath":"C:\\Program Files\\nodejs\\node.exe","version":"v14.16.1","argv":["C:\\PROJECTS\\ROLLING_SCOPES_NODE\\node_rest\\node_modules\\ts-node\\dist\\bin.js","C:\\PROJECTS\\ROLLING_SCOPES_NODE\\node_rest\\src\\server.ts"],"memoryUsage":{"rss":190074880,"heapTotal":158580736,"heapUsed":129898944,"external":2125116,"arrayBuffers":172905}},"os":{"loadavg":[0,0,0],"uptime":3812},"trace":[{"column":12,"file":"C:\\PROJECTS\\ROLLING_SCOPES_NODE\\node_rest\\node_modules\\ts-node\\src\\index.ts","function":"createTSError","line":587,"method":null,"native":false},{"column":19,"file":"C:\\PROJECTS\\ROLLING_SCOPES_NODE\\node_rest\\node_modules\\ts-node\\src\\index.ts","function":"reportTSError","line":591,"method":null,"native":false},{"column":36,"file":"C:\\PROJECTS\\ROLLING_SCOPES_NODE\\node_rest\\node_modules\\ts-node\\src\\index.ts","function":"getOutput","line":921,"method":null,"native":false},{"column":32,"file":"C:\\PROJECTS\\ROLLING_SCOPES_NODE\\node_rest\\node_modules\\ts-node\\src\\index.ts","function":"Object.compile","line":1189,"method":"compile","native":false},{"column":42,"file":"C:\\PROJECTS\\ROLLING_SCOPES_NODE\\node_rest\\node_modules\\ts-node\\src\\index.ts","function":"Module.m._compile","line":1295,"method":"_compile","native":false},{"column":10,"file":"internal/modules/cjs/loader.js","function":"Module._extensions..js","line":1092,"method":".js","native":false},{"column":12,"file":"C:\\PROJECTS\\ROLLING_SCOPES_NODE\\node_rest\\node_modules\\ts-node\\src\\index.ts","function":"Object.require.extensions.<computed> [as .ts]","line":1298,"method":"ts]","native":false},{"column":32,"file":"internal/modules/cjs/loader.js","function":"Module.load","line":928,"method":"load","native":false},{"column":14,"file":"internal/modules/cjs/loader.js","function":"Module._load","line":769,"method":"_load","native":false},{"column":19,"file":"internal/modules/cjs/loader.js","function":"Module.require","line":952,"method":"require","native":false}],"timestamp":"06-06 13:10:29"}
{"error":{"diagnosticText":"\u001b[96msrc/resources/tasks/tasks.router.ts\u001b[0m:\u001b[93m3\u001b[0m:\u001b[93m1\u001b[0m - \u001b[91merror\u001b[0m\u001b[90m TS6133: \u001b[0m'CustomError' is declared but its value is never read.\r\n\r\n\u001b[7m3\u001b[0m import { CustomError } from '../../utils';\r\n\u001b[7m \u001b[0m \u001b[91m~~~~~~~~~~~~~~~~~~~~~~~~~~~~~~~~~~~~~~~~~~\u001b[0m\r\n\u001b[96msrc/resources/tasks/tasks.router.ts\u001b[0m:\u001b[93m27\u001b[0m:\u001b[93m5\u001b[0m - \u001b[91merror\u001b[0m\u001b[90m TS2304: \u001b[0mCannot find name 'next'.\r\n\r\n\u001b[7m27\u001b[0m     next();\r\n\u001b[7m  \u001b[0m \u001b[91m    ~~~~\u001b[0m\r\n","diagnosticCodes":[6133,2304]},"level":"\u001b[31merror\u001b[39m","message":"\u001b[31muncaughtException: ⨯ Unable to compile TypeScript:\u001b[39m\n\u001b[31m\u001b[96msrc/resources/tasks/tasks.router.ts\u001b[0m:\u001b[93m3\u001b[0m:\u001b[93m1\u001b[0m - \u001b[91merror\u001b[0m\u001b[90m TS6133: \u001b[0m'CustomError' is declared but its value is never read.\u001b[39m\r\n\r\n\u001b[31m\u001b[7m3\u001b[0m import { CustomError } from '../../utils';\u001b[39m\r\n\u001b[31m\u001b[7m \u001b[0m \u001b[91m~~~~~~~~~~~~~~~~~~~~~~~~~~~~~~~~~~~~~~~~~~\u001b[0m\u001b[39m\r\n\u001b[31m\u001b[96msrc/resources/tasks/tasks.router.ts\u001b[0m:\u001b[93m27\u001b[0m:\u001b[93m5\u001b[0m - \u001b[91merror\u001b[0m\u001b[90m TS2304: \u001b[0mCannot find name 'next'.\u001b[39m\r\n\r\n\u001b[31m\u001b[7m27\u001b[0m     next();\u001b[39m\r\n\u001b[31m\u001b[7m  \u001b[0m \u001b[91m    ~~~~\u001b[0m\u001b[39m\r\n\n\u001b[31mTSError: ⨯ Unable to compile TypeScript:\u001b[39m\n\u001b[31m\u001b[96msrc/resources/tasks/tasks.router.ts\u001b[0m:\u001b[93m3\u001b[0m:\u001b[93m1\u001b[0m - \u001b[91merror\u001b[0m\u001b[90m TS6133: \u001b[0m'CustomError' is declared but its value is never read.\u001b[39m\r\n\r\n\u001b[31m\u001b[7m3\u001b[0m import { CustomError } from '../../utils';\u001b[39m\r\n\u001b[31m\u001b[7m \u001b[0m \u001b[91m~~~~~~~~~~~~~~~~~~~~~~~~~~~~~~~~~~~~~~~~~~\u001b[0m\u001b[39m\r\n\u001b[31m\u001b[96msrc/resources/tasks/tasks.router.ts\u001b[0m:\u001b[93m27\u001b[0m:\u001b[93m5\u001b[0m - \u001b[91merror\u001b[0m\u001b[90m TS2304: \u001b[0mCannot find name 'next'.\u001b[39m\r\n\r\n\u001b[31m\u001b[7m27\u001b[0m     next();\u001b[39m\r\n\u001b[31m\u001b[7m  \u001b[0m \u001b[91m    ~~~~\u001b[0m\u001b[39m\r\n\n\u001b[31m    at createTSError (C:\\PROJECTS\\ROLLING_SCOPES_NODE\\node_rest\\node_modules\\ts-node\\src\\index.ts:587:12)\u001b[39m\n\u001b[31m    at reportTSError (C:\\PROJECTS\\ROLLING_SCOPES_NODE\\node_rest\\node_modules\\ts-node\\src\\index.ts:591:19)\u001b[39m\n\u001b[31m    at getOutput (C:\\PROJECTS\\ROLLING_SCOPES_NODE\\node_rest\\node_modules\\ts-node\\src\\index.ts:921:36)\u001b[39m\n\u001b[31m    at Object.compile (C:\\PROJECTS\\ROLLING_SCOPES_NODE\\node_rest\\node_modules\\ts-node\\src\\index.ts:1189:32)\u001b[39m\n\u001b[31m    at Module.m._compile (C:\\PROJECTS\\ROLLING_SCOPES_NODE\\node_rest\\node_modules\\ts-node\\src\\index.ts:1295:42)\u001b[39m\n\u001b[31m    at Module._extensions..js (internal/modules/cjs/loader.js:1092:10)\u001b[39m\n\u001b[31m    at Object.require.extensions.<computed> [as .ts] (C:\\PROJECTS\\ROLLING_SCOPES_NODE\\node_rest\\node_modules\\ts-node\\src\\index.ts:1298:12)\u001b[39m\n\u001b[31m    at Module.load (internal/modules/cjs/loader.js:928:32)\u001b[39m\n\u001b[31m    at Function.Module._load (internal/modules/cjs/loader.js:769:14)\u001b[39m\n\u001b[31m    at Module.require (internal/modules/cjs/loader.js:952:19)\u001b[39m","stack":"TSError: ⨯ Unable to compile TypeScript:\n\u001b[96msrc/resources/tasks/tasks.router.ts\u001b[0m:\u001b[93m3\u001b[0m:\u001b[93m1\u001b[0m - \u001b[91merror\u001b[0m\u001b[90m TS6133: \u001b[0m'CustomError' is declared but its value is never read.\r\n\r\n\u001b[7m3\u001b[0m import { CustomError } from '../../utils';\r\n\u001b[7m \u001b[0m \u001b[91m~~~~~~~~~~~~~~~~~~~~~~~~~~~~~~~~~~~~~~~~~~\u001b[0m\r\n\u001b[96msrc/resources/tasks/tasks.router.ts\u001b[0m:\u001b[93m27\u001b[0m:\u001b[93m5\u001b[0m - \u001b[91merror\u001b[0m\u001b[90m TS2304: \u001b[0mCannot find name 'next'.\r\n\r\n\u001b[7m27\u001b[0m     next();\r\n\u001b[7m  \u001b[0m \u001b[91m    ~~~~\u001b[0m\r\n\n    at createTSError (C:\\PROJECTS\\ROLLING_SCOPES_NODE\\node_rest\\node_modules\\ts-node\\src\\index.ts:587:12)\n    at reportTSError (C:\\PROJECTS\\ROLLING_SCOPES_NODE\\node_rest\\node_modules\\ts-node\\src\\index.ts:591:19)\n    at getOutput (C:\\PROJECTS\\ROLLING_SCOPES_NODE\\node_rest\\node_modules\\ts-node\\src\\index.ts:921:36)\n    at Object.compile (C:\\PROJECTS\\ROLLING_SCOPES_NODE\\node_rest\\node_modules\\ts-node\\src\\index.ts:1189:32)\n    at Module.m._compile (C:\\PROJECTS\\ROLLING_SCOPES_NODE\\node_rest\\node_modules\\ts-node\\src\\index.ts:1295:42)\n    at Module._extensions..js (internal/modules/cjs/loader.js:1092:10)\n    at Object.require.extensions.<computed> [as .ts] (C:\\PROJECTS\\ROLLING_SCOPES_NODE\\node_rest\\node_modules\\ts-node\\src\\index.ts:1298:12)\n    at Module.load (internal/modules/cjs/loader.js:928:32)\n    at Function.Module._load (internal/modules/cjs/loader.js:769:14)\n    at Module.require (internal/modules/cjs/loader.js:952:19)","exception":true,"date":"Sun Jun 06 2021 13:10:37 GMT+0300 (Moscow Standard Time)","process":{"pid":9896,"uid":null,"gid":null,"cwd":"C:\\PROJECTS\\ROLLING_SCOPES_NODE\\node_rest","execPath":"C:\\Program Files\\nodejs\\node.exe","version":"v14.16.1","argv":["C:\\PROJECTS\\ROLLING_SCOPES_NODE\\node_rest\\node_modules\\ts-node\\dist\\bin.js","C:\\PROJECTS\\ROLLING_SCOPES_NODE\\node_rest\\src\\server.ts"],"memoryUsage":{"rss":187998208,"heapTotal":157794304,"heapUsed":130407784,"external":2125116,"arrayBuffers":172905}},"os":{"loadavg":[0,0,0],"uptime":3821},"trace":[{"column":12,"file":"C:\\PROJECTS\\ROLLING_SCOPES_NODE\\node_rest\\node_modules\\ts-node\\src\\index.ts","function":"createTSError","line":587,"method":null,"native":false},{"column":19,"file":"C:\\PROJECTS\\ROLLING_SCOPES_NODE\\node_rest\\node_modules\\ts-node\\src\\index.ts","function":"reportTSError","line":591,"method":null,"native":false},{"column":36,"file":"C:\\PROJECTS\\ROLLING_SCOPES_NODE\\node_rest\\node_modules\\ts-node\\src\\index.ts","function":"getOutput","line":921,"method":null,"native":false},{"column":32,"file":"C:\\PROJECTS\\ROLLING_SCOPES_NODE\\node_rest\\node_modules\\ts-node\\src\\index.ts","function":"Object.compile","line":1189,"method":"compile","native":false},{"column":42,"file":"C:\\PROJECTS\\ROLLING_SCOPES_NODE\\node_rest\\node_modules\\ts-node\\src\\index.ts","function":"Module.m._compile","line":1295,"method":"_compile","native":false},{"column":10,"file":"internal/modules/cjs/loader.js","function":"Module._extensions..js","line":1092,"method":".js","native":false},{"column":12,"file":"C:\\PROJECTS\\ROLLING_SCOPES_NODE\\node_rest\\node_modules\\ts-node\\src\\index.ts","function":"Object.require.extensions.<computed> [as .ts]","line":1298,"method":"ts]","native":false},{"column":32,"file":"internal/modules/cjs/loader.js","function":"Module.load","line":928,"method":"load","native":false},{"column":14,"file":"internal/modules/cjs/loader.js","function":"Module._load","line":769,"method":"_load","native":false},{"column":19,"file":"internal/modules/cjs/loader.js","function":"Module.require","line":952,"method":"require","native":false}],"timestamp":"06-06 13:10:37"}
{"error":{"diagnosticText":"\u001b[96msrc/resources/tasks/tasks.router.ts\u001b[0m:\u001b[93m3\u001b[0m:\u001b[93m1\u001b[0m - \u001b[91merror\u001b[0m\u001b[90m TS6133: \u001b[0m'CustomError' is declared but its value is never read.\r\n\r\n\u001b[7m3\u001b[0m import { CustomError } from '../../utils';\r\n\u001b[7m \u001b[0m \u001b[91m~~~~~~~~~~~~~~~~~~~~~~~~~~~~~~~~~~~~~~~~~~\u001b[0m\r\n\u001b[96msrc/resources/tasks/tasks.router.ts\u001b[0m:\u001b[93m27\u001b[0m:\u001b[93m5\u001b[0m - \u001b[91merror\u001b[0m\u001b[90m TS2304: \u001b[0mCannot find name 'next'.\r\n\r\n\u001b[7m27\u001b[0m     next();\r\n\u001b[7m  \u001b[0m \u001b[91m    ~~~~\u001b[0m\r\n\u001b[96msrc/resources/tasks/tasks.router.ts\u001b[0m:\u001b[93m29\u001b[0m:\u001b[93m5\u001b[0m - \u001b[91merror\u001b[0m\u001b[90m TS2304: \u001b[0mCannot find name 'next'.\r\n\r\n\u001b[7m29\u001b[0m     next(error);\r\n\u001b[7m  \u001b[0m \u001b[91m    ~~~~\u001b[0m\r\n","diagnosticCodes":[6133,2304,2304]},"level":"\u001b[31merror\u001b[39m","message":"\u001b[31muncaughtException: ⨯ Unable to compile TypeScript:\u001b[39m\n\u001b[31m\u001b[96msrc/resources/tasks/tasks.router.ts\u001b[0m:\u001b[93m3\u001b[0m:\u001b[93m1\u001b[0m - \u001b[91merror\u001b[0m\u001b[90m TS6133: \u001b[0m'CustomError' is declared but its value is never read.\u001b[39m\r\n\r\n\u001b[31m\u001b[7m3\u001b[0m import { CustomError } from '../../utils';\u001b[39m\r\n\u001b[31m\u001b[7m \u001b[0m \u001b[91m~~~~~~~~~~~~~~~~~~~~~~~~~~~~~~~~~~~~~~~~~~\u001b[0m\u001b[39m\r\n\u001b[31m\u001b[96msrc/resources/tasks/tasks.router.ts\u001b[0m:\u001b[93m27\u001b[0m:\u001b[93m5\u001b[0m - \u001b[91merror\u001b[0m\u001b[90m TS2304: \u001b[0mCannot find name 'next'.\u001b[39m\r\n\r\n\u001b[31m\u001b[7m27\u001b[0m     next();\u001b[39m\r\n\u001b[31m\u001b[7m  \u001b[0m \u001b[91m    ~~~~\u001b[0m\u001b[39m\r\n\u001b[31m\u001b[96msrc/resources/tasks/tasks.router.ts\u001b[0m:\u001b[93m29\u001b[0m:\u001b[93m5\u001b[0m - \u001b[91merror\u001b[0m\u001b[90m TS2304: \u001b[0mCannot find name 'next'.\u001b[39m\r\n\r\n\u001b[31m\u001b[7m29\u001b[0m     next(error);\u001b[39m\r\n\u001b[31m\u001b[7m  \u001b[0m \u001b[91m    ~~~~\u001b[0m\u001b[39m\r\n\n\u001b[31mTSError: ⨯ Unable to compile TypeScript:\u001b[39m\n\u001b[31m\u001b[96msrc/resources/tasks/tasks.router.ts\u001b[0m:\u001b[93m3\u001b[0m:\u001b[93m1\u001b[0m - \u001b[91merror\u001b[0m\u001b[90m TS6133: \u001b[0m'CustomError' is declared but its value is never read.\u001b[39m\r\n\r\n\u001b[31m\u001b[7m3\u001b[0m import { CustomError } from '../../utils';\u001b[39m\r\n\u001b[31m\u001b[7m \u001b[0m \u001b[91m~~~~~~~~~~~~~~~~~~~~~~~~~~~~~~~~~~~~~~~~~~\u001b[0m\u001b[39m\r\n\u001b[31m\u001b[96msrc/resources/tasks/tasks.router.ts\u001b[0m:\u001b[93m27\u001b[0m:\u001b[93m5\u001b[0m - \u001b[91merror\u001b[0m\u001b[90m TS2304: \u001b[0mCannot find name 'next'.\u001b[39m\r\n\r\n\u001b[31m\u001b[7m27\u001b[0m     next();\u001b[39m\r\n\u001b[31m\u001b[7m  \u001b[0m \u001b[91m    ~~~~\u001b[0m\u001b[39m\r\n\u001b[31m\u001b[96msrc/resources/tasks/tasks.router.ts\u001b[0m:\u001b[93m29\u001b[0m:\u001b[93m5\u001b[0m - \u001b[91merror\u001b[0m\u001b[90m TS2304: \u001b[0mCannot find name 'next'.\u001b[39m\r\n\r\n\u001b[31m\u001b[7m29\u001b[0m     next(error);\u001b[39m\r\n\u001b[31m\u001b[7m  \u001b[0m \u001b[91m    ~~~~\u001b[0m\u001b[39m\r\n\n\u001b[31m    at createTSError (C:\\PROJECTS\\ROLLING_SCOPES_NODE\\node_rest\\node_modules\\ts-node\\src\\index.ts:587:12)\u001b[39m\n\u001b[31m    at reportTSError (C:\\PROJECTS\\ROLLING_SCOPES_NODE\\node_rest\\node_modules\\ts-node\\src\\index.ts:591:19)\u001b[39m\n\u001b[31m    at getOutput (C:\\PROJECTS\\ROLLING_SCOPES_NODE\\node_rest\\node_modules\\ts-node\\src\\index.ts:921:36)\u001b[39m\n\u001b[31m    at Object.compile (C:\\PROJECTS\\ROLLING_SCOPES_NODE\\node_rest\\node_modules\\ts-node\\src\\index.ts:1189:32)\u001b[39m\n\u001b[31m    at Module.m._compile (C:\\PROJECTS\\ROLLING_SCOPES_NODE\\node_rest\\node_modules\\ts-node\\src\\index.ts:1295:42)\u001b[39m\n\u001b[31m    at Module._extensions..js (internal/modules/cjs/loader.js:1092:10)\u001b[39m\n\u001b[31m    at Object.require.extensions.<computed> [as .ts] (C:\\PROJECTS\\ROLLING_SCOPES_NODE\\node_rest\\node_modules\\ts-node\\src\\index.ts:1298:12)\u001b[39m\n\u001b[31m    at Module.load (internal/modules/cjs/loader.js:928:32)\u001b[39m\n\u001b[31m    at Function.Module._load (internal/modules/cjs/loader.js:769:14)\u001b[39m\n\u001b[31m    at Module.require (internal/modules/cjs/loader.js:952:19)\u001b[39m","stack":"TSError: ⨯ Unable to compile TypeScript:\n\u001b[96msrc/resources/tasks/tasks.router.ts\u001b[0m:\u001b[93m3\u001b[0m:\u001b[93m1\u001b[0m - \u001b[91merror\u001b[0m\u001b[90m TS6133: \u001b[0m'CustomError' is declared but its value is never read.\r\n\r\n\u001b[7m3\u001b[0m import { CustomError } from '../../utils';\r\n\u001b[7m \u001b[0m \u001b[91m~~~~~~~~~~~~~~~~~~~~~~~~~~~~~~~~~~~~~~~~~~\u001b[0m\r\n\u001b[96msrc/resources/tasks/tasks.router.ts\u001b[0m:\u001b[93m27\u001b[0m:\u001b[93m5\u001b[0m - \u001b[91merror\u001b[0m\u001b[90m TS2304: \u001b[0mCannot find name 'next'.\r\n\r\n\u001b[7m27\u001b[0m     next();\r\n\u001b[7m  \u001b[0m \u001b[91m    ~~~~\u001b[0m\r\n\u001b[96msrc/resources/tasks/tasks.router.ts\u001b[0m:\u001b[93m29\u001b[0m:\u001b[93m5\u001b[0m - \u001b[91merror\u001b[0m\u001b[90m TS2304: \u001b[0mCannot find name 'next'.\r\n\r\n\u001b[7m29\u001b[0m     next(error);\r\n\u001b[7m  \u001b[0m \u001b[91m    ~~~~\u001b[0m\r\n\n    at createTSError (C:\\PROJECTS\\ROLLING_SCOPES_NODE\\node_rest\\node_modules\\ts-node\\src\\index.ts:587:12)\n    at reportTSError (C:\\PROJECTS\\ROLLING_SCOPES_NODE\\node_rest\\node_modules\\ts-node\\src\\index.ts:591:19)\n    at getOutput (C:\\PROJECTS\\ROLLING_SCOPES_NODE\\node_rest\\node_modules\\ts-node\\src\\index.ts:921:36)\n    at Object.compile (C:\\PROJECTS\\ROLLING_SCOPES_NODE\\node_rest\\node_modules\\ts-node\\src\\index.ts:1189:32)\n    at Module.m._compile (C:\\PROJECTS\\ROLLING_SCOPES_NODE\\node_rest\\node_modules\\ts-node\\src\\index.ts:1295:42)\n    at Module._extensions..js (internal/modules/cjs/loader.js:1092:10)\n    at Object.require.extensions.<computed> [as .ts] (C:\\PROJECTS\\ROLLING_SCOPES_NODE\\node_rest\\node_modules\\ts-node\\src\\index.ts:1298:12)\n    at Module.load (internal/modules/cjs/loader.js:928:32)\n    at Function.Module._load (internal/modules/cjs/loader.js:769:14)\n    at Module.require (internal/modules/cjs/loader.js:952:19)","exception":true,"date":"Sun Jun 06 2021 13:10:50 GMT+0300 (Moscow Standard Time)","process":{"pid":6132,"uid":null,"gid":null,"cwd":"C:\\PROJECTS\\ROLLING_SCOPES_NODE\\node_rest","execPath":"C:\\Program Files\\nodejs\\node.exe","version":"v14.16.1","argv":["C:\\PROJECTS\\ROLLING_SCOPES_NODE\\node_rest\\node_modules\\ts-node\\dist\\bin.js","C:\\PROJECTS\\ROLLING_SCOPES_NODE\\node_rest\\src\\server.ts"],"memoryUsage":{"rss":187392000,"heapTotal":158318592,"heapUsed":130764408,"external":2125116,"arrayBuffers":172905}},"os":{"loadavg":[0,0,0],"uptime":3833},"trace":[{"column":12,"file":"C:\\PROJECTS\\ROLLING_SCOPES_NODE\\node_rest\\node_modules\\ts-node\\src\\index.ts","function":"createTSError","line":587,"method":null,"native":false},{"column":19,"file":"C:\\PROJECTS\\ROLLING_SCOPES_NODE\\node_rest\\node_modules\\ts-node\\src\\index.ts","function":"reportTSError","line":591,"method":null,"native":false},{"column":36,"file":"C:\\PROJECTS\\ROLLING_SCOPES_NODE\\node_rest\\node_modules\\ts-node\\src\\index.ts","function":"getOutput","line":921,"method":null,"native":false},{"column":32,"file":"C:\\PROJECTS\\ROLLING_SCOPES_NODE\\node_rest\\node_modules\\ts-node\\src\\index.ts","function":"Object.compile","line":1189,"method":"compile","native":false},{"column":42,"file":"C:\\PROJECTS\\ROLLING_SCOPES_NODE\\node_rest\\node_modules\\ts-node\\src\\index.ts","function":"Module.m._compile","line":1295,"method":"_compile","native":false},{"column":10,"file":"internal/modules/cjs/loader.js","function":"Module._extensions..js","line":1092,"method":".js","native":false},{"column":12,"file":"C:\\PROJECTS\\ROLLING_SCOPES_NODE\\node_rest\\node_modules\\ts-node\\src\\index.ts","function":"Object.require.extensions.<computed> [as .ts]","line":1298,"method":"ts]","native":false},{"column":32,"file":"internal/modules/cjs/loader.js","function":"Module.load","line":928,"method":"load","native":false},{"column":14,"file":"internal/modules/cjs/loader.js","function":"Module._load","line":769,"method":"_load","native":false},{"column":19,"file":"internal/modules/cjs/loader.js","function":"Module.require","line":952,"method":"require","native":false}],"timestamp":"06-06 13:10:50"}
{"error":{"diagnosticText":"\u001b[96msrc/resources/tasks/tasks.router.ts\u001b[0m:\u001b[93m1\u001b[0m:\u001b[93m46\u001b[0m - \u001b[91merror\u001b[0m\u001b[90m TS6133: \u001b[0m'NextFunction' is declared but its value is never read.\r\n\r\n\u001b[7m1\u001b[0m import Express, { Router, Response, Request, NextFunction } from 'express';\r\n\u001b[7m \u001b[0m \u001b[91m                                             ~~~~~~~~~~~~\u001b[0m\r\n\u001b[96msrc/resources/tasks/tasks.router.ts\u001b[0m:\u001b[93m3\u001b[0m:\u001b[93m1\u001b[0m - \u001b[91merror\u001b[0m\u001b[90m TS6133: \u001b[0m'CustomError' is declared but its value is never read.\r\n\r\n\u001b[7m3\u001b[0m import { CustomError } from '../../utils';\r\n\u001b[7m \u001b[0m \u001b[91m~~~~~~~~~~~~~~~~~~~~~~~~~~~~~~~~~~~~~~~~~~\u001b[0m\r\n\u001b[96msrc/resources/tasks/tasks.router.ts\u001b[0m:\u001b[93m27\u001b[0m:\u001b[93m5\u001b[0m - \u001b[91merror\u001b[0m\u001b[90m TS2304: \u001b[0mCannot find name 'next'.\r\n\r\n\u001b[7m27\u001b[0m     next();\r\n\u001b[7m  \u001b[0m \u001b[91m    ~~~~\u001b[0m\r\n\u001b[96msrc/resources/tasks/tasks.router.ts\u001b[0m:\u001b[93m29\u001b[0m:\u001b[93m5\u001b[0m - \u001b[91merror\u001b[0m\u001b[90m TS2304: \u001b[0mCannot find name 'next'.\r\n\r\n\u001b[7m29\u001b[0m     next(error);\r\n\u001b[7m  \u001b[0m \u001b[91m    ~~~~\u001b[0m\r\n","diagnosticCodes":[6133,6133,2304,2304]},"level":"\u001b[31merror\u001b[39m","message":"\u001b[31muncaughtException: ⨯ Unable to compile TypeScript:\u001b[39m\n\u001b[31m\u001b[96msrc/resources/tasks/tasks.router.ts\u001b[0m:\u001b[93m1\u001b[0m:\u001b[93m46\u001b[0m - \u001b[91merror\u001b[0m\u001b[90m TS6133: \u001b[0m'NextFunction' is declared but its value is never read.\u001b[39m\r\n\r\n\u001b[31m\u001b[7m1\u001b[0m import Express, { Router, Response, Request, NextFunction } from 'express';\u001b[39m\r\n\u001b[31m\u001b[7m \u001b[0m \u001b[91m                                             ~~~~~~~~~~~~\u001b[0m\u001b[39m\r\n\u001b[31m\u001b[96msrc/resources/tasks/tasks.router.ts\u001b[0m:\u001b[93m3\u001b[0m:\u001b[93m1\u001b[0m - \u001b[91merror\u001b[0m\u001b[90m TS6133: \u001b[0m'CustomError' is declared but its value is never read.\u001b[39m\r\n\r\n\u001b[31m\u001b[7m3\u001b[0m import { CustomError } from '../../utils';\u001b[39m\r\n\u001b[31m\u001b[7m \u001b[0m \u001b[91m~~~~~~~~~~~~~~~~~~~~~~~~~~~~~~~~~~~~~~~~~~\u001b[0m\u001b[39m\r\n\u001b[31m\u001b[96msrc/resources/tasks/tasks.router.ts\u001b[0m:\u001b[93m27\u001b[0m:\u001b[93m5\u001b[0m - \u001b[91merror\u001b[0m\u001b[90m TS2304: \u001b[0mCannot find name 'next'.\u001b[39m\r\n\r\n\u001b[31m\u001b[7m27\u001b[0m     next();\u001b[39m\r\n\u001b[31m\u001b[7m  \u001b[0m \u001b[91m    ~~~~\u001b[0m\u001b[39m\r\n\u001b[31m\u001b[96msrc/resources/tasks/tasks.router.ts\u001b[0m:\u001b[93m29\u001b[0m:\u001b[93m5\u001b[0m - \u001b[91merror\u001b[0m\u001b[90m TS2304: \u001b[0mCannot find name 'next'.\u001b[39m\r\n\r\n\u001b[31m\u001b[7m29\u001b[0m     next(error);\u001b[39m\r\n\u001b[31m\u001b[7m  \u001b[0m \u001b[91m    ~~~~\u001b[0m\u001b[39m\r\n\n\u001b[31mTSError: ⨯ Unable to compile TypeScript:\u001b[39m\n\u001b[31m\u001b[96msrc/resources/tasks/tasks.router.ts\u001b[0m:\u001b[93m1\u001b[0m:\u001b[93m46\u001b[0m - \u001b[91merror\u001b[0m\u001b[90m TS6133: \u001b[0m'NextFunction' is declared but its value is never read.\u001b[39m\r\n\r\n\u001b[31m\u001b[7m1\u001b[0m import Express, { Router, Response, Request, NextFunction } from 'express';\u001b[39m\r\n\u001b[31m\u001b[7m \u001b[0m \u001b[91m                                             ~~~~~~~~~~~~\u001b[0m\u001b[39m\r\n\u001b[31m\u001b[96msrc/resources/tasks/tasks.router.ts\u001b[0m:\u001b[93m3\u001b[0m:\u001b[93m1\u001b[0m - \u001b[91merror\u001b[0m\u001b[90m TS6133: \u001b[0m'CustomError' is declared but its value is never read.\u001b[39m\r\n\r\n\u001b[31m\u001b[7m3\u001b[0m import { CustomError } from '../../utils';\u001b[39m\r\n\u001b[31m\u001b[7m \u001b[0m \u001b[91m~~~~~~~~~~~~~~~~~~~~~~~~~~~~~~~~~~~~~~~~~~\u001b[0m\u001b[39m\r\n\u001b[31m\u001b[96msrc/resources/tasks/tasks.router.ts\u001b[0m:\u001b[93m27\u001b[0m:\u001b[93m5\u001b[0m - \u001b[91merror\u001b[0m\u001b[90m TS2304: \u001b[0mCannot find name 'next'.\u001b[39m\r\n\r\n\u001b[31m\u001b[7m27\u001b[0m     next();\u001b[39m\r\n\u001b[31m\u001b[7m  \u001b[0m \u001b[91m    ~~~~\u001b[0m\u001b[39m\r\n\u001b[31m\u001b[96msrc/resources/tasks/tasks.router.ts\u001b[0m:\u001b[93m29\u001b[0m:\u001b[93m5\u001b[0m - \u001b[91merror\u001b[0m\u001b[90m TS2304: \u001b[0mCannot find name 'next'.\u001b[39m\r\n\r\n\u001b[31m\u001b[7m29\u001b[0m     next(error);\u001b[39m\r\n\u001b[31m\u001b[7m  \u001b[0m \u001b[91m    ~~~~\u001b[0m\u001b[39m\r\n\n\u001b[31m    at createTSError (C:\\PROJECTS\\ROLLING_SCOPES_NODE\\node_rest\\node_modules\\ts-node\\src\\index.ts:587:12)\u001b[39m\n\u001b[31m    at reportTSError (C:\\PROJECTS\\ROLLING_SCOPES_NODE\\node_rest\\node_modules\\ts-node\\src\\index.ts:591:19)\u001b[39m\n\u001b[31m    at getOutput (C:\\PROJECTS\\ROLLING_SCOPES_NODE\\node_rest\\node_modules\\ts-node\\src\\index.ts:921:36)\u001b[39m\n\u001b[31m    at Object.compile (C:\\PROJECTS\\ROLLING_SCOPES_NODE\\node_rest\\node_modules\\ts-node\\src\\index.ts:1189:32)\u001b[39m\n\u001b[31m    at Module.m._compile (C:\\PROJECTS\\ROLLING_SCOPES_NODE\\node_rest\\node_modules\\ts-node\\src\\index.ts:1295:42)\u001b[39m\n\u001b[31m    at Module._extensions..js (internal/modules/cjs/loader.js:1092:10)\u001b[39m\n\u001b[31m    at Object.require.extensions.<computed> [as .ts] (C:\\PROJECTS\\ROLLING_SCOPES_NODE\\node_rest\\node_modules\\ts-node\\src\\index.ts:1298:12)\u001b[39m\n\u001b[31m    at Module.load (internal/modules/cjs/loader.js:928:32)\u001b[39m\n\u001b[31m    at Function.Module._load (internal/modules/cjs/loader.js:769:14)\u001b[39m\n\u001b[31m    at Module.require (internal/modules/cjs/loader.js:952:19)\u001b[39m","stack":"TSError: ⨯ Unable to compile TypeScript:\n\u001b[96msrc/resources/tasks/tasks.router.ts\u001b[0m:\u001b[93m1\u001b[0m:\u001b[93m46\u001b[0m - \u001b[91merror\u001b[0m\u001b[90m TS6133: \u001b[0m'NextFunction' is declared but its value is never read.\r\n\r\n\u001b[7m1\u001b[0m import Express, { Router, Response, Request, NextFunction } from 'express';\r\n\u001b[7m \u001b[0m \u001b[91m                                             ~~~~~~~~~~~~\u001b[0m\r\n\u001b[96msrc/resources/tasks/tasks.router.ts\u001b[0m:\u001b[93m3\u001b[0m:\u001b[93m1\u001b[0m - \u001b[91merror\u001b[0m\u001b[90m TS6133: \u001b[0m'CustomError' is declared but its value is never read.\r\n\r\n\u001b[7m3\u001b[0m import { CustomError } from '../../utils';\r\n\u001b[7m \u001b[0m \u001b[91m~~~~~~~~~~~~~~~~~~~~~~~~~~~~~~~~~~~~~~~~~~\u001b[0m\r\n\u001b[96msrc/resources/tasks/tasks.router.ts\u001b[0m:\u001b[93m27\u001b[0m:\u001b[93m5\u001b[0m - \u001b[91merror\u001b[0m\u001b[90m TS2304: \u001b[0mCannot find name 'next'.\r\n\r\n\u001b[7m27\u001b[0m     next();\r\n\u001b[7m  \u001b[0m \u001b[91m    ~~~~\u001b[0m\r\n\u001b[96msrc/resources/tasks/tasks.router.ts\u001b[0m:\u001b[93m29\u001b[0m:\u001b[93m5\u001b[0m - \u001b[91merror\u001b[0m\u001b[90m TS2304: \u001b[0mCannot find name 'next'.\r\n\r\n\u001b[7m29\u001b[0m     next(error);\r\n\u001b[7m  \u001b[0m \u001b[91m    ~~~~\u001b[0m\r\n\n    at createTSError (C:\\PROJECTS\\ROLLING_SCOPES_NODE\\node_rest\\node_modules\\ts-node\\src\\index.ts:587:12)\n    at reportTSError (C:\\PROJECTS\\ROLLING_SCOPES_NODE\\node_rest\\node_modules\\ts-node\\src\\index.ts:591:19)\n    at getOutput (C:\\PROJECTS\\ROLLING_SCOPES_NODE\\node_rest\\node_modules\\ts-node\\src\\index.ts:921:36)\n    at Object.compile (C:\\PROJECTS\\ROLLING_SCOPES_NODE\\node_rest\\node_modules\\ts-node\\src\\index.ts:1189:32)\n    at Module.m._compile (C:\\PROJECTS\\ROLLING_SCOPES_NODE\\node_rest\\node_modules\\ts-node\\src\\index.ts:1295:42)\n    at Module._extensions..js (internal/modules/cjs/loader.js:1092:10)\n    at Object.require.extensions.<computed> [as .ts] (C:\\PROJECTS\\ROLLING_SCOPES_NODE\\node_rest\\node_modules\\ts-node\\src\\index.ts:1298:12)\n    at Module.load (internal/modules/cjs/loader.js:928:32)\n    at Function.Module._load (internal/modules/cjs/loader.js:769:14)\n    at Module.require (internal/modules/cjs/loader.js:952:19)","exception":true,"date":"Sun Jun 06 2021 13:11:00 GMT+0300 (Moscow Standard Time)","process":{"pid":6712,"uid":null,"gid":null,"cwd":"C:\\PROJECTS\\ROLLING_SCOPES_NODE\\node_rest","execPath":"C:\\Program Files\\nodejs\\node.exe","version":"v14.16.1","argv":["C:\\PROJECTS\\ROLLING_SCOPES_NODE\\node_rest\\node_modules\\ts-node\\dist\\bin.js","C:\\PROJECTS\\ROLLING_SCOPES_NODE\\node_rest\\src\\server.ts"],"memoryUsage":{"rss":188649472,"heapTotal":158580736,"heapUsed":130670880,"external":2125116,"arrayBuffers":172905}},"os":{"loadavg":[0,0,0],"uptime":3844},"trace":[{"column":12,"file":"C:\\PROJECTS\\ROLLING_SCOPES_NODE\\node_rest\\node_modules\\ts-node\\src\\index.ts","function":"createTSError","line":587,"method":null,"native":false},{"column":19,"file":"C:\\PROJECTS\\ROLLING_SCOPES_NODE\\node_rest\\node_modules\\ts-node\\src\\index.ts","function":"reportTSError","line":591,"method":null,"native":false},{"column":36,"file":"C:\\PROJECTS\\ROLLING_SCOPES_NODE\\node_rest\\node_modules\\ts-node\\src\\index.ts","function":"getOutput","line":921,"method":null,"native":false},{"column":32,"file":"C:\\PROJECTS\\ROLLING_SCOPES_NODE\\node_rest\\node_modules\\ts-node\\src\\index.ts","function":"Object.compile","line":1189,"method":"compile","native":false},{"column":42,"file":"C:\\PROJECTS\\ROLLING_SCOPES_NODE\\node_rest\\node_modules\\ts-node\\src\\index.ts","function":"Module.m._compile","line":1295,"method":"_compile","native":false},{"column":10,"file":"internal/modules/cjs/loader.js","function":"Module._extensions..js","line":1092,"method":".js","native":false},{"column":12,"file":"C:\\PROJECTS\\ROLLING_SCOPES_NODE\\node_rest\\node_modules\\ts-node\\src\\index.ts","function":"Object.require.extensions.<computed> [as .ts]","line":1298,"method":"ts]","native":false},{"column":32,"file":"internal/modules/cjs/loader.js","function":"Module.load","line":928,"method":"load","native":false},{"column":14,"file":"internal/modules/cjs/loader.js","function":"Module._load","line":769,"method":"_load","native":false},{"column":19,"file":"internal/modules/cjs/loader.js","function":"Module.require","line":952,"method":"require","native":false}],"timestamp":"06-06 13:11:00"}
{"error":{"diagnosticText":"\u001b[96msrc/resources/tasks/tasks.router.ts\u001b[0m:\u001b[93m1\u001b[0m:\u001b[93m46\u001b[0m - \u001b[91merror\u001b[0m\u001b[90m TS6133: \u001b[0m'NextFunction' is declared but its value is never read.\r\n\r\n\u001b[7m1\u001b[0m import Express, { Router, Response, Request, NextFunction } from 'express';\r\n\u001b[7m \u001b[0m \u001b[91m                                             ~~~~~~~~~~~~\u001b[0m\r\n\u001b[96msrc/resources/tasks/tasks.router.ts\u001b[0m:\u001b[93m3\u001b[0m:\u001b[93m1\u001b[0m - \u001b[91merror\u001b[0m\u001b[90m TS6133: \u001b[0m'CustomError' is declared but its value is never read.\r\n\r\n\u001b[7m3\u001b[0m import { CustomError } from '../../utils';\r\n\u001b[7m \u001b[0m \u001b[91m~~~~~~~~~~~~~~~~~~~~~~~~~~~~~~~~~~~~~~~~~~\u001b[0m\r\n\u001b[96msrc/resources/tasks/tasks.router.ts\u001b[0m:\u001b[93m27\u001b[0m:\u001b[93m5\u001b[0m - \u001b[91merror\u001b[0m\u001b[90m TS2304: \u001b[0mCannot find name 'next'.\r\n\r\n\u001b[7m27\u001b[0m     next();\r\n\u001b[7m  \u001b[0m \u001b[91m    ~~~~\u001b[0m\r\n\u001b[96msrc/resources/tasks/tasks.router.ts\u001b[0m:\u001b[93m29\u001b[0m:\u001b[93m5\u001b[0m - \u001b[91merror\u001b[0m\u001b[90m TS2304: \u001b[0mCannot find name 'next'.\r\n\r\n\u001b[7m29\u001b[0m     next(error);\r\n\u001b[7m  \u001b[0m \u001b[91m    ~~~~\u001b[0m\r\n","diagnosticCodes":[6133,6133,2304,2304]},"level":"\u001b[31merror\u001b[39m","message":"\u001b[31muncaughtException: ⨯ Unable to compile TypeScript:\u001b[39m\n\u001b[31m\u001b[96msrc/resources/tasks/tasks.router.ts\u001b[0m:\u001b[93m1\u001b[0m:\u001b[93m46\u001b[0m - \u001b[91merror\u001b[0m\u001b[90m TS6133: \u001b[0m'NextFunction' is declared but its value is never read.\u001b[39m\r\n\r\n\u001b[31m\u001b[7m1\u001b[0m import Express, { Router, Response, Request, NextFunction } from 'express';\u001b[39m\r\n\u001b[31m\u001b[7m \u001b[0m \u001b[91m                                             ~~~~~~~~~~~~\u001b[0m\u001b[39m\r\n\u001b[31m\u001b[96msrc/resources/tasks/tasks.router.ts\u001b[0m:\u001b[93m3\u001b[0m:\u001b[93m1\u001b[0m - \u001b[91merror\u001b[0m\u001b[90m TS6133: \u001b[0m'CustomError' is declared but its value is never read.\u001b[39m\r\n\r\n\u001b[31m\u001b[7m3\u001b[0m import { CustomError } from '../../utils';\u001b[39m\r\n\u001b[31m\u001b[7m \u001b[0m \u001b[91m~~~~~~~~~~~~~~~~~~~~~~~~~~~~~~~~~~~~~~~~~~\u001b[0m\u001b[39m\r\n\u001b[31m\u001b[96msrc/resources/tasks/tasks.router.ts\u001b[0m:\u001b[93m27\u001b[0m:\u001b[93m5\u001b[0m - \u001b[91merror\u001b[0m\u001b[90m TS2304: \u001b[0mCannot find name 'next'.\u001b[39m\r\n\r\n\u001b[31m\u001b[7m27\u001b[0m     next();\u001b[39m\r\n\u001b[31m\u001b[7m  \u001b[0m \u001b[91m    ~~~~\u001b[0m\u001b[39m\r\n\u001b[31m\u001b[96msrc/resources/tasks/tasks.router.ts\u001b[0m:\u001b[93m29\u001b[0m:\u001b[93m5\u001b[0m - \u001b[91merror\u001b[0m\u001b[90m TS2304: \u001b[0mCannot find name 'next'.\u001b[39m\r\n\r\n\u001b[31m\u001b[7m29\u001b[0m     next(error);\u001b[39m\r\n\u001b[31m\u001b[7m  \u001b[0m \u001b[91m    ~~~~\u001b[0m\u001b[39m\r\n\n\u001b[31mTSError: ⨯ Unable to compile TypeScript:\u001b[39m\n\u001b[31m\u001b[96msrc/resources/tasks/tasks.router.ts\u001b[0m:\u001b[93m1\u001b[0m:\u001b[93m46\u001b[0m - \u001b[91merror\u001b[0m\u001b[90m TS6133: \u001b[0m'NextFunction' is declared but its value is never read.\u001b[39m\r\n\r\n\u001b[31m\u001b[7m1\u001b[0m import Express, { Router, Response, Request, NextFunction } from 'express';\u001b[39m\r\n\u001b[31m\u001b[7m \u001b[0m \u001b[91m                                             ~~~~~~~~~~~~\u001b[0m\u001b[39m\r\n\u001b[31m\u001b[96msrc/resources/tasks/tasks.router.ts\u001b[0m:\u001b[93m3\u001b[0m:\u001b[93m1\u001b[0m - \u001b[91merror\u001b[0m\u001b[90m TS6133: \u001b[0m'CustomError' is declared but its value is never read.\u001b[39m\r\n\r\n\u001b[31m\u001b[7m3\u001b[0m import { CustomError } from '../../utils';\u001b[39m\r\n\u001b[31m\u001b[7m \u001b[0m \u001b[91m~~~~~~~~~~~~~~~~~~~~~~~~~~~~~~~~~~~~~~~~~~\u001b[0m\u001b[39m\r\n\u001b[31m\u001b[96msrc/resources/tasks/tasks.router.ts\u001b[0m:\u001b[93m27\u001b[0m:\u001b[93m5\u001b[0m - \u001b[91merror\u001b[0m\u001b[90m TS2304: \u001b[0mCannot find name 'next'.\u001b[39m\r\n\r\n\u001b[31m\u001b[7m27\u001b[0m     next();\u001b[39m\r\n\u001b[31m\u001b[7m  \u001b[0m \u001b[91m    ~~~~\u001b[0m\u001b[39m\r\n\u001b[31m\u001b[96msrc/resources/tasks/tasks.router.ts\u001b[0m:\u001b[93m29\u001b[0m:\u001b[93m5\u001b[0m - \u001b[91merror\u001b[0m\u001b[90m TS2304: \u001b[0mCannot find name 'next'.\u001b[39m\r\n\r\n\u001b[31m\u001b[7m29\u001b[0m     next(error);\u001b[39m\r\n\u001b[31m\u001b[7m  \u001b[0m \u001b[91m    ~~~~\u001b[0m\u001b[39m\r\n\n\u001b[31m    at createTSError (C:\\PROJECTS\\ROLLING_SCOPES_NODE\\node_rest\\node_modules\\ts-node\\src\\index.ts:587:12)\u001b[39m\n\u001b[31m    at reportTSError (C:\\PROJECTS\\ROLLING_SCOPES_NODE\\node_rest\\node_modules\\ts-node\\src\\index.ts:591:19)\u001b[39m\n\u001b[31m    at getOutput (C:\\PROJECTS\\ROLLING_SCOPES_NODE\\node_rest\\node_modules\\ts-node\\src\\index.ts:921:36)\u001b[39m\n\u001b[31m    at Object.compile (C:\\PROJECTS\\ROLLING_SCOPES_NODE\\node_rest\\node_modules\\ts-node\\src\\index.ts:1189:32)\u001b[39m\n\u001b[31m    at Module.m._compile (C:\\PROJECTS\\ROLLING_SCOPES_NODE\\node_rest\\node_modules\\ts-node\\src\\index.ts:1295:42)\u001b[39m\n\u001b[31m    at Module._extensions..js (internal/modules/cjs/loader.js:1092:10)\u001b[39m\n\u001b[31m    at Object.require.extensions.<computed> [as .ts] (C:\\PROJECTS\\ROLLING_SCOPES_NODE\\node_rest\\node_modules\\ts-node\\src\\index.ts:1298:12)\u001b[39m\n\u001b[31m    at Module.load (internal/modules/cjs/loader.js:928:32)\u001b[39m\n\u001b[31m    at Function.Module._load (internal/modules/cjs/loader.js:769:14)\u001b[39m\n\u001b[31m    at Module.require (internal/modules/cjs/loader.js:952:19)\u001b[39m","stack":"TSError: ⨯ Unable to compile TypeScript:\n\u001b[96msrc/resources/tasks/tasks.router.ts\u001b[0m:\u001b[93m1\u001b[0m:\u001b[93m46\u001b[0m - \u001b[91merror\u001b[0m\u001b[90m TS6133: \u001b[0m'NextFunction' is declared but its value is never read.\r\n\r\n\u001b[7m1\u001b[0m import Express, { Router, Response, Request, NextFunction } from 'express';\r\n\u001b[7m \u001b[0m \u001b[91m                                             ~~~~~~~~~~~~\u001b[0m\r\n\u001b[96msrc/resources/tasks/tasks.router.ts\u001b[0m:\u001b[93m3\u001b[0m:\u001b[93m1\u001b[0m - \u001b[91merror\u001b[0m\u001b[90m TS6133: \u001b[0m'CustomError' is declared but its value is never read.\r\n\r\n\u001b[7m3\u001b[0m import { CustomError } from '../../utils';\r\n\u001b[7m \u001b[0m \u001b[91m~~~~~~~~~~~~~~~~~~~~~~~~~~~~~~~~~~~~~~~~~~\u001b[0m\r\n\u001b[96msrc/resources/tasks/tasks.router.ts\u001b[0m:\u001b[93m27\u001b[0m:\u001b[93m5\u001b[0m - \u001b[91merror\u001b[0m\u001b[90m TS2304: \u001b[0mCannot find name 'next'.\r\n\r\n\u001b[7m27\u001b[0m     next();\r\n\u001b[7m  \u001b[0m \u001b[91m    ~~~~\u001b[0m\r\n\u001b[96msrc/resources/tasks/tasks.router.ts\u001b[0m:\u001b[93m29\u001b[0m:\u001b[93m5\u001b[0m - \u001b[91merror\u001b[0m\u001b[90m TS2304: \u001b[0mCannot find name 'next'.\r\n\r\n\u001b[7m29\u001b[0m     next(error);\r\n\u001b[7m  \u001b[0m \u001b[91m    ~~~~\u001b[0m\r\n\n    at createTSError (C:\\PROJECTS\\ROLLING_SCOPES_NODE\\node_rest\\node_modules\\ts-node\\src\\index.ts:587:12)\n    at reportTSError (C:\\PROJECTS\\ROLLING_SCOPES_NODE\\node_rest\\node_modules\\ts-node\\src\\index.ts:591:19)\n    at getOutput (C:\\PROJECTS\\ROLLING_SCOPES_NODE\\node_rest\\node_modules\\ts-node\\src\\index.ts:921:36)\n    at Object.compile (C:\\PROJECTS\\ROLLING_SCOPES_NODE\\node_rest\\node_modules\\ts-node\\src\\index.ts:1189:32)\n    at Module.m._compile (C:\\PROJECTS\\ROLLING_SCOPES_NODE\\node_rest\\node_modules\\ts-node\\src\\index.ts:1295:42)\n    at Module._extensions..js (internal/modules/cjs/loader.js:1092:10)\n    at Object.require.extensions.<computed> [as .ts] (C:\\PROJECTS\\ROLLING_SCOPES_NODE\\node_rest\\node_modules\\ts-node\\src\\index.ts:1298:12)\n    at Module.load (internal/modules/cjs/loader.js:928:32)\n    at Function.Module._load (internal/modules/cjs/loader.js:769:14)\n    at Module.require (internal/modules/cjs/loader.js:952:19)","exception":true,"date":"Sun Jun 06 2021 13:11:09 GMT+0300 (Moscow Standard Time)","process":{"pid":5260,"uid":null,"gid":null,"cwd":"C:\\PROJECTS\\ROLLING_SCOPES_NODE\\node_rest","execPath":"C:\\Program Files\\nodejs\\node.exe","version":"v14.16.1","argv":["C:\\PROJECTS\\ROLLING_SCOPES_NODE\\node_rest\\node_modules\\ts-node\\dist\\bin.js","C:\\PROJECTS\\ROLLING_SCOPES_NODE\\node_rest\\src\\server.ts"],"memoryUsage":{"rss":191102976,"heapTotal":158842880,"heapUsed":130088792,"external":2125116,"arrayBuffers":172905}},"os":{"loadavg":[0,0,0],"uptime":3852},"trace":[{"column":12,"file":"C:\\PROJECTS\\ROLLING_SCOPES_NODE\\node_rest\\node_modules\\ts-node\\src\\index.ts","function":"createTSError","line":587,"method":null,"native":false},{"column":19,"file":"C:\\PROJECTS\\ROLLING_SCOPES_NODE\\node_rest\\node_modules\\ts-node\\src\\index.ts","function":"reportTSError","line":591,"method":null,"native":false},{"column":36,"file":"C:\\PROJECTS\\ROLLING_SCOPES_NODE\\node_rest\\node_modules\\ts-node\\src\\index.ts","function":"getOutput","line":921,"method":null,"native":false},{"column":32,"file":"C:\\PROJECTS\\ROLLING_SCOPES_NODE\\node_rest\\node_modules\\ts-node\\src\\index.ts","function":"Object.compile","line":1189,"method":"compile","native":false},{"column":42,"file":"C:\\PROJECTS\\ROLLING_SCOPES_NODE\\node_rest\\node_modules\\ts-node\\src\\index.ts","function":"Module.m._compile","line":1295,"method":"_compile","native":false},{"column":10,"file":"internal/modules/cjs/loader.js","function":"Module._extensions..js","line":1092,"method":".js","native":false},{"column":12,"file":"C:\\PROJECTS\\ROLLING_SCOPES_NODE\\node_rest\\node_modules\\ts-node\\src\\index.ts","function":"Object.require.extensions.<computed> [as .ts]","line":1298,"method":"ts]","native":false},{"column":32,"file":"internal/modules/cjs/loader.js","function":"Module.load","line":928,"method":"load","native":false},{"column":14,"file":"internal/modules/cjs/loader.js","function":"Module._load","line":769,"method":"_load","native":false},{"column":19,"file":"internal/modules/cjs/loader.js","function":"Module.require","line":952,"method":"require","native":false}],"timestamp":"06-06 13:11:09"}
{"error":{"diagnosticText":"\u001b[96msrc/resources/tasks/tasks.router.ts\u001b[0m:\u001b[93m1\u001b[0m:\u001b[93m46\u001b[0m - \u001b[91merror\u001b[0m\u001b[90m TS6133: \u001b[0m'NextFunction' is declared but its value is never read.\r\n\r\n\u001b[7m1\u001b[0m import Express, { Router, Response, Request, NextFunction } from 'express';\r\n\u001b[7m \u001b[0m \u001b[91m                                             ~~~~~~~~~~~~\u001b[0m\r\n\u001b[96msrc/resources/tasks/tasks.router.ts\u001b[0m:\u001b[93m3\u001b[0m:\u001b[93m1\u001b[0m - \u001b[91merror\u001b[0m\u001b[90m TS6133: \u001b[0m'CustomError' is declared but its value is never read.\r\n\r\n\u001b[7m3\u001b[0m import { CustomError } from '../../utils';\r\n\u001b[7m \u001b[0m \u001b[91m~~~~~~~~~~~~~~~~~~~~~~~~~~~~~~~~~~~~~~~~~~\u001b[0m\r\n\u001b[96msrc/resources/tasks/tasks.router.ts\u001b[0m:\u001b[93m18\u001b[0m:\u001b[93m43\u001b[0m - \u001b[91merror\u001b[0m\u001b[90m TS6133: \u001b[0m'NextFunction' is declared but its value is never read.\r\n\r\n\u001b[7m18\u001b[0m router.route('/:id').get(async (req, res, NextFunction) => {\r\n\u001b[7m  \u001b[0m \u001b[91m                                          ~~~~~~~~~~~~\u001b[0m\r\n\u001b[96msrc/resources/tasks/tasks.router.ts\u001b[0m:\u001b[93m27\u001b[0m:\u001b[93m5\u001b[0m - \u001b[91merror\u001b[0m\u001b[90m TS2304: \u001b[0mCannot find name 'next'.\r\n\r\n\u001b[7m27\u001b[0m     next();\r\n\u001b[7m  \u001b[0m \u001b[91m    ~~~~\u001b[0m\r\n\u001b[96msrc/resources/tasks/tasks.router.ts\u001b[0m:\u001b[93m29\u001b[0m:\u001b[93m5\u001b[0m - \u001b[91merror\u001b[0m\u001b[90m TS2304: \u001b[0mCannot find name 'next'.\r\n\r\n\u001b[7m29\u001b[0m     next(error);\r\n\u001b[7m  \u001b[0m \u001b[91m    ~~~~\u001b[0m\r\n","diagnosticCodes":[6133,6133,6133,2304,2304]},"level":"\u001b[31merror\u001b[39m","message":"\u001b[31muncaughtException: ⨯ Unable to compile TypeScript:\u001b[39m\n\u001b[31m\u001b[96msrc/resources/tasks/tasks.router.ts\u001b[0m:\u001b[93m1\u001b[0m:\u001b[93m46\u001b[0m - \u001b[91merror\u001b[0m\u001b[90m TS6133: \u001b[0m'NextFunction' is declared but its value is never read.\u001b[39m\r\n\r\n\u001b[31m\u001b[7m1\u001b[0m import Express, { Router, Response, Request, NextFunction } from 'express';\u001b[39m\r\n\u001b[31m\u001b[7m \u001b[0m \u001b[91m                                             ~~~~~~~~~~~~\u001b[0m\u001b[39m\r\n\u001b[31m\u001b[96msrc/resources/tasks/tasks.router.ts\u001b[0m:\u001b[93m3\u001b[0m:\u001b[93m1\u001b[0m - \u001b[91merror\u001b[0m\u001b[90m TS6133: \u001b[0m'CustomError' is declared but its value is never read.\u001b[39m\r\n\r\n\u001b[31m\u001b[7m3\u001b[0m import { CustomError } from '../../utils';\u001b[39m\r\n\u001b[31m\u001b[7m \u001b[0m \u001b[91m~~~~~~~~~~~~~~~~~~~~~~~~~~~~~~~~~~~~~~~~~~\u001b[0m\u001b[39m\r\n\u001b[31m\u001b[96msrc/resources/tasks/tasks.router.ts\u001b[0m:\u001b[93m18\u001b[0m:\u001b[93m43\u001b[0m - \u001b[91merror\u001b[0m\u001b[90m TS6133: \u001b[0m'NextFunction' is declared but its value is never read.\u001b[39m\r\n\r\n\u001b[31m\u001b[7m18\u001b[0m router.route('/:id').get(async (req, res, NextFunction) => {\u001b[39m\r\n\u001b[31m\u001b[7m  \u001b[0m \u001b[91m                                          ~~~~~~~~~~~~\u001b[0m\u001b[39m\r\n\u001b[31m\u001b[96msrc/resources/tasks/tasks.router.ts\u001b[0m:\u001b[93m27\u001b[0m:\u001b[93m5\u001b[0m - \u001b[91merror\u001b[0m\u001b[90m TS2304: \u001b[0mCannot find name 'next'.\u001b[39m\r\n\r\n\u001b[31m\u001b[7m27\u001b[0m     next();\u001b[39m\r\n\u001b[31m\u001b[7m  \u001b[0m \u001b[91m    ~~~~\u001b[0m\u001b[39m\r\n\u001b[31m\u001b[96msrc/resources/tasks/tasks.router.ts\u001b[0m:\u001b[93m29\u001b[0m:\u001b[93m5\u001b[0m - \u001b[91merror\u001b[0m\u001b[90m TS2304: \u001b[0mCannot find name 'next'.\u001b[39m\r\n\r\n\u001b[31m\u001b[7m29\u001b[0m     next(error);\u001b[39m\r\n\u001b[31m\u001b[7m  \u001b[0m \u001b[91m    ~~~~\u001b[0m\u001b[39m\r\n\n\u001b[31mTSError: ⨯ Unable to compile TypeScript:\u001b[39m\n\u001b[31m\u001b[96msrc/resources/tasks/tasks.router.ts\u001b[0m:\u001b[93m1\u001b[0m:\u001b[93m46\u001b[0m - \u001b[91merror\u001b[0m\u001b[90m TS6133: \u001b[0m'NextFunction' is declared but its value is never read.\u001b[39m\r\n\r\n\u001b[31m\u001b[7m1\u001b[0m import Express, { Router, Response, Request, NextFunction } from 'express';\u001b[39m\r\n\u001b[31m\u001b[7m \u001b[0m \u001b[91m                                             ~~~~~~~~~~~~\u001b[0m\u001b[39m\r\n\u001b[31m\u001b[96msrc/resources/tasks/tasks.router.ts\u001b[0m:\u001b[93m3\u001b[0m:\u001b[93m1\u001b[0m - \u001b[91merror\u001b[0m\u001b[90m TS6133: \u001b[0m'CustomError' is declared but its value is never read.\u001b[39m\r\n\r\n\u001b[31m\u001b[7m3\u001b[0m import { CustomError } from '../../utils';\u001b[39m\r\n\u001b[31m\u001b[7m \u001b[0m \u001b[91m~~~~~~~~~~~~~~~~~~~~~~~~~~~~~~~~~~~~~~~~~~\u001b[0m\u001b[39m\r\n\u001b[31m\u001b[96msrc/resources/tasks/tasks.router.ts\u001b[0m:\u001b[93m18\u001b[0m:\u001b[93m43\u001b[0m - \u001b[91merror\u001b[0m\u001b[90m TS6133: \u001b[0m'NextFunction' is declared but its value is never read.\u001b[39m\r\n\r\n\u001b[31m\u001b[7m18\u001b[0m router.route('/:id').get(async (req, res, NextFunction) => {\u001b[39m\r\n\u001b[31m\u001b[7m  \u001b[0m \u001b[91m                                          ~~~~~~~~~~~~\u001b[0m\u001b[39m\r\n\u001b[31m\u001b[96msrc/resources/tasks/tasks.router.ts\u001b[0m:\u001b[93m27\u001b[0m:\u001b[93m5\u001b[0m - \u001b[91merror\u001b[0m\u001b[90m TS2304: \u001b[0mCannot find name 'next'.\u001b[39m\r\n\r\n\u001b[31m\u001b[7m27\u001b[0m     next();\u001b[39m\r\n\u001b[31m\u001b[7m  \u001b[0m \u001b[91m    ~~~~\u001b[0m\u001b[39m\r\n\u001b[31m\u001b[96msrc/resources/tasks/tasks.router.ts\u001b[0m:\u001b[93m29\u001b[0m:\u001b[93m5\u001b[0m - \u001b[91merror\u001b[0m\u001b[90m TS2304: \u001b[0mCannot find name 'next'.\u001b[39m\r\n\r\n\u001b[31m\u001b[7m29\u001b[0m     next(error);\u001b[39m\r\n\u001b[31m\u001b[7m  \u001b[0m \u001b[91m    ~~~~\u001b[0m\u001b[39m\r\n\n\u001b[31m    at createTSError (C:\\PROJECTS\\ROLLING_SCOPES_NODE\\node_rest\\node_modules\\ts-node\\src\\index.ts:587:12)\u001b[39m\n\u001b[31m    at reportTSError (C:\\PROJECTS\\ROLLING_SCOPES_NODE\\node_rest\\node_modules\\ts-node\\src\\index.ts:591:19)\u001b[39m\n\u001b[31m    at getOutput (C:\\PROJECTS\\ROLLING_SCOPES_NODE\\node_rest\\node_modules\\ts-node\\src\\index.ts:921:36)\u001b[39m\n\u001b[31m    at Object.compile (C:\\PROJECTS\\ROLLING_SCOPES_NODE\\node_rest\\node_modules\\ts-node\\src\\index.ts:1189:32)\u001b[39m\n\u001b[31m    at Module.m._compile (C:\\PROJECTS\\ROLLING_SCOPES_NODE\\node_rest\\node_modules\\ts-node\\src\\index.ts:1295:42)\u001b[39m\n\u001b[31m    at Module._extensions..js (internal/modules/cjs/loader.js:1092:10)\u001b[39m\n\u001b[31m    at Object.require.extensions.<computed> [as .ts] (C:\\PROJECTS\\ROLLING_SCOPES_NODE\\node_rest\\node_modules\\ts-node\\src\\index.ts:1298:12)\u001b[39m\n\u001b[31m    at Module.load (internal/modules/cjs/loader.js:928:32)\u001b[39m\n\u001b[31m    at Function.Module._load (internal/modules/cjs/loader.js:769:14)\u001b[39m\n\u001b[31m    at Module.require (internal/modules/cjs/loader.js:952:19)\u001b[39m","stack":"TSError: ⨯ Unable to compile TypeScript:\n\u001b[96msrc/resources/tasks/tasks.router.ts\u001b[0m:\u001b[93m1\u001b[0m:\u001b[93m46\u001b[0m - \u001b[91merror\u001b[0m\u001b[90m TS6133: \u001b[0m'NextFunction' is declared but its value is never read.\r\n\r\n\u001b[7m1\u001b[0m import Express, { Router, Response, Request, NextFunction } from 'express';\r\n\u001b[7m \u001b[0m \u001b[91m                                             ~~~~~~~~~~~~\u001b[0m\r\n\u001b[96msrc/resources/tasks/tasks.router.ts\u001b[0m:\u001b[93m3\u001b[0m:\u001b[93m1\u001b[0m - \u001b[91merror\u001b[0m\u001b[90m TS6133: \u001b[0m'CustomError' is declared but its value is never read.\r\n\r\n\u001b[7m3\u001b[0m import { CustomError } from '../../utils';\r\n\u001b[7m \u001b[0m \u001b[91m~~~~~~~~~~~~~~~~~~~~~~~~~~~~~~~~~~~~~~~~~~\u001b[0m\r\n\u001b[96msrc/resources/tasks/tasks.router.ts\u001b[0m:\u001b[93m18\u001b[0m:\u001b[93m43\u001b[0m - \u001b[91merror\u001b[0m\u001b[90m TS6133: \u001b[0m'NextFunction' is declared but its value is never read.\r\n\r\n\u001b[7m18\u001b[0m router.route('/:id').get(async (req, res, NextFunction) => {\r\n\u001b[7m  \u001b[0m \u001b[91m                                          ~~~~~~~~~~~~\u001b[0m\r\n\u001b[96msrc/resources/tasks/tasks.router.ts\u001b[0m:\u001b[93m27\u001b[0m:\u001b[93m5\u001b[0m - \u001b[91merror\u001b[0m\u001b[90m TS2304: \u001b[0mCannot find name 'next'.\r\n\r\n\u001b[7m27\u001b[0m     next();\r\n\u001b[7m  \u001b[0m \u001b[91m    ~~~~\u001b[0m\r\n\u001b[96msrc/resources/tasks/tasks.router.ts\u001b[0m:\u001b[93m29\u001b[0m:\u001b[93m5\u001b[0m - \u001b[91merror\u001b[0m\u001b[90m TS2304: \u001b[0mCannot find name 'next'.\r\n\r\n\u001b[7m29\u001b[0m     next(error);\r\n\u001b[7m  \u001b[0m \u001b[91m    ~~~~\u001b[0m\r\n\n    at createTSError (C:\\PROJECTS\\ROLLING_SCOPES_NODE\\node_rest\\node_modules\\ts-node\\src\\index.ts:587:12)\n    at reportTSError (C:\\PROJECTS\\ROLLING_SCOPES_NODE\\node_rest\\node_modules\\ts-node\\src\\index.ts:591:19)\n    at getOutput (C:\\PROJECTS\\ROLLING_SCOPES_NODE\\node_rest\\node_modules\\ts-node\\src\\index.ts:921:36)\n    at Object.compile (C:\\PROJECTS\\ROLLING_SCOPES_NODE\\node_rest\\node_modules\\ts-node\\src\\index.ts:1189:32)\n    at Module.m._compile (C:\\PROJECTS\\ROLLING_SCOPES_NODE\\node_rest\\node_modules\\ts-node\\src\\index.ts:1295:42)\n    at Module._extensions..js (internal/modules/cjs/loader.js:1092:10)\n    at Object.require.extensions.<computed> [as .ts] (C:\\PROJECTS\\ROLLING_SCOPES_NODE\\node_rest\\node_modules\\ts-node\\src\\index.ts:1298:12)\n    at Module.load (internal/modules/cjs/loader.js:928:32)\n    at Function.Module._load (internal/modules/cjs/loader.js:769:14)\n    at Module.require (internal/modules/cjs/loader.js:952:19)","exception":true,"date":"Sun Jun 06 2021 13:11:14 GMT+0300 (Moscow Standard Time)","process":{"pid":3396,"uid":null,"gid":null,"cwd":"C:\\PROJECTS\\ROLLING_SCOPES_NODE\\node_rest","execPath":"C:\\Program Files\\nodejs\\node.exe","version":"v14.16.1","argv":["C:\\PROJECTS\\ROLLING_SCOPES_NODE\\node_rest\\node_modules\\ts-node\\dist\\bin.js","C:\\PROJECTS\\ROLLING_SCOPES_NODE\\node_rest\\src\\server.ts"],"memoryUsage":{"rss":192458752,"heapTotal":158580736,"heapUsed":130444552,"external":2125116,"arrayBuffers":172905}},"os":{"loadavg":[0,0,0],"uptime":3858},"trace":[{"column":12,"file":"C:\\PROJECTS\\ROLLING_SCOPES_NODE\\node_rest\\node_modules\\ts-node\\src\\index.ts","function":"createTSError","line":587,"method":null,"native":false},{"column":19,"file":"C:\\PROJECTS\\ROLLING_SCOPES_NODE\\node_rest\\node_modules\\ts-node\\src\\index.ts","function":"reportTSError","line":591,"method":null,"native":false},{"column":36,"file":"C:\\PROJECTS\\ROLLING_SCOPES_NODE\\node_rest\\node_modules\\ts-node\\src\\index.ts","function":"getOutput","line":921,"method":null,"native":false},{"column":32,"file":"C:\\PROJECTS\\ROLLING_SCOPES_NODE\\node_rest\\node_modules\\ts-node\\src\\index.ts","function":"Object.compile","line":1189,"method":"compile","native":false},{"column":42,"file":"C:\\PROJECTS\\ROLLING_SCOPES_NODE\\node_rest\\node_modules\\ts-node\\src\\index.ts","function":"Module.m._compile","line":1295,"method":"_compile","native":false},{"column":10,"file":"internal/modules/cjs/loader.js","function":"Module._extensions..js","line":1092,"method":".js","native":false},{"column":12,"file":"C:\\PROJECTS\\ROLLING_SCOPES_NODE\\node_rest\\node_modules\\ts-node\\src\\index.ts","function":"Object.require.extensions.<computed> [as .ts]","line":1298,"method":"ts]","native":false},{"column":32,"file":"internal/modules/cjs/loader.js","function":"Module.load","line":928,"method":"load","native":false},{"column":14,"file":"internal/modules/cjs/loader.js","function":"Module._load","line":769,"method":"_load","native":false},{"column":19,"file":"internal/modules/cjs/loader.js","function":"Module.require","line":952,"method":"require","native":false}],"timestamp":"06-06 13:11:14"}
{"error":{"diagnosticText":"\u001b[96msrc/resources/tasks/tasks.router.ts\u001b[0m:\u001b[93m3\u001b[0m:\u001b[93m1\u001b[0m - \u001b[91merror\u001b[0m\u001b[90m TS6133: \u001b[0m'CustomError' is declared but its value is never read.\r\n\r\n\u001b[7m3\u001b[0m import { CustomError } from '../../utils';\r\n\u001b[7m \u001b[0m \u001b[91m~~~~~~~~~~~~~~~~~~~~~~~~~~~~~~~~~~~~~~~~~~\u001b[0m\r\n","diagnosticCodes":[6133]},"level":"\u001b[31merror\u001b[39m","message":"\u001b[31muncaughtException: ⨯ Unable to compile TypeScript:\u001b[39m\n\u001b[31m\u001b[96msrc/resources/tasks/tasks.router.ts\u001b[0m:\u001b[93m3\u001b[0m:\u001b[93m1\u001b[0m - \u001b[91merror\u001b[0m\u001b[90m TS6133: \u001b[0m'CustomError' is declared but its value is never read.\u001b[39m\r\n\r\n\u001b[31m\u001b[7m3\u001b[0m import { CustomError } from '../../utils';\u001b[39m\r\n\u001b[31m\u001b[7m \u001b[0m \u001b[91m~~~~~~~~~~~~~~~~~~~~~~~~~~~~~~~~~~~~~~~~~~\u001b[0m\u001b[39m\r\n\n\u001b[31mTSError: ⨯ Unable to compile TypeScript:\u001b[39m\n\u001b[31m\u001b[96msrc/resources/tasks/tasks.router.ts\u001b[0m:\u001b[93m3\u001b[0m:\u001b[93m1\u001b[0m - \u001b[91merror\u001b[0m\u001b[90m TS6133: \u001b[0m'CustomError' is declared but its value is never read.\u001b[39m\r\n\r\n\u001b[31m\u001b[7m3\u001b[0m import { CustomError } from '../../utils';\u001b[39m\r\n\u001b[31m\u001b[7m \u001b[0m \u001b[91m~~~~~~~~~~~~~~~~~~~~~~~~~~~~~~~~~~~~~~~~~~\u001b[0m\u001b[39m\r\n\n\u001b[31m    at createTSError (C:\\PROJECTS\\ROLLING_SCOPES_NODE\\node_rest\\node_modules\\ts-node\\src\\index.ts:587:12)\u001b[39m\n\u001b[31m    at reportTSError (C:\\PROJECTS\\ROLLING_SCOPES_NODE\\node_rest\\node_modules\\ts-node\\src\\index.ts:591:19)\u001b[39m\n\u001b[31m    at getOutput (C:\\PROJECTS\\ROLLING_SCOPES_NODE\\node_rest\\node_modules\\ts-node\\src\\index.ts:921:36)\u001b[39m\n\u001b[31m    at Object.compile (C:\\PROJECTS\\ROLLING_SCOPES_NODE\\node_rest\\node_modules\\ts-node\\src\\index.ts:1189:32)\u001b[39m\n\u001b[31m    at Module.m._compile (C:\\PROJECTS\\ROLLING_SCOPES_NODE\\node_rest\\node_modules\\ts-node\\src\\index.ts:1295:42)\u001b[39m\n\u001b[31m    at Module._extensions..js (internal/modules/cjs/loader.js:1092:10)\u001b[39m\n\u001b[31m    at Object.require.extensions.<computed> [as .ts] (C:\\PROJECTS\\ROLLING_SCOPES_NODE\\node_rest\\node_modules\\ts-node\\src\\index.ts:1298:12)\u001b[39m\n\u001b[31m    at Module.load (internal/modules/cjs/loader.js:928:32)\u001b[39m\n\u001b[31m    at Function.Module._load (internal/modules/cjs/loader.js:769:14)\u001b[39m\n\u001b[31m    at Module.require (internal/modules/cjs/loader.js:952:19)\u001b[39m","stack":"TSError: ⨯ Unable to compile TypeScript:\n\u001b[96msrc/resources/tasks/tasks.router.ts\u001b[0m:\u001b[93m3\u001b[0m:\u001b[93m1\u001b[0m - \u001b[91merror\u001b[0m\u001b[90m TS6133: \u001b[0m'CustomError' is declared but its value is never read.\r\n\r\n\u001b[7m3\u001b[0m import { CustomError } from '../../utils';\r\n\u001b[7m \u001b[0m \u001b[91m~~~~~~~~~~~~~~~~~~~~~~~~~~~~~~~~~~~~~~~~~~\u001b[0m\r\n\n    at createTSError (C:\\PROJECTS\\ROLLING_SCOPES_NODE\\node_rest\\node_modules\\ts-node\\src\\index.ts:587:12)\n    at reportTSError (C:\\PROJECTS\\ROLLING_SCOPES_NODE\\node_rest\\node_modules\\ts-node\\src\\index.ts:591:19)\n    at getOutput (C:\\PROJECTS\\ROLLING_SCOPES_NODE\\node_rest\\node_modules\\ts-node\\src\\index.ts:921:36)\n    at Object.compile (C:\\PROJECTS\\ROLLING_SCOPES_NODE\\node_rest\\node_modules\\ts-node\\src\\index.ts:1189:32)\n    at Module.m._compile (C:\\PROJECTS\\ROLLING_SCOPES_NODE\\node_rest\\node_modules\\ts-node\\src\\index.ts:1295:42)\n    at Module._extensions..js (internal/modules/cjs/loader.js:1092:10)\n    at Object.require.extensions.<computed> [as .ts] (C:\\PROJECTS\\ROLLING_SCOPES_NODE\\node_rest\\node_modules\\ts-node\\src\\index.ts:1298:12)\n    at Module.load (internal/modules/cjs/loader.js:928:32)\n    at Function.Module._load (internal/modules/cjs/loader.js:769:14)\n    at Module.require (internal/modules/cjs/loader.js:952:19)","exception":true,"date":"Sun Jun 06 2021 13:11:20 GMT+0300 (Moscow Standard Time)","process":{"pid":15124,"uid":null,"gid":null,"cwd":"C:\\PROJECTS\\ROLLING_SCOPES_NODE\\node_rest","execPath":"C:\\Program Files\\nodejs\\node.exe","version":"v14.16.1","argv":["C:\\PROJECTS\\ROLLING_SCOPES_NODE\\node_rest\\node_modules\\ts-node\\dist\\bin.js","C:\\PROJECTS\\ROLLING_SCOPES_NODE\\node_rest\\src\\server.ts"],"memoryUsage":{"rss":190259200,"heapTotal":158580736,"heapUsed":130378432,"external":2125116,"arrayBuffers":172905}},"os":{"loadavg":[0,0,0],"uptime":3864},"trace":[{"column":12,"file":"C:\\PROJECTS\\ROLLING_SCOPES_NODE\\node_rest\\node_modules\\ts-node\\src\\index.ts","function":"createTSError","line":587,"method":null,"native":false},{"column":19,"file":"C:\\PROJECTS\\ROLLING_SCOPES_NODE\\node_rest\\node_modules\\ts-node\\src\\index.ts","function":"reportTSError","line":591,"method":null,"native":false},{"column":36,"file":"C:\\PROJECTS\\ROLLING_SCOPES_NODE\\node_rest\\node_modules\\ts-node\\src\\index.ts","function":"getOutput","line":921,"method":null,"native":false},{"column":32,"file":"C:\\PROJECTS\\ROLLING_SCOPES_NODE\\node_rest\\node_modules\\ts-node\\src\\index.ts","function":"Object.compile","line":1189,"method":"compile","native":false},{"column":42,"file":"C:\\PROJECTS\\ROLLING_SCOPES_NODE\\node_rest\\node_modules\\ts-node\\src\\index.ts","function":"Module.m._compile","line":1295,"method":"_compile","native":false},{"column":10,"file":"internal/modules/cjs/loader.js","function":"Module._extensions..js","line":1092,"method":".js","native":false},{"column":12,"file":"C:\\PROJECTS\\ROLLING_SCOPES_NODE\\node_rest\\node_modules\\ts-node\\src\\index.ts","function":"Object.require.extensions.<computed> [as .ts]","line":1298,"method":"ts]","native":false},{"column":32,"file":"internal/modules/cjs/loader.js","function":"Module.load","line":928,"method":"load","native":false},{"column":14,"file":"internal/modules/cjs/loader.js","function":"Module._load","line":769,"method":"_load","native":false},{"column":19,"file":"internal/modules/cjs/loader.js","function":"Module.require","line":952,"method":"require","native":false}],"timestamp":"06-06 13:11:20"}
{"error":{"diagnosticText":"\u001b[96msrc/resources/boards/board.router.ts\u001b[0m:\u001b[93m4\u001b[0m:\u001b[93m1\u001b[0m - \u001b[91merror\u001b[0m\u001b[90m TS6133: \u001b[0m'CustomError' is declared but its value is never read.\r\n\r\n\u001b[7m4\u001b[0m import { CustomError } from '../../utils';\r\n\u001b[7m \u001b[0m \u001b[91m~~~~~~~~~~~~~~~~~~~~~~~~~~~~~~~~~~~~~~~~~~\u001b[0m\r\n","diagnosticCodes":[6133]},"level":"\u001b[31merror\u001b[39m","message":"\u001b[31muncaughtException: ⨯ Unable to compile TypeScript:\u001b[39m\n\u001b[31m\u001b[96msrc/resources/boards/board.router.ts\u001b[0m:\u001b[93m4\u001b[0m:\u001b[93m1\u001b[0m - \u001b[91merror\u001b[0m\u001b[90m TS6133: \u001b[0m'CustomError' is declared but its value is never read.\u001b[39m\r\n\r\n\u001b[31m\u001b[7m4\u001b[0m import { CustomError } from '../../utils';\u001b[39m\r\n\u001b[31m\u001b[7m \u001b[0m \u001b[91m~~~~~~~~~~~~~~~~~~~~~~~~~~~~~~~~~~~~~~~~~~\u001b[0m\u001b[39m\r\n\n\u001b[31mTSError: ⨯ Unable to compile TypeScript:\u001b[39m\n\u001b[31m\u001b[96msrc/resources/boards/board.router.ts\u001b[0m:\u001b[93m4\u001b[0m:\u001b[93m1\u001b[0m - \u001b[91merror\u001b[0m\u001b[90m TS6133: \u001b[0m'CustomError' is declared but its value is never read.\u001b[39m\r\n\r\n\u001b[31m\u001b[7m4\u001b[0m import { CustomError } from '../../utils';\u001b[39m\r\n\u001b[31m\u001b[7m \u001b[0m \u001b[91m~~~~~~~~~~~~~~~~~~~~~~~~~~~~~~~~~~~~~~~~~~\u001b[0m\u001b[39m\r\n\n\u001b[31m    at createTSError (C:\\PROJECTS\\ROLLING_SCOPES_NODE\\node_rest\\node_modules\\ts-node\\src\\index.ts:587:12)\u001b[39m\n\u001b[31m    at reportTSError (C:\\PROJECTS\\ROLLING_SCOPES_NODE\\node_rest\\node_modules\\ts-node\\src\\index.ts:591:19)\u001b[39m\n\u001b[31m    at getOutput (C:\\PROJECTS\\ROLLING_SCOPES_NODE\\node_rest\\node_modules\\ts-node\\src\\index.ts:921:36)\u001b[39m\n\u001b[31m    at Object.compile (C:\\PROJECTS\\ROLLING_SCOPES_NODE\\node_rest\\node_modules\\ts-node\\src\\index.ts:1189:32)\u001b[39m\n\u001b[31m    at Module.m._compile (C:\\PROJECTS\\ROLLING_SCOPES_NODE\\node_rest\\node_modules\\ts-node\\src\\index.ts:1295:42)\u001b[39m\n\u001b[31m    at Module._extensions..js (internal/modules/cjs/loader.js:1092:10)\u001b[39m\n\u001b[31m    at Object.require.extensions.<computed> [as .ts] (C:\\PROJECTS\\ROLLING_SCOPES_NODE\\node_rest\\node_modules\\ts-node\\src\\index.ts:1298:12)\u001b[39m\n\u001b[31m    at Module.load (internal/modules/cjs/loader.js:928:32)\u001b[39m\n\u001b[31m    at Function.Module._load (internal/modules/cjs/loader.js:769:14)\u001b[39m\n\u001b[31m    at Module.require (internal/modules/cjs/loader.js:952:19)\u001b[39m","stack":"TSError: ⨯ Unable to compile TypeScript:\n\u001b[96msrc/resources/boards/board.router.ts\u001b[0m:\u001b[93m4\u001b[0m:\u001b[93m1\u001b[0m - \u001b[91merror\u001b[0m\u001b[90m TS6133: \u001b[0m'CustomError' is declared but its value is never read.\r\n\r\n\u001b[7m4\u001b[0m import { CustomError } from '../../utils';\r\n\u001b[7m \u001b[0m \u001b[91m~~~~~~~~~~~~~~~~~~~~~~~~~~~~~~~~~~~~~~~~~~\u001b[0m\r\n\n    at createTSError (C:\\PROJECTS\\ROLLING_SCOPES_NODE\\node_rest\\node_modules\\ts-node\\src\\index.ts:587:12)\n    at reportTSError (C:\\PROJECTS\\ROLLING_SCOPES_NODE\\node_rest\\node_modules\\ts-node\\src\\index.ts:591:19)\n    at getOutput (C:\\PROJECTS\\ROLLING_SCOPES_NODE\\node_rest\\node_modules\\ts-node\\src\\index.ts:921:36)\n    at Object.compile (C:\\PROJECTS\\ROLLING_SCOPES_NODE\\node_rest\\node_modules\\ts-node\\src\\index.ts:1189:32)\n    at Module.m._compile (C:\\PROJECTS\\ROLLING_SCOPES_NODE\\node_rest\\node_modules\\ts-node\\src\\index.ts:1295:42)\n    at Module._extensions..js (internal/modules/cjs/loader.js:1092:10)\n    at Object.require.extensions.<computed> [as .ts] (C:\\PROJECTS\\ROLLING_SCOPES_NODE\\node_rest\\node_modules\\ts-node\\src\\index.ts:1298:12)\n    at Module.load (internal/modules/cjs/loader.js:928:32)\n    at Function.Module._load (internal/modules/cjs/loader.js:769:14)\n    at Module.require (internal/modules/cjs/loader.js:952:19)","exception":true,"date":"Sun Jun 06 2021 13:12:37 GMT+0300 (Moscow Standard Time)","process":{"pid":2784,"uid":null,"gid":null,"cwd":"C:\\PROJECTS\\ROLLING_SCOPES_NODE\\node_rest","execPath":"C:\\Program Files\\nodejs\\node.exe","version":"v14.16.1","argv":["C:\\PROJECTS\\ROLLING_SCOPES_NODE\\node_rest\\node_modules\\ts-node\\dist\\bin.js","C:\\PROJECTS\\ROLLING_SCOPES_NODE\\node_rest\\src\\server.ts"],"memoryUsage":{"rss":189964288,"heapTotal":158580736,"heapUsed":128589376,"external":2116924,"arrayBuffers":164713}},"os":{"loadavg":[0,0,0],"uptime":3940},"trace":[{"column":12,"file":"C:\\PROJECTS\\ROLLING_SCOPES_NODE\\node_rest\\node_modules\\ts-node\\src\\index.ts","function":"createTSError","line":587,"method":null,"native":false},{"column":19,"file":"C:\\PROJECTS\\ROLLING_SCOPES_NODE\\node_rest\\node_modules\\ts-node\\src\\index.ts","function":"reportTSError","line":591,"method":null,"native":false},{"column":36,"file":"C:\\PROJECTS\\ROLLING_SCOPES_NODE\\node_rest\\node_modules\\ts-node\\src\\index.ts","function":"getOutput","line":921,"method":null,"native":false},{"column":32,"file":"C:\\PROJECTS\\ROLLING_SCOPES_NODE\\node_rest\\node_modules\\ts-node\\src\\index.ts","function":"Object.compile","line":1189,"method":"compile","native":false},{"column":42,"file":"C:\\PROJECTS\\ROLLING_SCOPES_NODE\\node_rest\\node_modules\\ts-node\\src\\index.ts","function":"Module.m._compile","line":1295,"method":"_compile","native":false},{"column":10,"file":"internal/modules/cjs/loader.js","function":"Module._extensions..js","line":1092,"method":".js","native":false},{"column":12,"file":"C:\\PROJECTS\\ROLLING_SCOPES_NODE\\node_rest\\node_modules\\ts-node\\src\\index.ts","function":"Object.require.extensions.<computed> [as .ts]","line":1298,"method":"ts]","native":false},{"column":32,"file":"internal/modules/cjs/loader.js","function":"Module.load","line":928,"method":"load","native":false},{"column":14,"file":"internal/modules/cjs/loader.js","function":"Module._load","line":769,"method":"_load","native":false},{"column":19,"file":"internal/modules/cjs/loader.js","function":"Module.require","line":952,"method":"require","native":false}],"timestamp":"06-06 13:12:37"}
{"error":{"diagnosticText":"\u001b[96msrc/resources/boards/board.router.ts\u001b[0m:\u001b[93m2\u001b[0m:\u001b[93m37\u001b[0m - \u001b[91merror\u001b[0m\u001b[90m TS6133: \u001b[0m'NextFunction' is declared but its value is never read.\r\n\r\n\u001b[7m2\u001b[0m import { Router, Response, Request, NextFunction } from 'express';\r\n\u001b[7m \u001b[0m \u001b[91m                                    ~~~~~~~~~~~~\u001b[0m\r\n\u001b[96msrc/resources/boards/board.router.ts\u001b[0m:\u001b[93m4\u001b[0m:\u001b[93m1\u001b[0m - \u001b[91merror\u001b[0m\u001b[90m TS6133: \u001b[0m'CustomError' is declared but its value is never read.\r\n\r\n\u001b[7m4\u001b[0m import { CustomError } from '../../utils';\r\n\u001b[7m \u001b[0m \u001b[91m~~~~~~~~~~~~~~~~~~~~~~~~~~~~~~~~~~~~~~~~~~\u001b[0m\r\n","diagnosticCodes":[6133,6133]},"level":"\u001b[31merror\u001b[39m","message":"\u001b[31muncaughtException: ⨯ Unable to compile TypeScript:\u001b[39m\n\u001b[31m\u001b[96msrc/resources/boards/board.router.ts\u001b[0m:\u001b[93m2\u001b[0m:\u001b[93m37\u001b[0m - \u001b[91merror\u001b[0m\u001b[90m TS6133: \u001b[0m'NextFunction' is declared but its value is never read.\u001b[39m\r\n\r\n\u001b[31m\u001b[7m2\u001b[0m import { Router, Response, Request, NextFunction } from 'express';\u001b[39m\r\n\u001b[31m\u001b[7m \u001b[0m \u001b[91m                                    ~~~~~~~~~~~~\u001b[0m\u001b[39m\r\n\u001b[31m\u001b[96msrc/resources/boards/board.router.ts\u001b[0m:\u001b[93m4\u001b[0m:\u001b[93m1\u001b[0m - \u001b[91merror\u001b[0m\u001b[90m TS6133: \u001b[0m'CustomError' is declared but its value is never read.\u001b[39m\r\n\r\n\u001b[31m\u001b[7m4\u001b[0m import { CustomError } from '../../utils';\u001b[39m\r\n\u001b[31m\u001b[7m \u001b[0m \u001b[91m~~~~~~~~~~~~~~~~~~~~~~~~~~~~~~~~~~~~~~~~~~\u001b[0m\u001b[39m\r\n\n\u001b[31mTSError: ⨯ Unable to compile TypeScript:\u001b[39m\n\u001b[31m\u001b[96msrc/resources/boards/board.router.ts\u001b[0m:\u001b[93m2\u001b[0m:\u001b[93m37\u001b[0m - \u001b[91merror\u001b[0m\u001b[90m TS6133: \u001b[0m'NextFunction' is declared but its value is never read.\u001b[39m\r\n\r\n\u001b[31m\u001b[7m2\u001b[0m import { Router, Response, Request, NextFunction } from 'express';\u001b[39m\r\n\u001b[31m\u001b[7m \u001b[0m \u001b[91m                                    ~~~~~~~~~~~~\u001b[0m\u001b[39m\r\n\u001b[31m\u001b[96msrc/resources/boards/board.router.ts\u001b[0m:\u001b[93m4\u001b[0m:\u001b[93m1\u001b[0m - \u001b[91merror\u001b[0m\u001b[90m TS6133: \u001b[0m'CustomError' is declared but its value is never read.\u001b[39m\r\n\r\n\u001b[31m\u001b[7m4\u001b[0m import { CustomError } from '../../utils';\u001b[39m\r\n\u001b[31m\u001b[7m \u001b[0m \u001b[91m~~~~~~~~~~~~~~~~~~~~~~~~~~~~~~~~~~~~~~~~~~\u001b[0m\u001b[39m\r\n\n\u001b[31m    at createTSError (C:\\PROJECTS\\ROLLING_SCOPES_NODE\\node_rest\\node_modules\\ts-node\\src\\index.ts:587:12)\u001b[39m\n\u001b[31m    at reportTSError (C:\\PROJECTS\\ROLLING_SCOPES_NODE\\node_rest\\node_modules\\ts-node\\src\\index.ts:591:19)\u001b[39m\n\u001b[31m    at getOutput (C:\\PROJECTS\\ROLLING_SCOPES_NODE\\node_rest\\node_modules\\ts-node\\src\\index.ts:921:36)\u001b[39m\n\u001b[31m    at Object.compile (C:\\PROJECTS\\ROLLING_SCOPES_NODE\\node_rest\\node_modules\\ts-node\\src\\index.ts:1189:32)\u001b[39m\n\u001b[31m    at Module.m._compile (C:\\PROJECTS\\ROLLING_SCOPES_NODE\\node_rest\\node_modules\\ts-node\\src\\index.ts:1295:42)\u001b[39m\n\u001b[31m    at Module._extensions..js (internal/modules/cjs/loader.js:1092:10)\u001b[39m\n\u001b[31m    at Object.require.extensions.<computed> [as .ts] (C:\\PROJECTS\\ROLLING_SCOPES_NODE\\node_rest\\node_modules\\ts-node\\src\\index.ts:1298:12)\u001b[39m\n\u001b[31m    at Module.load (internal/modules/cjs/loader.js:928:32)\u001b[39m\n\u001b[31m    at Function.Module._load (internal/modules/cjs/loader.js:769:14)\u001b[39m\n\u001b[31m    at Module.require (internal/modules/cjs/loader.js:952:19)\u001b[39m","stack":"TSError: ⨯ Unable to compile TypeScript:\n\u001b[96msrc/resources/boards/board.router.ts\u001b[0m:\u001b[93m2\u001b[0m:\u001b[93m37\u001b[0m - \u001b[91merror\u001b[0m\u001b[90m TS6133: \u001b[0m'NextFunction' is declared but its value is never read.\r\n\r\n\u001b[7m2\u001b[0m import { Router, Response, Request, NextFunction } from 'express';\r\n\u001b[7m \u001b[0m \u001b[91m                                    ~~~~~~~~~~~~\u001b[0m\r\n\u001b[96msrc/resources/boards/board.router.ts\u001b[0m:\u001b[93m4\u001b[0m:\u001b[93m1\u001b[0m - \u001b[91merror\u001b[0m\u001b[90m TS6133: \u001b[0m'CustomError' is declared but its value is never read.\r\n\r\n\u001b[7m4\u001b[0m import { CustomError } from '../../utils';\r\n\u001b[7m \u001b[0m \u001b[91m~~~~~~~~~~~~~~~~~~~~~~~~~~~~~~~~~~~~~~~~~~\u001b[0m\r\n\n    at createTSError (C:\\PROJECTS\\ROLLING_SCOPES_NODE\\node_rest\\node_modules\\ts-node\\src\\index.ts:587:12)\n    at reportTSError (C:\\PROJECTS\\ROLLING_SCOPES_NODE\\node_rest\\node_modules\\ts-node\\src\\index.ts:591:19)\n    at getOutput (C:\\PROJECTS\\ROLLING_SCOPES_NODE\\node_rest\\node_modules\\ts-node\\src\\index.ts:921:36)\n    at Object.compile (C:\\PROJECTS\\ROLLING_SCOPES_NODE\\node_rest\\node_modules\\ts-node\\src\\index.ts:1189:32)\n    at Module.m._compile (C:\\PROJECTS\\ROLLING_SCOPES_NODE\\node_rest\\node_modules\\ts-node\\src\\index.ts:1295:42)\n    at Module._extensions..js (internal/modules/cjs/loader.js:1092:10)\n    at Object.require.extensions.<computed> [as .ts] (C:\\PROJECTS\\ROLLING_SCOPES_NODE\\node_rest\\node_modules\\ts-node\\src\\index.ts:1298:12)\n    at Module.load (internal/modules/cjs/loader.js:928:32)\n    at Function.Module._load (internal/modules/cjs/loader.js:769:14)\n    at Module.require (internal/modules/cjs/loader.js:952:19)","exception":true,"date":"Sun Jun 06 2021 13:12:44 GMT+0300 (Moscow Standard Time)","process":{"pid":7092,"uid":null,"gid":null,"cwd":"C:\\PROJECTS\\ROLLING_SCOPES_NODE\\node_rest","execPath":"C:\\Program Files\\nodejs\\node.exe","version":"v14.16.1","argv":["C:\\PROJECTS\\ROLLING_SCOPES_NODE\\node_rest\\node_modules\\ts-node\\dist\\bin.js","C:\\PROJECTS\\ROLLING_SCOPES_NODE\\node_rest\\src\\server.ts"],"memoryUsage":{"rss":188010496,"heapTotal":158580736,"heapUsed":128091256,"external":2475190,"arrayBuffers":51514}},"os":{"loadavg":[0,0,0],"uptime":3948},"trace":[{"column":12,"file":"C:\\PROJECTS\\ROLLING_SCOPES_NODE\\node_rest\\node_modules\\ts-node\\src\\index.ts","function":"createTSError","line":587,"method":null,"native":false},{"column":19,"file":"C:\\PROJECTS\\ROLLING_SCOPES_NODE\\node_rest\\node_modules\\ts-node\\src\\index.ts","function":"reportTSError","line":591,"method":null,"native":false},{"column":36,"file":"C:\\PROJECTS\\ROLLING_SCOPES_NODE\\node_rest\\node_modules\\ts-node\\src\\index.ts","function":"getOutput","line":921,"method":null,"native":false},{"column":32,"file":"C:\\PROJECTS\\ROLLING_SCOPES_NODE\\node_rest\\node_modules\\ts-node\\src\\index.ts","function":"Object.compile","line":1189,"method":"compile","native":false},{"column":42,"file":"C:\\PROJECTS\\ROLLING_SCOPES_NODE\\node_rest\\node_modules\\ts-node\\src\\index.ts","function":"Module.m._compile","line":1295,"method":"_compile","native":false},{"column":10,"file":"internal/modules/cjs/loader.js","function":"Module._extensions..js","line":1092,"method":".js","native":false},{"column":12,"file":"C:\\PROJECTS\\ROLLING_SCOPES_NODE\\node_rest\\node_modules\\ts-node\\src\\index.ts","function":"Object.require.extensions.<computed> [as .ts]","line":1298,"method":"ts]","native":false},{"column":32,"file":"internal/modules/cjs/loader.js","function":"Module.load","line":928,"method":"load","native":false},{"column":14,"file":"internal/modules/cjs/loader.js","function":"Module._load","line":769,"method":"_load","native":false},{"column":19,"file":"internal/modules/cjs/loader.js","function":"Module.require","line":952,"method":"require","native":false}],"timestamp":"06-06 13:12:44"}
{"error":{"diagnosticText":"\u001b[96msrc/resources/boards/board.router.ts\u001b[0m:\u001b[93m2\u001b[0m:\u001b[93m37\u001b[0m - \u001b[91merror\u001b[0m\u001b[90m TS6133: \u001b[0m'NextFunction' is declared but its value is never read.\r\n\r\n\u001b[7m2\u001b[0m import { Router, Response, Request, NextFunction } from 'express';\r\n\u001b[7m \u001b[0m \u001b[91m                                    ~~~~~~~~~~~~\u001b[0m\r\n\u001b[96msrc/resources/boards/board.router.ts\u001b[0m:\u001b[93m4\u001b[0m:\u001b[93m1\u001b[0m - \u001b[91merror\u001b[0m\u001b[90m TS6133: \u001b[0m'CustomError' is declared but its value is never read.\r\n\r\n\u001b[7m4\u001b[0m import { CustomError } from '../../utils';\r\n\u001b[7m \u001b[0m \u001b[91m~~~~~~~~~~~~~~~~~~~~~~~~~~~~~~~~~~~~~~~~~~\u001b[0m\r\n\u001b[96msrc/resources/boards/board.router.ts\u001b[0m:\u001b[93m19\u001b[0m:\u001b[93m43\u001b[0m - \u001b[91merror\u001b[0m\u001b[90m TS6133: \u001b[0m'NextFunction' is declared but its value is never read.\r\n\r\n\u001b[7m19\u001b[0m router.route('/:id').get(async (req, res, NextFunction) => {\r\n\u001b[7m  \u001b[0m \u001b[91m                                          ~~~~~~~~~~~~\u001b[0m\r\n","diagnosticCodes":[6133,6133,6133]},"level":"\u001b[31merror\u001b[39m","message":"\u001b[31muncaughtException: ⨯ Unable to compile TypeScript:\u001b[39m\n\u001b[31m\u001b[96msrc/resources/boards/board.router.ts\u001b[0m:\u001b[93m2\u001b[0m:\u001b[93m37\u001b[0m - \u001b[91merror\u001b[0m\u001b[90m TS6133: \u001b[0m'NextFunction' is declared but its value is never read.\u001b[39m\r\n\r\n\u001b[31m\u001b[7m2\u001b[0m import { Router, Response, Request, NextFunction } from 'express';\u001b[39m\r\n\u001b[31m\u001b[7m \u001b[0m \u001b[91m                                    ~~~~~~~~~~~~\u001b[0m\u001b[39m\r\n\u001b[31m\u001b[96msrc/resources/boards/board.router.ts\u001b[0m:\u001b[93m4\u001b[0m:\u001b[93m1\u001b[0m - \u001b[91merror\u001b[0m\u001b[90m TS6133: \u001b[0m'CustomError' is declared but its value is never read.\u001b[39m\r\n\r\n\u001b[31m\u001b[7m4\u001b[0m import { CustomError } from '../../utils';\u001b[39m\r\n\u001b[31m\u001b[7m \u001b[0m \u001b[91m~~~~~~~~~~~~~~~~~~~~~~~~~~~~~~~~~~~~~~~~~~\u001b[0m\u001b[39m\r\n\u001b[31m\u001b[96msrc/resources/boards/board.router.ts\u001b[0m:\u001b[93m19\u001b[0m:\u001b[93m43\u001b[0m - \u001b[91merror\u001b[0m\u001b[90m TS6133: \u001b[0m'NextFunction' is declared but its value is never read.\u001b[39m\r\n\r\n\u001b[31m\u001b[7m19\u001b[0m router.route('/:id').get(async (req, res, NextFunction) => {\u001b[39m\r\n\u001b[31m\u001b[7m  \u001b[0m \u001b[91m                                          ~~~~~~~~~~~~\u001b[0m\u001b[39m\r\n\n\u001b[31mTSError: ⨯ Unable to compile TypeScript:\u001b[39m\n\u001b[31m\u001b[96msrc/resources/boards/board.router.ts\u001b[0m:\u001b[93m2\u001b[0m:\u001b[93m37\u001b[0m - \u001b[91merror\u001b[0m\u001b[90m TS6133: \u001b[0m'NextFunction' is declared but its value is never read.\u001b[39m\r\n\r\n\u001b[31m\u001b[7m2\u001b[0m import { Router, Response, Request, NextFunction } from 'express';\u001b[39m\r\n\u001b[31m\u001b[7m \u001b[0m \u001b[91m                                    ~~~~~~~~~~~~\u001b[0m\u001b[39m\r\n\u001b[31m\u001b[96msrc/resources/boards/board.router.ts\u001b[0m:\u001b[93m4\u001b[0m:\u001b[93m1\u001b[0m - \u001b[91merror\u001b[0m\u001b[90m TS6133: \u001b[0m'CustomError' is declared but its value is never read.\u001b[39m\r\n\r\n\u001b[31m\u001b[7m4\u001b[0m import { CustomError } from '../../utils';\u001b[39m\r\n\u001b[31m\u001b[7m \u001b[0m \u001b[91m~~~~~~~~~~~~~~~~~~~~~~~~~~~~~~~~~~~~~~~~~~\u001b[0m\u001b[39m\r\n\u001b[31m\u001b[96msrc/resources/boards/board.router.ts\u001b[0m:\u001b[93m19\u001b[0m:\u001b[93m43\u001b[0m - \u001b[91merror\u001b[0m\u001b[90m TS6133: \u001b[0m'NextFunction' is declared but its value is never read.\u001b[39m\r\n\r\n\u001b[31m\u001b[7m19\u001b[0m router.route('/:id').get(async (req, res, NextFunction) => {\u001b[39m\r\n\u001b[31m\u001b[7m  \u001b[0m \u001b[91m                                          ~~~~~~~~~~~~\u001b[0m\u001b[39m\r\n\n\u001b[31m    at createTSError (C:\\PROJECTS\\ROLLING_SCOPES_NODE\\node_rest\\node_modules\\ts-node\\src\\index.ts:587:12)\u001b[39m\n\u001b[31m    at reportTSError (C:\\PROJECTS\\ROLLING_SCOPES_NODE\\node_rest\\node_modules\\ts-node\\src\\index.ts:591:19)\u001b[39m\n\u001b[31m    at getOutput (C:\\PROJECTS\\ROLLING_SCOPES_NODE\\node_rest\\node_modules\\ts-node\\src\\index.ts:921:36)\u001b[39m\n\u001b[31m    at Object.compile (C:\\PROJECTS\\ROLLING_SCOPES_NODE\\node_rest\\node_modules\\ts-node\\src\\index.ts:1189:32)\u001b[39m\n\u001b[31m    at Module.m._compile (C:\\PROJECTS\\ROLLING_SCOPES_NODE\\node_rest\\node_modules\\ts-node\\src\\index.ts:1295:42)\u001b[39m\n\u001b[31m    at Module._extensions..js (internal/modules/cjs/loader.js:1092:10)\u001b[39m\n\u001b[31m    at Object.require.extensions.<computed> [as .ts] (C:\\PROJECTS\\ROLLING_SCOPES_NODE\\node_rest\\node_modules\\ts-node\\src\\index.ts:1298:12)\u001b[39m\n\u001b[31m    at Module.load (internal/modules/cjs/loader.js:928:32)\u001b[39m\n\u001b[31m    at Function.Module._load (internal/modules/cjs/loader.js:769:14)\u001b[39m\n\u001b[31m    at Module.require (internal/modules/cjs/loader.js:952:19)\u001b[39m","stack":"TSError: ⨯ Unable to compile TypeScript:\n\u001b[96msrc/resources/boards/board.router.ts\u001b[0m:\u001b[93m2\u001b[0m:\u001b[93m37\u001b[0m - \u001b[91merror\u001b[0m\u001b[90m TS6133: \u001b[0m'NextFunction' is declared but its value is never read.\r\n\r\n\u001b[7m2\u001b[0m import { Router, Response, Request, NextFunction } from 'express';\r\n\u001b[7m \u001b[0m \u001b[91m                                    ~~~~~~~~~~~~\u001b[0m\r\n\u001b[96msrc/resources/boards/board.router.ts\u001b[0m:\u001b[93m4\u001b[0m:\u001b[93m1\u001b[0m - \u001b[91merror\u001b[0m\u001b[90m TS6133: \u001b[0m'CustomError' is declared but its value is never read.\r\n\r\n\u001b[7m4\u001b[0m import { CustomError } from '../../utils';\r\n\u001b[7m \u001b[0m \u001b[91m~~~~~~~~~~~~~~~~~~~~~~~~~~~~~~~~~~~~~~~~~~\u001b[0m\r\n\u001b[96msrc/resources/boards/board.router.ts\u001b[0m:\u001b[93m19\u001b[0m:\u001b[93m43\u001b[0m - \u001b[91merror\u001b[0m\u001b[90m TS6133: \u001b[0m'NextFunction' is declared but its value is never read.\r\n\r\n\u001b[7m19\u001b[0m router.route('/:id').get(async (req, res, NextFunction) => {\r\n\u001b[7m  \u001b[0m \u001b[91m                                          ~~~~~~~~~~~~\u001b[0m\r\n\n    at createTSError (C:\\PROJECTS\\ROLLING_SCOPES_NODE\\node_rest\\node_modules\\ts-node\\src\\index.ts:587:12)\n    at reportTSError (C:\\PROJECTS\\ROLLING_SCOPES_NODE\\node_rest\\node_modules\\ts-node\\src\\index.ts:591:19)\n    at getOutput (C:\\PROJECTS\\ROLLING_SCOPES_NODE\\node_rest\\node_modules\\ts-node\\src\\index.ts:921:36)\n    at Object.compile (C:\\PROJECTS\\ROLLING_SCOPES_NODE\\node_rest\\node_modules\\ts-node\\src\\index.ts:1189:32)\n    at Module.m._compile (C:\\PROJECTS\\ROLLING_SCOPES_NODE\\node_rest\\node_modules\\ts-node\\src\\index.ts:1295:42)\n    at Module._extensions..js (internal/modules/cjs/loader.js:1092:10)\n    at Object.require.extensions.<computed> [as .ts] (C:\\PROJECTS\\ROLLING_SCOPES_NODE\\node_rest\\node_modules\\ts-node\\src\\index.ts:1298:12)\n    at Module.load (internal/modules/cjs/loader.js:928:32)\n    at Function.Module._load (internal/modules/cjs/loader.js:769:14)\n    at Module.require (internal/modules/cjs/loader.js:952:19)","exception":true,"date":"Sun Jun 06 2021 13:12:53 GMT+0300 (Moscow Standard Time)","process":{"pid":9056,"uid":null,"gid":null,"cwd":"C:\\PROJECTS\\ROLLING_SCOPES_NODE\\node_rest","execPath":"C:\\Program Files\\nodejs\\node.exe","version":"v14.16.1","argv":["C:\\PROJECTS\\ROLLING_SCOPES_NODE\\node_rest\\node_modules\\ts-node\\dist\\bin.js","C:\\PROJECTS\\ROLLING_SCOPES_NODE\\node_rest\\src\\server.ts"],"memoryUsage":{"rss":187179008,"heapTotal":158842880,"heapUsed":128069216,"external":2454375,"arrayBuffers":51514}},"os":{"loadavg":[0,0,0],"uptime":3957},"trace":[{"column":12,"file":"C:\\PROJECTS\\ROLLING_SCOPES_NODE\\node_rest\\node_modules\\ts-node\\src\\index.ts","function":"createTSError","line":587,"method":null,"native":false},{"column":19,"file":"C:\\PROJECTS\\ROLLING_SCOPES_NODE\\node_rest\\node_modules\\ts-node\\src\\index.ts","function":"reportTSError","line":591,"method":null,"native":false},{"column":36,"file":"C:\\PROJECTS\\ROLLING_SCOPES_NODE\\node_rest\\node_modules\\ts-node\\src\\index.ts","function":"getOutput","line":921,"method":null,"native":false},{"column":32,"file":"C:\\PROJECTS\\ROLLING_SCOPES_NODE\\node_rest\\node_modules\\ts-node\\src\\index.ts","function":"Object.compile","line":1189,"method":"compile","native":false},{"column":42,"file":"C:\\PROJECTS\\ROLLING_SCOPES_NODE\\node_rest\\node_modules\\ts-node\\src\\index.ts","function":"Module.m._compile","line":1295,"method":"_compile","native":false},{"column":10,"file":"internal/modules/cjs/loader.js","function":"Module._extensions..js","line":1092,"method":".js","native":false},{"column":12,"file":"C:\\PROJECTS\\ROLLING_SCOPES_NODE\\node_rest\\node_modules\\ts-node\\src\\index.ts","function":"Object.require.extensions.<computed> [as .ts]","line":1298,"method":"ts]","native":false},{"column":32,"file":"internal/modules/cjs/loader.js","function":"Module.load","line":928,"method":"load","native":false},{"column":14,"file":"internal/modules/cjs/loader.js","function":"Module._load","line":769,"method":"_load","native":false},{"column":19,"file":"internal/modules/cjs/loader.js","function":"Module.require","line":952,"method":"require","native":false}],"timestamp":"06-06 13:12:53"}
{"error":{"diagnosticText":"\u001b[96msrc/resources/boards/board.router.ts\u001b[0m:\u001b[93m4\u001b[0m:\u001b[93m1\u001b[0m - \u001b[91merror\u001b[0m\u001b[90m TS6133: \u001b[0m'CustomError' is declared but its value is never read.\r\n\r\n\u001b[7m4\u001b[0m import { CustomError } from '../../utils';\r\n\u001b[7m \u001b[0m \u001b[91m~~~~~~~~~~~~~~~~~~~~~~~~~~~~~~~~~~~~~~~~~~\u001b[0m\r\n\u001b[96msrc/resources/boards/board.router.ts\u001b[0m:\u001b[93m19\u001b[0m:\u001b[93m43\u001b[0m - \u001b[91merror\u001b[0m\u001b[90m TS6133: \u001b[0m'next' is declared but its value is never read.\r\n\r\n\u001b[7m19\u001b[0m router.route('/:id').get(async (req, res, next: NextFunction) => {\r\n\u001b[7m  \u001b[0m \u001b[91m                                          ~~~~\u001b[0m\r\n","diagnosticCodes":[6133,6133]},"level":"\u001b[31merror\u001b[39m","message":"\u001b[31muncaughtException: ⨯ Unable to compile TypeScript:\u001b[39m\n\u001b[31m\u001b[96msrc/resources/boards/board.router.ts\u001b[0m:\u001b[93m4\u001b[0m:\u001b[93m1\u001b[0m - \u001b[91merror\u001b[0m\u001b[90m TS6133: \u001b[0m'CustomError' is declared but its value is never read.\u001b[39m\r\n\r\n\u001b[31m\u001b[7m4\u001b[0m import { CustomError } from '../../utils';\u001b[39m\r\n\u001b[31m\u001b[7m \u001b[0m \u001b[91m~~~~~~~~~~~~~~~~~~~~~~~~~~~~~~~~~~~~~~~~~~\u001b[0m\u001b[39m\r\n\u001b[31m\u001b[96msrc/resources/boards/board.router.ts\u001b[0m:\u001b[93m19\u001b[0m:\u001b[93m43\u001b[0m - \u001b[91merror\u001b[0m\u001b[90m TS6133: \u001b[0m'next' is declared but its value is never read.\u001b[39m\r\n\r\n\u001b[31m\u001b[7m19\u001b[0m router.route('/:id').get(async (req, res, next: NextFunction) => {\u001b[39m\r\n\u001b[31m\u001b[7m  \u001b[0m \u001b[91m                                          ~~~~\u001b[0m\u001b[39m\r\n\n\u001b[31mTSError: ⨯ Unable to compile TypeScript:\u001b[39m\n\u001b[31m\u001b[96msrc/resources/boards/board.router.ts\u001b[0m:\u001b[93m4\u001b[0m:\u001b[93m1\u001b[0m - \u001b[91merror\u001b[0m\u001b[90m TS6133: \u001b[0m'CustomError' is declared but its value is never read.\u001b[39m\r\n\r\n\u001b[31m\u001b[7m4\u001b[0m import { CustomError } from '../../utils';\u001b[39m\r\n\u001b[31m\u001b[7m \u001b[0m \u001b[91m~~~~~~~~~~~~~~~~~~~~~~~~~~~~~~~~~~~~~~~~~~\u001b[0m\u001b[39m\r\n\u001b[31m\u001b[96msrc/resources/boards/board.router.ts\u001b[0m:\u001b[93m19\u001b[0m:\u001b[93m43\u001b[0m - \u001b[91merror\u001b[0m\u001b[90m TS6133: \u001b[0m'next' is declared but its value is never read.\u001b[39m\r\n\r\n\u001b[31m\u001b[7m19\u001b[0m router.route('/:id').get(async (req, res, next: NextFunction) => {\u001b[39m\r\n\u001b[31m\u001b[7m  \u001b[0m \u001b[91m                                          ~~~~\u001b[0m\u001b[39m\r\n\n\u001b[31m    at createTSError (C:\\PROJECTS\\ROLLING_SCOPES_NODE\\node_rest\\node_modules\\ts-node\\src\\index.ts:587:12)\u001b[39m\n\u001b[31m    at reportTSError (C:\\PROJECTS\\ROLLING_SCOPES_NODE\\node_rest\\node_modules\\ts-node\\src\\index.ts:591:19)\u001b[39m\n\u001b[31m    at getOutput (C:\\PROJECTS\\ROLLING_SCOPES_NODE\\node_rest\\node_modules\\ts-node\\src\\index.ts:921:36)\u001b[39m\n\u001b[31m    at Object.compile (C:\\PROJECTS\\ROLLING_SCOPES_NODE\\node_rest\\node_modules\\ts-node\\src\\index.ts:1189:32)\u001b[39m\n\u001b[31m    at Module.m._compile (C:\\PROJECTS\\ROLLING_SCOPES_NODE\\node_rest\\node_modules\\ts-node\\src\\index.ts:1295:42)\u001b[39m\n\u001b[31m    at Module._extensions..js (internal/modules/cjs/loader.js:1092:10)\u001b[39m\n\u001b[31m    at Object.require.extensions.<computed> [as .ts] (C:\\PROJECTS\\ROLLING_SCOPES_NODE\\node_rest\\node_modules\\ts-node\\src\\index.ts:1298:12)\u001b[39m\n\u001b[31m    at Module.load (internal/modules/cjs/loader.js:928:32)\u001b[39m\n\u001b[31m    at Function.Module._load (internal/modules/cjs/loader.js:769:14)\u001b[39m\n\u001b[31m    at Module.require (internal/modules/cjs/loader.js:952:19)\u001b[39m","stack":"TSError: ⨯ Unable to compile TypeScript:\n\u001b[96msrc/resources/boards/board.router.ts\u001b[0m:\u001b[93m4\u001b[0m:\u001b[93m1\u001b[0m - \u001b[91merror\u001b[0m\u001b[90m TS6133: \u001b[0m'CustomError' is declared but its value is never read.\r\n\r\n\u001b[7m4\u001b[0m import { CustomError } from '../../utils';\r\n\u001b[7m \u001b[0m \u001b[91m~~~~~~~~~~~~~~~~~~~~~~~~~~~~~~~~~~~~~~~~~~\u001b[0m\r\n\u001b[96msrc/resources/boards/board.router.ts\u001b[0m:\u001b[93m19\u001b[0m:\u001b[93m43\u001b[0m - \u001b[91merror\u001b[0m\u001b[90m TS6133: \u001b[0m'next' is declared but its value is never read.\r\n\r\n\u001b[7m19\u001b[0m router.route('/:id').get(async (req, res, next: NextFunction) => {\r\n\u001b[7m  \u001b[0m \u001b[91m                                          ~~~~\u001b[0m\r\n\n    at createTSError (C:\\PROJECTS\\ROLLING_SCOPES_NODE\\node_rest\\node_modules\\ts-node\\src\\index.ts:587:12)\n    at reportTSError (C:\\PROJECTS\\ROLLING_SCOPES_NODE\\node_rest\\node_modules\\ts-node\\src\\index.ts:591:19)\n    at getOutput (C:\\PROJECTS\\ROLLING_SCOPES_NODE\\node_rest\\node_modules\\ts-node\\src\\index.ts:921:36)\n    at Object.compile (C:\\PROJECTS\\ROLLING_SCOPES_NODE\\node_rest\\node_modules\\ts-node\\src\\index.ts:1189:32)\n    at Module.m._compile (C:\\PROJECTS\\ROLLING_SCOPES_NODE\\node_rest\\node_modules\\ts-node\\src\\index.ts:1295:42)\n    at Module._extensions..js (internal/modules/cjs/loader.js:1092:10)\n    at Object.require.extensions.<computed> [as .ts] (C:\\PROJECTS\\ROLLING_SCOPES_NODE\\node_rest\\node_modules\\ts-node\\src\\index.ts:1298:12)\n    at Module.load (internal/modules/cjs/loader.js:928:32)\n    at Function.Module._load (internal/modules/cjs/loader.js:769:14)\n    at Module.require (internal/modules/cjs/loader.js:952:19)","exception":true,"date":"Sun Jun 06 2021 13:12:59 GMT+0300 (Moscow Standard Time)","process":{"pid":3788,"uid":null,"gid":null,"cwd":"C:\\PROJECTS\\ROLLING_SCOPES_NODE\\node_rest","execPath":"C:\\Program Files\\nodejs\\node.exe","version":"v14.16.1","argv":["C:\\PROJECTS\\ROLLING_SCOPES_NODE\\node_rest\\node_modules\\ts-node\\dist\\bin.js","C:\\PROJECTS\\ROLLING_SCOPES_NODE\\node_rest\\src\\server.ts"],"memoryUsage":{"rss":190996480,"heapTotal":159105024,"heapUsed":128290104,"external":2576310,"arrayBuffers":173449}},"os":{"loadavg":[0,0,0],"uptime":3963},"trace":[{"column":12,"file":"C:\\PROJECTS\\ROLLING_SCOPES_NODE\\node_rest\\node_modules\\ts-node\\src\\index.ts","function":"createTSError","line":587,"method":null,"native":false},{"column":19,"file":"C:\\PROJECTS\\ROLLING_SCOPES_NODE\\node_rest\\node_modules\\ts-node\\src\\index.ts","function":"reportTSError","line":591,"method":null,"native":false},{"column":36,"file":"C:\\PROJECTS\\ROLLING_SCOPES_NODE\\node_rest\\node_modules\\ts-node\\src\\index.ts","function":"getOutput","line":921,"method":null,"native":false},{"column":32,"file":"C:\\PROJECTS\\ROLLING_SCOPES_NODE\\node_rest\\node_modules\\ts-node\\src\\index.ts","function":"Object.compile","line":1189,"method":"compile","native":false},{"column":42,"file":"C:\\PROJECTS\\ROLLING_SCOPES_NODE\\node_rest\\node_modules\\ts-node\\src\\index.ts","function":"Module.m._compile","line":1295,"method":"_compile","native":false},{"column":10,"file":"internal/modules/cjs/loader.js","function":"Module._extensions..js","line":1092,"method":".js","native":false},{"column":12,"file":"C:\\PROJECTS\\ROLLING_SCOPES_NODE\\node_rest\\node_modules\\ts-node\\src\\index.ts","function":"Object.require.extensions.<computed> [as .ts]","line":1298,"method":"ts]","native":false},{"column":32,"file":"internal/modules/cjs/loader.js","function":"Module.load","line":928,"method":"load","native":false},{"column":14,"file":"internal/modules/cjs/loader.js","function":"Module._load","line":769,"method":"_load","native":false},{"column":19,"file":"internal/modules/cjs/loader.js","function":"Module.require","line":952,"method":"require","native":false}],"timestamp":"06-06 13:12:59"}
{"error":{"diagnosticText":"\u001b[96msrc/resources/boards/board.router.ts\u001b[0m:\u001b[93m4\u001b[0m:\u001b[93m1\u001b[0m - \u001b[91merror\u001b[0m\u001b[90m TS6133: \u001b[0m'CustomError' is declared but its value is never read.\r\n\r\n\u001b[7m4\u001b[0m import { CustomError } from '../../utils';\r\n\u001b[7m \u001b[0m \u001b[91m~~~~~~~~~~~~~~~~~~~~~~~~~~~~~~~~~~~~~~~~~~\u001b[0m\r\n\u001b[96msrc/resources/boards/board.router.ts\u001b[0m:\u001b[93m19\u001b[0m:\u001b[93m43\u001b[0m - \u001b[91merror\u001b[0m\u001b[90m TS6133: \u001b[0m'next' is declared but its value is never read.\r\n\r\n\u001b[7m19\u001b[0m router.route('/:id').get(async (req, res, next: NextFunction) => {\r\n\u001b[7m  \u001b[0m \u001b[91m                                          ~~~~\u001b[0m\r\n","diagnosticCodes":[6133,6133]},"level":"\u001b[31merror\u001b[39m","message":"\u001b[31muncaughtException: ⨯ Unable to compile TypeScript:\u001b[39m\n\u001b[31m\u001b[96msrc/resources/boards/board.router.ts\u001b[0m:\u001b[93m4\u001b[0m:\u001b[93m1\u001b[0m - \u001b[91merror\u001b[0m\u001b[90m TS6133: \u001b[0m'CustomError' is declared but its value is never read.\u001b[39m\r\n\r\n\u001b[31m\u001b[7m4\u001b[0m import { CustomError } from '../../utils';\u001b[39m\r\n\u001b[31m\u001b[7m \u001b[0m \u001b[91m~~~~~~~~~~~~~~~~~~~~~~~~~~~~~~~~~~~~~~~~~~\u001b[0m\u001b[39m\r\n\u001b[31m\u001b[96msrc/resources/boards/board.router.ts\u001b[0m:\u001b[93m19\u001b[0m:\u001b[93m43\u001b[0m - \u001b[91merror\u001b[0m\u001b[90m TS6133: \u001b[0m'next' is declared but its value is never read.\u001b[39m\r\n\r\n\u001b[31m\u001b[7m19\u001b[0m router.route('/:id').get(async (req, res, next: NextFunction) => {\u001b[39m\r\n\u001b[31m\u001b[7m  \u001b[0m \u001b[91m                                          ~~~~\u001b[0m\u001b[39m\r\n\n\u001b[31mTSError: ⨯ Unable to compile TypeScript:\u001b[39m\n\u001b[31m\u001b[96msrc/resources/boards/board.router.ts\u001b[0m:\u001b[93m4\u001b[0m:\u001b[93m1\u001b[0m - \u001b[91merror\u001b[0m\u001b[90m TS6133: \u001b[0m'CustomError' is declared but its value is never read.\u001b[39m\r\n\r\n\u001b[31m\u001b[7m4\u001b[0m import { CustomError } from '../../utils';\u001b[39m\r\n\u001b[31m\u001b[7m \u001b[0m \u001b[91m~~~~~~~~~~~~~~~~~~~~~~~~~~~~~~~~~~~~~~~~~~\u001b[0m\u001b[39m\r\n\u001b[31m\u001b[96msrc/resources/boards/board.router.ts\u001b[0m:\u001b[93m19\u001b[0m:\u001b[93m43\u001b[0m - \u001b[91merror\u001b[0m\u001b[90m TS6133: \u001b[0m'next' is declared but its value is never read.\u001b[39m\r\n\r\n\u001b[31m\u001b[7m19\u001b[0m router.route('/:id').get(async (req, res, next: NextFunction) => {\u001b[39m\r\n\u001b[31m\u001b[7m  \u001b[0m \u001b[91m                                          ~~~~\u001b[0m\u001b[39m\r\n\n\u001b[31m    at createTSError (C:\\PROJECTS\\ROLLING_SCOPES_NODE\\node_rest\\node_modules\\ts-node\\src\\index.ts:587:12)\u001b[39m\n\u001b[31m    at reportTSError (C:\\PROJECTS\\ROLLING_SCOPES_NODE\\node_rest\\node_modules\\ts-node\\src\\index.ts:591:19)\u001b[39m\n\u001b[31m    at getOutput (C:\\PROJECTS\\ROLLING_SCOPES_NODE\\node_rest\\node_modules\\ts-node\\src\\index.ts:921:36)\u001b[39m\n\u001b[31m    at Object.compile (C:\\PROJECTS\\ROLLING_SCOPES_NODE\\node_rest\\node_modules\\ts-node\\src\\index.ts:1189:32)\u001b[39m\n\u001b[31m    at Module.m._compile (C:\\PROJECTS\\ROLLING_SCOPES_NODE\\node_rest\\node_modules\\ts-node\\src\\index.ts:1295:42)\u001b[39m\n\u001b[31m    at Module._extensions..js (internal/modules/cjs/loader.js:1092:10)\u001b[39m\n\u001b[31m    at Object.require.extensions.<computed> [as .ts] (C:\\PROJECTS\\ROLLING_SCOPES_NODE\\node_rest\\node_modules\\ts-node\\src\\index.ts:1298:12)\u001b[39m\n\u001b[31m    at Module.load (internal/modules/cjs/loader.js:928:32)\u001b[39m\n\u001b[31m    at Function.Module._load (internal/modules/cjs/loader.js:769:14)\u001b[39m\n\u001b[31m    at Module.require (internal/modules/cjs/loader.js:952:19)\u001b[39m","stack":"TSError: ⨯ Unable to compile TypeScript:\n\u001b[96msrc/resources/boards/board.router.ts\u001b[0m:\u001b[93m4\u001b[0m:\u001b[93m1\u001b[0m - \u001b[91merror\u001b[0m\u001b[90m TS6133: \u001b[0m'CustomError' is declared but its value is never read.\r\n\r\n\u001b[7m4\u001b[0m import { CustomError } from '../../utils';\r\n\u001b[7m \u001b[0m \u001b[91m~~~~~~~~~~~~~~~~~~~~~~~~~~~~~~~~~~~~~~~~~~\u001b[0m\r\n\u001b[96msrc/resources/boards/board.router.ts\u001b[0m:\u001b[93m19\u001b[0m:\u001b[93m43\u001b[0m - \u001b[91merror\u001b[0m\u001b[90m TS6133: \u001b[0m'next' is declared but its value is never read.\r\n\r\n\u001b[7m19\u001b[0m router.route('/:id').get(async (req, res, next: NextFunction) => {\r\n\u001b[7m  \u001b[0m \u001b[91m                                          ~~~~\u001b[0m\r\n\n    at createTSError (C:\\PROJECTS\\ROLLING_SCOPES_NODE\\node_rest\\node_modules\\ts-node\\src\\index.ts:587:12)\n    at reportTSError (C:\\PROJECTS\\ROLLING_SCOPES_NODE\\node_rest\\node_modules\\ts-node\\src\\index.ts:591:19)\n    at getOutput (C:\\PROJECTS\\ROLLING_SCOPES_NODE\\node_rest\\node_modules\\ts-node\\src\\index.ts:921:36)\n    at Object.compile (C:\\PROJECTS\\ROLLING_SCOPES_NODE\\node_rest\\node_modules\\ts-node\\src\\index.ts:1189:32)\n    at Module.m._compile (C:\\PROJECTS\\ROLLING_SCOPES_NODE\\node_rest\\node_modules\\ts-node\\src\\index.ts:1295:42)\n    at Module._extensions..js (internal/modules/cjs/loader.js:1092:10)\n    at Object.require.extensions.<computed> [as .ts] (C:\\PROJECTS\\ROLLING_SCOPES_NODE\\node_rest\\node_modules\\ts-node\\src\\index.ts:1298:12)\n    at Module.load (internal/modules/cjs/loader.js:928:32)\n    at Function.Module._load (internal/modules/cjs/loader.js:769:14)\n    at Module.require (internal/modules/cjs/loader.js:952:19)","exception":true,"date":"Sun Jun 06 2021 13:13:11 GMT+0300 (Moscow Standard Time)","process":{"pid":6296,"uid":null,"gid":null,"cwd":"C:\\PROJECTS\\ROLLING_SCOPES_NODE\\node_rest","execPath":"C:\\Program Files\\nodejs\\node.exe","version":"v14.16.1","argv":["C:\\PROJECTS\\ROLLING_SCOPES_NODE\\node_rest\\node_modules\\ts-node\\dist\\bin.js","C:\\PROJECTS\\ROLLING_SCOPES_NODE\\node_rest\\src\\server.ts"],"memoryUsage":{"rss":190230528,"heapTotal":158318592,"heapUsed":128167320,"external":2116924,"arrayBuffers":164713}},"os":{"loadavg":[0,0,0],"uptime":3975},"trace":[{"column":12,"file":"C:\\PROJECTS\\ROLLING_SCOPES_NODE\\node_rest\\node_modules\\ts-node\\src\\index.ts","function":"createTSError","line":587,"method":null,"native":false},{"column":19,"file":"C:\\PROJECTS\\ROLLING_SCOPES_NODE\\node_rest\\node_modules\\ts-node\\src\\index.ts","function":"reportTSError","line":591,"method":null,"native":false},{"column":36,"file":"C:\\PROJECTS\\ROLLING_SCOPES_NODE\\node_rest\\node_modules\\ts-node\\src\\index.ts","function":"getOutput","line":921,"method":null,"native":false},{"column":32,"file":"C:\\PROJECTS\\ROLLING_SCOPES_NODE\\node_rest\\node_modules\\ts-node\\src\\index.ts","function":"Object.compile","line":1189,"method":"compile","native":false},{"column":42,"file":"C:\\PROJECTS\\ROLLING_SCOPES_NODE\\node_rest\\node_modules\\ts-node\\src\\index.ts","function":"Module.m._compile","line":1295,"method":"_compile","native":false},{"column":10,"file":"internal/modules/cjs/loader.js","function":"Module._extensions..js","line":1092,"method":".js","native":false},{"column":12,"file":"C:\\PROJECTS\\ROLLING_SCOPES_NODE\\node_rest\\node_modules\\ts-node\\src\\index.ts","function":"Object.require.extensions.<computed> [as .ts]","line":1298,"method":"ts]","native":false},{"column":32,"file":"internal/modules/cjs/loader.js","function":"Module.load","line":928,"method":"load","native":false},{"column":14,"file":"internal/modules/cjs/loader.js","function":"Module._load","line":769,"method":"_load","native":false},{"column":19,"file":"internal/modules/cjs/loader.js","function":"Module.require","line":952,"method":"require","native":false}],"timestamp":"06-06 13:13:11"}
{"error":{"diagnosticText":"\u001b[96msrc/resources/boards/board.router.ts\u001b[0m:\u001b[93m4\u001b[0m:\u001b[93m1\u001b[0m - \u001b[91merror\u001b[0m\u001b[90m TS6133: \u001b[0m'CustomError' is declared but its value is never read.\r\n\r\n\u001b[7m4\u001b[0m import { CustomError } from '../../utils';\r\n\u001b[7m \u001b[0m \u001b[91m~~~~~~~~~~~~~~~~~~~~~~~~~~~~~~~~~~~~~~~~~~\u001b[0m\r\n\u001b[96msrc/resources/boards/board.router.ts\u001b[0m:\u001b[93m19\u001b[0m:\u001b[93m43\u001b[0m - \u001b[91merror\u001b[0m\u001b[90m TS6133: \u001b[0m'next' is declared but its value is never read.\r\n\r\n\u001b[7m19\u001b[0m router.route('/:id').get(async (req, res, next: NextFunction) => {\r\n\u001b[7m  \u001b[0m \u001b[91m                                          ~~~~\u001b[0m\r\n","diagnosticCodes":[6133,6133]},"level":"\u001b[31merror\u001b[39m","message":"\u001b[31muncaughtException: ⨯ Unable to compile TypeScript:\u001b[39m\n\u001b[31m\u001b[96msrc/resources/boards/board.router.ts\u001b[0m:\u001b[93m4\u001b[0m:\u001b[93m1\u001b[0m - \u001b[91merror\u001b[0m\u001b[90m TS6133: \u001b[0m'CustomError' is declared but its value is never read.\u001b[39m\r\n\r\n\u001b[31m\u001b[7m4\u001b[0m import { CustomError } from '../../utils';\u001b[39m\r\n\u001b[31m\u001b[7m \u001b[0m \u001b[91m~~~~~~~~~~~~~~~~~~~~~~~~~~~~~~~~~~~~~~~~~~\u001b[0m\u001b[39m\r\n\u001b[31m\u001b[96msrc/resources/boards/board.router.ts\u001b[0m:\u001b[93m19\u001b[0m:\u001b[93m43\u001b[0m - \u001b[91merror\u001b[0m\u001b[90m TS6133: \u001b[0m'next' is declared but its value is never read.\u001b[39m\r\n\r\n\u001b[31m\u001b[7m19\u001b[0m router.route('/:id').get(async (req, res, next: NextFunction) => {\u001b[39m\r\n\u001b[31m\u001b[7m  \u001b[0m \u001b[91m                                          ~~~~\u001b[0m\u001b[39m\r\n\n\u001b[31mTSError: ⨯ Unable to compile TypeScript:\u001b[39m\n\u001b[31m\u001b[96msrc/resources/boards/board.router.ts\u001b[0m:\u001b[93m4\u001b[0m:\u001b[93m1\u001b[0m - \u001b[91merror\u001b[0m\u001b[90m TS6133: \u001b[0m'CustomError' is declared but its value is never read.\u001b[39m\r\n\r\n\u001b[31m\u001b[7m4\u001b[0m import { CustomError } from '../../utils';\u001b[39m\r\n\u001b[31m\u001b[7m \u001b[0m \u001b[91m~~~~~~~~~~~~~~~~~~~~~~~~~~~~~~~~~~~~~~~~~~\u001b[0m\u001b[39m\r\n\u001b[31m\u001b[96msrc/resources/boards/board.router.ts\u001b[0m:\u001b[93m19\u001b[0m:\u001b[93m43\u001b[0m - \u001b[91merror\u001b[0m\u001b[90m TS6133: \u001b[0m'next' is declared but its value is never read.\u001b[39m\r\n\r\n\u001b[31m\u001b[7m19\u001b[0m router.route('/:id').get(async (req, res, next: NextFunction) => {\u001b[39m\r\n\u001b[31m\u001b[7m  \u001b[0m \u001b[91m                                          ~~~~\u001b[0m\u001b[39m\r\n\n\u001b[31m    at createTSError (C:\\PROJECTS\\ROLLING_SCOPES_NODE\\node_rest\\node_modules\\ts-node\\src\\index.ts:587:12)\u001b[39m\n\u001b[31m    at reportTSError (C:\\PROJECTS\\ROLLING_SCOPES_NODE\\node_rest\\node_modules\\ts-node\\src\\index.ts:591:19)\u001b[39m\n\u001b[31m    at getOutput (C:\\PROJECTS\\ROLLING_SCOPES_NODE\\node_rest\\node_modules\\ts-node\\src\\index.ts:921:36)\u001b[39m\n\u001b[31m    at Object.compile (C:\\PROJECTS\\ROLLING_SCOPES_NODE\\node_rest\\node_modules\\ts-node\\src\\index.ts:1189:32)\u001b[39m\n\u001b[31m    at Module.m._compile (C:\\PROJECTS\\ROLLING_SCOPES_NODE\\node_rest\\node_modules\\ts-node\\src\\index.ts:1295:42)\u001b[39m\n\u001b[31m    at Module._extensions..js (internal/modules/cjs/loader.js:1092:10)\u001b[39m\n\u001b[31m    at Object.require.extensions.<computed> [as .ts] (C:\\PROJECTS\\ROLLING_SCOPES_NODE\\node_rest\\node_modules\\ts-node\\src\\index.ts:1298:12)\u001b[39m\n\u001b[31m    at Module.load (internal/modules/cjs/loader.js:928:32)\u001b[39m\n\u001b[31m    at Function.Module._load (internal/modules/cjs/loader.js:769:14)\u001b[39m\n\u001b[31m    at Module.require (internal/modules/cjs/loader.js:952:19)\u001b[39m","stack":"TSError: ⨯ Unable to compile TypeScript:\n\u001b[96msrc/resources/boards/board.router.ts\u001b[0m:\u001b[93m4\u001b[0m:\u001b[93m1\u001b[0m - \u001b[91merror\u001b[0m\u001b[90m TS6133: \u001b[0m'CustomError' is declared but its value is never read.\r\n\r\n\u001b[7m4\u001b[0m import { CustomError } from '../../utils';\r\n\u001b[7m \u001b[0m \u001b[91m~~~~~~~~~~~~~~~~~~~~~~~~~~~~~~~~~~~~~~~~~~\u001b[0m\r\n\u001b[96msrc/resources/boards/board.router.ts\u001b[0m:\u001b[93m19\u001b[0m:\u001b[93m43\u001b[0m - \u001b[91merror\u001b[0m\u001b[90m TS6133: \u001b[0m'next' is declared but its value is never read.\r\n\r\n\u001b[7m19\u001b[0m router.route('/:id').get(async (req, res, next: NextFunction) => {\r\n\u001b[7m  \u001b[0m \u001b[91m                                          ~~~~\u001b[0m\r\n\n    at createTSError (C:\\PROJECTS\\ROLLING_SCOPES_NODE\\node_rest\\node_modules\\ts-node\\src\\index.ts:587:12)\n    at reportTSError (C:\\PROJECTS\\ROLLING_SCOPES_NODE\\node_rest\\node_modules\\ts-node\\src\\index.ts:591:19)\n    at getOutput (C:\\PROJECTS\\ROLLING_SCOPES_NODE\\node_rest\\node_modules\\ts-node\\src\\index.ts:921:36)\n    at Object.compile (C:\\PROJECTS\\ROLLING_SCOPES_NODE\\node_rest\\node_modules\\ts-node\\src\\index.ts:1189:32)\n    at Module.m._compile (C:\\PROJECTS\\ROLLING_SCOPES_NODE\\node_rest\\node_modules\\ts-node\\src\\index.ts:1295:42)\n    at Module._extensions..js (internal/modules/cjs/loader.js:1092:10)\n    at Object.require.extensions.<computed> [as .ts] (C:\\PROJECTS\\ROLLING_SCOPES_NODE\\node_rest\\node_modules\\ts-node\\src\\index.ts:1298:12)\n    at Module.load (internal/modules/cjs/loader.js:928:32)\n    at Function.Module._load (internal/modules/cjs/loader.js:769:14)\n    at Module.require (internal/modules/cjs/loader.js:952:19)","exception":true,"date":"Sun Jun 06 2021 13:13:16 GMT+0300 (Moscow Standard Time)","process":{"pid":9632,"uid":null,"gid":null,"cwd":"C:\\PROJECTS\\ROLLING_SCOPES_NODE\\node_rest","execPath":"C:\\Program Files\\nodejs\\node.exe","version":"v14.16.1","argv":["C:\\PROJECTS\\ROLLING_SCOPES_NODE\\node_rest\\node_modules\\ts-node\\dist\\bin.js","C:\\PROJECTS\\ROLLING_SCOPES_NODE\\node_rest\\src\\server.ts"],"memoryUsage":{"rss":190046208,"heapTotal":158318592,"heapUsed":128549624,"external":2116924,"arrayBuffers":164713}},"os":{"loadavg":[0,0,0],"uptime":3979},"trace":[{"column":12,"file":"C:\\PROJECTS\\ROLLING_SCOPES_NODE\\node_rest\\node_modules\\ts-node\\src\\index.ts","function":"createTSError","line":587,"method":null,"native":false},{"column":19,"file":"C:\\PROJECTS\\ROLLING_SCOPES_NODE\\node_rest\\node_modules\\ts-node\\src\\index.ts","function":"reportTSError","line":591,"method":null,"native":false},{"column":36,"file":"C:\\PROJECTS\\ROLLING_SCOPES_NODE\\node_rest\\node_modules\\ts-node\\src\\index.ts","function":"getOutput","line":921,"method":null,"native":false},{"column":32,"file":"C:\\PROJECTS\\ROLLING_SCOPES_NODE\\node_rest\\node_modules\\ts-node\\src\\index.ts","function":"Object.compile","line":1189,"method":"compile","native":false},{"column":42,"file":"C:\\PROJECTS\\ROLLING_SCOPES_NODE\\node_rest\\node_modules\\ts-node\\src\\index.ts","function":"Module.m._compile","line":1295,"method":"_compile","native":false},{"column":10,"file":"internal/modules/cjs/loader.js","function":"Module._extensions..js","line":1092,"method":".js","native":false},{"column":12,"file":"C:\\PROJECTS\\ROLLING_SCOPES_NODE\\node_rest\\node_modules\\ts-node\\src\\index.ts","function":"Object.require.extensions.<computed> [as .ts]","line":1298,"method":"ts]","native":false},{"column":32,"file":"internal/modules/cjs/loader.js","function":"Module.load","line":928,"method":"load","native":false},{"column":14,"file":"internal/modules/cjs/loader.js","function":"Module._load","line":769,"method":"_load","native":false},{"column":19,"file":"internal/modules/cjs/loader.js","function":"Module.require","line":952,"method":"require","native":false}],"timestamp":"06-06 13:13:16"}
{"error":{"diagnosticText":"\u001b[96msrc/resources/boards/board.router.ts\u001b[0m:\u001b[93m4\u001b[0m:\u001b[93m1\u001b[0m - \u001b[91merror\u001b[0m\u001b[90m TS6133: \u001b[0m'CustomError' is declared but its value is never read.\r\n\r\n\u001b[7m4\u001b[0m import { CustomError } from '../../utils';\r\n\u001b[7m \u001b[0m \u001b[91m~~~~~~~~~~~~~~~~~~~~~~~~~~~~~~~~~~~~~~~~~~\u001b[0m\r\n","diagnosticCodes":[6133]},"level":"\u001b[31merror\u001b[39m","message":"\u001b[31muncaughtException: ⨯ Unable to compile TypeScript:\u001b[39m\n\u001b[31m\u001b[96msrc/resources/boards/board.router.ts\u001b[0m:\u001b[93m4\u001b[0m:\u001b[93m1\u001b[0m - \u001b[91merror\u001b[0m\u001b[90m TS6133: \u001b[0m'CustomError' is declared but its value is never read.\u001b[39m\r\n\r\n\u001b[31m\u001b[7m4\u001b[0m import { CustomError } from '../../utils';\u001b[39m\r\n\u001b[31m\u001b[7m \u001b[0m \u001b[91m~~~~~~~~~~~~~~~~~~~~~~~~~~~~~~~~~~~~~~~~~~\u001b[0m\u001b[39m\r\n\n\u001b[31mTSError: ⨯ Unable to compile TypeScript:\u001b[39m\n\u001b[31m\u001b[96msrc/resources/boards/board.router.ts\u001b[0m:\u001b[93m4\u001b[0m:\u001b[93m1\u001b[0m - \u001b[91merror\u001b[0m\u001b[90m TS6133: \u001b[0m'CustomError' is declared but its value is never read.\u001b[39m\r\n\r\n\u001b[31m\u001b[7m4\u001b[0m import { CustomError } from '../../utils';\u001b[39m\r\n\u001b[31m\u001b[7m \u001b[0m \u001b[91m~~~~~~~~~~~~~~~~~~~~~~~~~~~~~~~~~~~~~~~~~~\u001b[0m\u001b[39m\r\n\n\u001b[31m    at createTSError (C:\\PROJECTS\\ROLLING_SCOPES_NODE\\node_rest\\node_modules\\ts-node\\src\\index.ts:587:12)\u001b[39m\n\u001b[31m    at reportTSError (C:\\PROJECTS\\ROLLING_SCOPES_NODE\\node_rest\\node_modules\\ts-node\\src\\index.ts:591:19)\u001b[39m\n\u001b[31m    at getOutput (C:\\PROJECTS\\ROLLING_SCOPES_NODE\\node_rest\\node_modules\\ts-node\\src\\index.ts:921:36)\u001b[39m\n\u001b[31m    at Object.compile (C:\\PROJECTS\\ROLLING_SCOPES_NODE\\node_rest\\node_modules\\ts-node\\src\\index.ts:1189:32)\u001b[39m\n\u001b[31m    at Module.m._compile (C:\\PROJECTS\\ROLLING_SCOPES_NODE\\node_rest\\node_modules\\ts-node\\src\\index.ts:1295:42)\u001b[39m\n\u001b[31m    at Module._extensions..js (internal/modules/cjs/loader.js:1092:10)\u001b[39m\n\u001b[31m    at Object.require.extensions.<computed> [as .ts] (C:\\PROJECTS\\ROLLING_SCOPES_NODE\\node_rest\\node_modules\\ts-node\\src\\index.ts:1298:12)\u001b[39m\n\u001b[31m    at Module.load (internal/modules/cjs/loader.js:928:32)\u001b[39m\n\u001b[31m    at Function.Module._load (internal/modules/cjs/loader.js:769:14)\u001b[39m\n\u001b[31m    at Module.require (internal/modules/cjs/loader.js:952:19)\u001b[39m","stack":"TSError: ⨯ Unable to compile TypeScript:\n\u001b[96msrc/resources/boards/board.router.ts\u001b[0m:\u001b[93m4\u001b[0m:\u001b[93m1\u001b[0m - \u001b[91merror\u001b[0m\u001b[90m TS6133: \u001b[0m'CustomError' is declared but its value is never read.\r\n\r\n\u001b[7m4\u001b[0m import { CustomError } from '../../utils';\r\n\u001b[7m \u001b[0m \u001b[91m~~~~~~~~~~~~~~~~~~~~~~~~~~~~~~~~~~~~~~~~~~\u001b[0m\r\n\n    at createTSError (C:\\PROJECTS\\ROLLING_SCOPES_NODE\\node_rest\\node_modules\\ts-node\\src\\index.ts:587:12)\n    at reportTSError (C:\\PROJECTS\\ROLLING_SCOPES_NODE\\node_rest\\node_modules\\ts-node\\src\\index.ts:591:19)\n    at getOutput (C:\\PROJECTS\\ROLLING_SCOPES_NODE\\node_rest\\node_modules\\ts-node\\src\\index.ts:921:36)\n    at Object.compile (C:\\PROJECTS\\ROLLING_SCOPES_NODE\\node_rest\\node_modules\\ts-node\\src\\index.ts:1189:32)\n    at Module.m._compile (C:\\PROJECTS\\ROLLING_SCOPES_NODE\\node_rest\\node_modules\\ts-node\\src\\index.ts:1295:42)\n    at Module._extensions..js (internal/modules/cjs/loader.js:1092:10)\n    at Object.require.extensions.<computed> [as .ts] (C:\\PROJECTS\\ROLLING_SCOPES_NODE\\node_rest\\node_modules\\ts-node\\src\\index.ts:1298:12)\n    at Module.load (internal/modules/cjs/loader.js:928:32)\n    at Function.Module._load (internal/modules/cjs/loader.js:769:14)\n    at Module.require (internal/modules/cjs/loader.js:952:19)","exception":true,"date":"Sun Jun 06 2021 13:13:23 GMT+0300 (Moscow Standard Time)","process":{"pid":16264,"uid":null,"gid":null,"cwd":"C:\\PROJECTS\\ROLLING_SCOPES_NODE\\node_rest","execPath":"C:\\Program Files\\nodejs\\node.exe","version":"v14.16.1","argv":["C:\\PROJECTS\\ROLLING_SCOPES_NODE\\node_rest\\node_modules\\ts-node\\dist\\bin.js","C:\\PROJECTS\\ROLLING_SCOPES_NODE\\node_rest\\src\\server.ts"],"memoryUsage":{"rss":190652416,"heapTotal":158842880,"heapUsed":128031360,"external":2116924,"arrayBuffers":164713}},"os":{"loadavg":[0,0,0],"uptime":3986},"trace":[{"column":12,"file":"C:\\PROJECTS\\ROLLING_SCOPES_NODE\\node_rest\\node_modules\\ts-node\\src\\index.ts","function":"createTSError","line":587,"method":null,"native":false},{"column":19,"file":"C:\\PROJECTS\\ROLLING_SCOPES_NODE\\node_rest\\node_modules\\ts-node\\src\\index.ts","function":"reportTSError","line":591,"method":null,"native":false},{"column":36,"file":"C:\\PROJECTS\\ROLLING_SCOPES_NODE\\node_rest\\node_modules\\ts-node\\src\\index.ts","function":"getOutput","line":921,"method":null,"native":false},{"column":32,"file":"C:\\PROJECTS\\ROLLING_SCOPES_NODE\\node_rest\\node_modules\\ts-node\\src\\index.ts","function":"Object.compile","line":1189,"method":"compile","native":false},{"column":42,"file":"C:\\PROJECTS\\ROLLING_SCOPES_NODE\\node_rest\\node_modules\\ts-node\\src\\index.ts","function":"Module.m._compile","line":1295,"method":"_compile","native":false},{"column":10,"file":"internal/modules/cjs/loader.js","function":"Module._extensions..js","line":1092,"method":".js","native":false},{"column":12,"file":"C:\\PROJECTS\\ROLLING_SCOPES_NODE\\node_rest\\node_modules\\ts-node\\src\\index.ts","function":"Object.require.extensions.<computed> [as .ts]","line":1298,"method":"ts]","native":false},{"column":32,"file":"internal/modules/cjs/loader.js","function":"Module.load","line":928,"method":"load","native":false},{"column":14,"file":"internal/modules/cjs/loader.js","function":"Module._load","line":769,"method":"_load","native":false},{"column":19,"file":"internal/modules/cjs/loader.js","function":"Module.require","line":952,"method":"require","native":false}],"timestamp":"06-06 13:13:23"}
{"error":{"diagnosticText":"\u001b[96msrc/resources/boards/board.router.ts\u001b[0m:\u001b[93m4\u001b[0m:\u001b[93m1\u001b[0m - \u001b[91merror\u001b[0m\u001b[90m TS6133: \u001b[0m'CustomError' is declared but its value is never read.\r\n\r\n\u001b[7m4\u001b[0m import { CustomError } from '../../utils';\r\n\u001b[7m \u001b[0m \u001b[91m~~~~~~~~~~~~~~~~~~~~~~~~~~~~~~~~~~~~~~~~~~\u001b[0m\r\n","diagnosticCodes":[6133]},"level":"\u001b[31merror\u001b[39m","message":"\u001b[31muncaughtException: ⨯ Unable to compile TypeScript:\u001b[39m\n\u001b[31m\u001b[96msrc/resources/boards/board.router.ts\u001b[0m:\u001b[93m4\u001b[0m:\u001b[93m1\u001b[0m - \u001b[91merror\u001b[0m\u001b[90m TS6133: \u001b[0m'CustomError' is declared but its value is never read.\u001b[39m\r\n\r\n\u001b[31m\u001b[7m4\u001b[0m import { CustomError } from '../../utils';\u001b[39m\r\n\u001b[31m\u001b[7m \u001b[0m \u001b[91m~~~~~~~~~~~~~~~~~~~~~~~~~~~~~~~~~~~~~~~~~~\u001b[0m\u001b[39m\r\n\n\u001b[31mTSError: ⨯ Unable to compile TypeScript:\u001b[39m\n\u001b[31m\u001b[96msrc/resources/boards/board.router.ts\u001b[0m:\u001b[93m4\u001b[0m:\u001b[93m1\u001b[0m - \u001b[91merror\u001b[0m\u001b[90m TS6133: \u001b[0m'CustomError' is declared but its value is never read.\u001b[39m\r\n\r\n\u001b[31m\u001b[7m4\u001b[0m import { CustomError } from '../../utils';\u001b[39m\r\n\u001b[31m\u001b[7m \u001b[0m \u001b[91m~~~~~~~~~~~~~~~~~~~~~~~~~~~~~~~~~~~~~~~~~~\u001b[0m\u001b[39m\r\n\n\u001b[31m    at createTSError (C:\\PROJECTS\\ROLLING_SCOPES_NODE\\node_rest\\node_modules\\ts-node\\src\\index.ts:587:12)\u001b[39m\n\u001b[31m    at reportTSError (C:\\PROJECTS\\ROLLING_SCOPES_NODE\\node_rest\\node_modules\\ts-node\\src\\index.ts:591:19)\u001b[39m\n\u001b[31m    at getOutput (C:\\PROJECTS\\ROLLING_SCOPES_NODE\\node_rest\\node_modules\\ts-node\\src\\index.ts:921:36)\u001b[39m\n\u001b[31m    at Object.compile (C:\\PROJECTS\\ROLLING_SCOPES_NODE\\node_rest\\node_modules\\ts-node\\src\\index.ts:1189:32)\u001b[39m\n\u001b[31m    at Module.m._compile (C:\\PROJECTS\\ROLLING_SCOPES_NODE\\node_rest\\node_modules\\ts-node\\src\\index.ts:1295:42)\u001b[39m\n\u001b[31m    at Module._extensions..js (internal/modules/cjs/loader.js:1092:10)\u001b[39m\n\u001b[31m    at Object.require.extensions.<computed> [as .ts] (C:\\PROJECTS\\ROLLING_SCOPES_NODE\\node_rest\\node_modules\\ts-node\\src\\index.ts:1298:12)\u001b[39m\n\u001b[31m    at Module.load (internal/modules/cjs/loader.js:928:32)\u001b[39m\n\u001b[31m    at Function.Module._load (internal/modules/cjs/loader.js:769:14)\u001b[39m\n\u001b[31m    at Module.require (internal/modules/cjs/loader.js:952:19)\u001b[39m","stack":"TSError: ⨯ Unable to compile TypeScript:\n\u001b[96msrc/resources/boards/board.router.ts\u001b[0m:\u001b[93m4\u001b[0m:\u001b[93m1\u001b[0m - \u001b[91merror\u001b[0m\u001b[90m TS6133: \u001b[0m'CustomError' is declared but its value is never read.\r\n\r\n\u001b[7m4\u001b[0m import { CustomError } from '../../utils';\r\n\u001b[7m \u001b[0m \u001b[91m~~~~~~~~~~~~~~~~~~~~~~~~~~~~~~~~~~~~~~~~~~\u001b[0m\r\n\n    at createTSError (C:\\PROJECTS\\ROLLING_SCOPES_NODE\\node_rest\\node_modules\\ts-node\\src\\index.ts:587:12)\n    at reportTSError (C:\\PROJECTS\\ROLLING_SCOPES_NODE\\node_rest\\node_modules\\ts-node\\src\\index.ts:591:19)\n    at getOutput (C:\\PROJECTS\\ROLLING_SCOPES_NODE\\node_rest\\node_modules\\ts-node\\src\\index.ts:921:36)\n    at Object.compile (C:\\PROJECTS\\ROLLING_SCOPES_NODE\\node_rest\\node_modules\\ts-node\\src\\index.ts:1189:32)\n    at Module.m._compile (C:\\PROJECTS\\ROLLING_SCOPES_NODE\\node_rest\\node_modules\\ts-node\\src\\index.ts:1295:42)\n    at Module._extensions..js (internal/modules/cjs/loader.js:1092:10)\n    at Object.require.extensions.<computed> [as .ts] (C:\\PROJECTS\\ROLLING_SCOPES_NODE\\node_rest\\node_modules\\ts-node\\src\\index.ts:1298:12)\n    at Module.load (internal/modules/cjs/loader.js:928:32)\n    at Function.Module._load (internal/modules/cjs/loader.js:769:14)\n    at Module.require (internal/modules/cjs/loader.js:952:19)","exception":true,"date":"Sun Jun 06 2021 13:13:32 GMT+0300 (Moscow Standard Time)","process":{"pid":6828,"uid":null,"gid":null,"cwd":"C:\\PROJECTS\\ROLLING_SCOPES_NODE\\node_rest","execPath":"C:\\Program Files\\nodejs\\node.exe","version":"v14.16.1","argv":["C:\\PROJECTS\\ROLLING_SCOPES_NODE\\node_rest\\node_modules\\ts-node\\dist\\bin.js","C:\\PROJECTS\\ROLLING_SCOPES_NODE\\node_rest\\src\\server.ts"],"memoryUsage":{"rss":190062592,"heapTotal":158580736,"heapUsed":128474144,"external":2238859,"arrayBuffers":286648}},"os":{"loadavg":[0,0,0],"uptime":3995},"trace":[{"column":12,"file":"C:\\PROJECTS\\ROLLING_SCOPES_NODE\\node_rest\\node_modules\\ts-node\\src\\index.ts","function":"createTSError","line":587,"method":null,"native":false},{"column":19,"file":"C:\\PROJECTS\\ROLLING_SCOPES_NODE\\node_rest\\node_modules\\ts-node\\src\\index.ts","function":"reportTSError","line":591,"method":null,"native":false},{"column":36,"file":"C:\\PROJECTS\\ROLLING_SCOPES_NODE\\node_rest\\node_modules\\ts-node\\src\\index.ts","function":"getOutput","line":921,"method":null,"native":false},{"column":32,"file":"C:\\PROJECTS\\ROLLING_SCOPES_NODE\\node_rest\\node_modules\\ts-node\\src\\index.ts","function":"Object.compile","line":1189,"method":"compile","native":false},{"column":42,"file":"C:\\PROJECTS\\ROLLING_SCOPES_NODE\\node_rest\\node_modules\\ts-node\\src\\index.ts","function":"Module.m._compile","line":1295,"method":"_compile","native":false},{"column":10,"file":"internal/modules/cjs/loader.js","function":"Module._extensions..js","line":1092,"method":".js","native":false},{"column":12,"file":"C:\\PROJECTS\\ROLLING_SCOPES_NODE\\node_rest\\node_modules\\ts-node\\src\\index.ts","function":"Object.require.extensions.<computed> [as .ts]","line":1298,"method":"ts]","native":false},{"column":32,"file":"internal/modules/cjs/loader.js","function":"Module.load","line":928,"method":"load","native":false},{"column":14,"file":"internal/modules/cjs/loader.js","function":"Module._load","line":769,"method":"_load","native":false},{"column":19,"file":"internal/modules/cjs/loader.js","function":"Module.require","line":952,"method":"require","native":false}],"timestamp":"06-06 13:13:32"}
{"error":{"diagnosticText":"\u001b[96msrc/resources/boards/board.router.ts\u001b[0m:\u001b[93m4\u001b[0m:\u001b[93m1\u001b[0m - \u001b[91merror\u001b[0m\u001b[90m TS6133: \u001b[0m'CustomError' is declared but its value is never read.\r\n\r\n\u001b[7m4\u001b[0m import { CustomError } from '../../utils';\r\n\u001b[7m \u001b[0m \u001b[91m~~~~~~~~~~~~~~~~~~~~~~~~~~~~~~~~~~~~~~~~~~\u001b[0m\r\n","diagnosticCodes":[6133]},"level":"\u001b[31merror\u001b[39m","message":"\u001b[31muncaughtException: ⨯ Unable to compile TypeScript:\u001b[39m\n\u001b[31m\u001b[96msrc/resources/boards/board.router.ts\u001b[0m:\u001b[93m4\u001b[0m:\u001b[93m1\u001b[0m - \u001b[91merror\u001b[0m\u001b[90m TS6133: \u001b[0m'CustomError' is declared but its value is never read.\u001b[39m\r\n\r\n\u001b[31m\u001b[7m4\u001b[0m import { CustomError } from '../../utils';\u001b[39m\r\n\u001b[31m\u001b[7m \u001b[0m \u001b[91m~~~~~~~~~~~~~~~~~~~~~~~~~~~~~~~~~~~~~~~~~~\u001b[0m\u001b[39m\r\n\n\u001b[31mTSError: ⨯ Unable to compile TypeScript:\u001b[39m\n\u001b[31m\u001b[96msrc/resources/boards/board.router.ts\u001b[0m:\u001b[93m4\u001b[0m:\u001b[93m1\u001b[0m - \u001b[91merror\u001b[0m\u001b[90m TS6133: \u001b[0m'CustomError' is declared but its value is never read.\u001b[39m\r\n\r\n\u001b[31m\u001b[7m4\u001b[0m import { CustomError } from '../../utils';\u001b[39m\r\n\u001b[31m\u001b[7m \u001b[0m \u001b[91m~~~~~~~~~~~~~~~~~~~~~~~~~~~~~~~~~~~~~~~~~~\u001b[0m\u001b[39m\r\n\n\u001b[31m    at createTSError (C:\\PROJECTS\\ROLLING_SCOPES_NODE\\node_rest\\node_modules\\ts-node\\src\\index.ts:587:12)\u001b[39m\n\u001b[31m    at reportTSError (C:\\PROJECTS\\ROLLING_SCOPES_NODE\\node_rest\\node_modules\\ts-node\\src\\index.ts:591:19)\u001b[39m\n\u001b[31m    at getOutput (C:\\PROJECTS\\ROLLING_SCOPES_NODE\\node_rest\\node_modules\\ts-node\\src\\index.ts:921:36)\u001b[39m\n\u001b[31m    at Object.compile (C:\\PROJECTS\\ROLLING_SCOPES_NODE\\node_rest\\node_modules\\ts-node\\src\\index.ts:1189:32)\u001b[39m\n\u001b[31m    at Module.m._compile (C:\\PROJECTS\\ROLLING_SCOPES_NODE\\node_rest\\node_modules\\ts-node\\src\\index.ts:1295:42)\u001b[39m\n\u001b[31m    at Module._extensions..js (internal/modules/cjs/loader.js:1092:10)\u001b[39m\n\u001b[31m    at Object.require.extensions.<computed> [as .ts] (C:\\PROJECTS\\ROLLING_SCOPES_NODE\\node_rest\\node_modules\\ts-node\\src\\index.ts:1298:12)\u001b[39m\n\u001b[31m    at Module.load (internal/modules/cjs/loader.js:928:32)\u001b[39m\n\u001b[31m    at Function.Module._load (internal/modules/cjs/loader.js:769:14)\u001b[39m\n\u001b[31m    at Module.require (internal/modules/cjs/loader.js:952:19)\u001b[39m","stack":"TSError: ⨯ Unable to compile TypeScript:\n\u001b[96msrc/resources/boards/board.router.ts\u001b[0m:\u001b[93m4\u001b[0m:\u001b[93m1\u001b[0m - \u001b[91merror\u001b[0m\u001b[90m TS6133: \u001b[0m'CustomError' is declared but its value is never read.\r\n\r\n\u001b[7m4\u001b[0m import { CustomError } from '../../utils';\r\n\u001b[7m \u001b[0m \u001b[91m~~~~~~~~~~~~~~~~~~~~~~~~~~~~~~~~~~~~~~~~~~\u001b[0m\r\n\n    at createTSError (C:\\PROJECTS\\ROLLING_SCOPES_NODE\\node_rest\\node_modules\\ts-node\\src\\index.ts:587:12)\n    at reportTSError (C:\\PROJECTS\\ROLLING_SCOPES_NODE\\node_rest\\node_modules\\ts-node\\src\\index.ts:591:19)\n    at getOutput (C:\\PROJECTS\\ROLLING_SCOPES_NODE\\node_rest\\node_modules\\ts-node\\src\\index.ts:921:36)\n    at Object.compile (C:\\PROJECTS\\ROLLING_SCOPES_NODE\\node_rest\\node_modules\\ts-node\\src\\index.ts:1189:32)\n    at Module.m._compile (C:\\PROJECTS\\ROLLING_SCOPES_NODE\\node_rest\\node_modules\\ts-node\\src\\index.ts:1295:42)\n    at Module._extensions..js (internal/modules/cjs/loader.js:1092:10)\n    at Object.require.extensions.<computed> [as .ts] (C:\\PROJECTS\\ROLLING_SCOPES_NODE\\node_rest\\node_modules\\ts-node\\src\\index.ts:1298:12)\n    at Module.load (internal/modules/cjs/loader.js:928:32)\n    at Function.Module._load (internal/modules/cjs/loader.js:769:14)\n    at Module.require (internal/modules/cjs/loader.js:952:19)","exception":true,"date":"Sun Jun 06 2021 13:13:44 GMT+0300 (Moscow Standard Time)","process":{"pid":17080,"uid":null,"gid":null,"cwd":"C:\\PROJECTS\\ROLLING_SCOPES_NODE\\node_rest","execPath":"C:\\Program Files\\nodejs\\node.exe","version":"v14.16.1","argv":["C:\\PROJECTS\\ROLLING_SCOPES_NODE\\node_rest\\node_modules\\ts-node\\dist\\bin.js","C:\\PROJECTS\\ROLLING_SCOPES_NODE\\node_rest\\src\\server.ts"],"memoryUsage":{"rss":189456384,"heapTotal":158580736,"heapUsed":127864408,"external":2437525,"arrayBuffers":51514}},"os":{"loadavg":[0,0,0],"uptime":4008},"trace":[{"column":12,"file":"C:\\PROJECTS\\ROLLING_SCOPES_NODE\\node_rest\\node_modules\\ts-node\\src\\index.ts","function":"createTSError","line":587,"method":null,"native":false},{"column":19,"file":"C:\\PROJECTS\\ROLLING_SCOPES_NODE\\node_rest\\node_modules\\ts-node\\src\\index.ts","function":"reportTSError","line":591,"method":null,"native":false},{"column":36,"file":"C:\\PROJECTS\\ROLLING_SCOPES_NODE\\node_rest\\node_modules\\ts-node\\src\\index.ts","function":"getOutput","line":921,"method":null,"native":false},{"column":32,"file":"C:\\PROJECTS\\ROLLING_SCOPES_NODE\\node_rest\\node_modules\\ts-node\\src\\index.ts","function":"Object.compile","line":1189,"method":"compile","native":false},{"column":42,"file":"C:\\PROJECTS\\ROLLING_SCOPES_NODE\\node_rest\\node_modules\\ts-node\\src\\index.ts","function":"Module.m._compile","line":1295,"method":"_compile","native":false},{"column":10,"file":"internal/modules/cjs/loader.js","function":"Module._extensions..js","line":1092,"method":".js","native":false},{"column":12,"file":"C:\\PROJECTS\\ROLLING_SCOPES_NODE\\node_rest\\node_modules\\ts-node\\src\\index.ts","function":"Object.require.extensions.<computed> [as .ts]","line":1298,"method":"ts]","native":false},{"column":32,"file":"internal/modules/cjs/loader.js","function":"Module.load","line":928,"method":"load","native":false},{"column":14,"file":"internal/modules/cjs/loader.js","function":"Module._load","line":769,"method":"_load","native":false},{"column":19,"file":"internal/modules/cjs/loader.js","function":"Module.require","line":952,"method":"require","native":false}],"timestamp":"06-06 13:13:44"}
